<!DOCTYPE html PUBLIC "-//W3C//DTD XHTML 1.1//EN" "http://www.w3.org/TR/xhtml11/DTD/xhtml11.dtd">
<html xmlns="http://www.w3.org/1999/xhtml"><head><title>TestNG Report</title><style type="text/css">table {margin-bottom:10px;border-collapse:collapse;empty-cells:show}th,td {border:1px solid #009;padding:.25em .5em}th {vertical-align:bottom}td {vertical-align:top}table a {font-weight:bold}.stripe td {background-color: #E6EBF9}.num {text-align:right}.passedodd td {background-color: #3F3}.passedeven td {background-color: #0A0}.skippedodd td {background-color: #DDD}.skippedeven td {background-color: #CCC}.failedodd td,.attn {background-color: #F33}.failedeven td,.stripe .attn {background-color: #D00}.stacktrace {white-space:pre;font-family:monospace}.totop {font-size:85%;text-align:center;border-bottom:2px solid #000}</style></head><body><table><tr><th>Test</th><th># Passed</th><th># Skipped</th><th># Failed</th><th>Time (ms)</th><th>Included Groups</th><th>Excluded Groups</th></tr><tr><th colspan="7">Spark End to End Order</th></tr><tr><td><a href="#t0">Siebel InFlight </a></td><td class="num">3</td><td class="num">0</td><td class="num attn">19</td><td class="num">24,401,960</td><td></td><td></td></tr></table><table><thead><tr><th>Class</th><th>Method</th><th>Start</th><th>Time (ms)</th></tr></thead><tbody><tr><th colspan="4">Spark End to End Order</th></tr></tbody><tbody id="t0"><tr><th colspan="4">Siebel InFlight  &#8212; failed</th></tr><tr class="failedeven"><td rowspan="19">Testscript.NewOrders</td><td><a href="#m0">InflightMod</a></td><td rowspan="19">1571942113398</td><td rowspan="19">999822</td></tr><tr class="failedeven"><td><a href="#m1">InflightMod</a></td></tr><tr class="failedeven"><td><a href="#m2">InflightMod</a></td></tr><tr class="failedeven"><td><a href="#m3">InflightMod</a></td></tr><tr class="failedeven"><td><a href="#m4">InflightMod</a></td></tr><tr class="failedeven"><td><a href="#m5">InflightMod</a></td></tr><tr class="failedeven"><td><a href="#m6">InflightMod</a></td></tr><tr class="failedeven"><td><a href="#m7">InflightMod</a></td></tr><tr class="failedeven"><td><a href="#m8">InflightMod</a></td></tr><tr class="failedeven"><td><a href="#m9">InflightMod</a></td></tr><tr class="failedeven"><td><a href="#m10">InflightMod</a></td></tr><tr class="failedeven"><td><a href="#m11">InflightMod</a></td></tr><tr class="failedeven"><td><a href="#m12">InflightMod</a></td></tr><tr class="failedeven"><td><a href="#m13">InflightMod</a></td></tr><tr class="failedeven"><td><a href="#m14">InflightMod</a></td></tr><tr class="failedeven"><td><a href="#m15">InflightMod</a></td></tr><tr class="failedeven"><td><a href="#m16">InflightMod</a></td></tr><tr class="failedeven"><td><a href="#m17">InflightMod</a></td></tr><tr class="failedeven"><td><a href="#m18">InflightMod</a></td></tr><tr><th colspan="4">Siebel InFlight  &#8212; passed</th></tr><tr class="passedeven"><td rowspan="3">Testscript.NewOrders</td><td><a href="#m19">InflightMod</a></td><td rowspan="3">1571931810888</td><td rowspan="3">3799377</td></tr><tr class="passedeven"><td><a href="#m20">InflightMod</a></td></tr><tr class="passedeven"><td><a href="#m21">InflightMod</a></td></tr></tbody></table><h2>Siebel InFlight </h2><h3 id="m0">Testscript.NewOrders#InflightMod</h3><table class="result"><tr class="param"><th>Parameter #1</th></tr><tr class="param stripe"><td>[4159381, 987654, 20/09/2019, Retail, 10031, Telemaco, Chambial, Direct, Ethernet Hub, New, 1-1000080649, 10 Gbps, No, Active, Chambial, Telemaco, Colt, Colt, 43808, 43808, 43808, 12, Yes, 1, 1, 151808ES, 151808ES, , , , , , 1 Gbps, , , , , , , , , , , , , , , , , , , 45, , , RJ45, SingleMode 1310nm, , , , , , , , , , , , , , , , 43808, 43808, 43808, , Protected, Protected, Metro, 1 Gbps, , , , , , , , Schmidtstrasse, Germany, Frankfurt, 60326, 12_MEZZA_NODE, DEFRA-0000004880, FRA99903/092, Existing Building, Existing, Business Hours, Existing Colt Cabinet, 43, Physical Port, LC/PC, , , NETCOLOGNE GMBH(DE), Schmidtstrasse, Germany, Frankfurt, 60326, 12_MEZZA_NODE, DEFRA-0000004880, FRA99903/092, Existing Building, Existing, Business Hours, Existing Colt Cabinet, 43, Physical Port, LC/PC, , , Ethernet over MSP, Ethernet over MSP, , , , , , , , , , , , , , , , , , , , , , , , , , , , , , , , , , , , , , , , , , , , , , , , , , , , , , , , , , , , , , , , , , , null, Ethernet Hub, Yes]</td></tr><tr><th>Exception</th></tr><tr><td><div class="stacktrace">org.openqa.selenium.TimeoutException: Expected condition failed: waiting for Driver.DriverHelper$3@6155d5e0 (tried for 180 second(s) with 20 SECONDS interval)
	at org.openqa.selenium.support.ui.FluentWait.timeoutException(FluentWait.java:264)
	at org.openqa.selenium.support.ui.FluentWait.until(FluentWait.java:232)
	at Driver.DriverHelper.getwebelement(DriverHelper.java:342)
	at ScriptHelper.NewOrderOnnetHelper.installationCharges(NewOrderOnnetHelper.java:6091)
	at Testscript.NewOrders.InflightMod(NewOrders.java:531)
	at java.util.concurrent.FutureTask.run(Unknown Source)
	at java.util.concurrent.Executors$RunnableAdapter.call(Unknown Source)
	at java.util.concurrent.FutureTask.run(Unknown Source)
	at java.util.concurrent.ThreadPoolExecutor.runWorker(Unknown Source)
	at java.util.concurrent.ThreadPoolExecutor$Worker.run(Unknown Source)
	at java.lang.Thread.run(Unknown Source)
Caused by: org.openqa.selenium.NoSuchElementException: no such element: Unable to locate element: {&quot;method&quot;:&quot;xpath&quot;,&quot;selector&quot;:&quot;//table[@summary=&quot;Service Charges&quot;]/tbody/tr[5]/td[6]/span&quot;}
  (Session info: chrome=77.0.3865.120)
  (Driver info: chromedriver=2.40.565498 (ea082db3280dd6843ebfb08a625e3eb905c4f5ab),platform=Windows NT 6.1.7601 SP1 x86_64) (WARNING: The server did not provide any stacktrace information)
Command duration or timeout: 20 milliseconds
For documentation on this error, please visit: http://seleniumhq.org/exceptions/no_such_element.html
Build info: version: &apos;3.4.0&apos;, revision: &apos;unknown&apos;, time: &apos;unknown&apos;
System info: host: &apos;ULVMCTMTTL103&apos;, ip: &apos;10.44.33.64&apos;, os.name: &apos;Windows Server 2008 R2&apos;, os.arch: &apos;amd64&apos;, os.version: &apos;6.1&apos;, java.version: &apos;1.8.0_191&apos;
Driver info: org.openqa.selenium.chrome.ChromeDriver
Capabilities [{applicationCacheEnabled=false, rotatable=false, mobileEmulationEnabled=false, networkConnectionEnabled=false, chrome={chromedriverVersion=2.40.565498 (ea082db3280dd6843ebfb08a625e3eb905c4f5ab), userDataDir=C:\Users\ASHARM~2\AppData\Local\Temp\6\scoped_dir7744_15987}, takesHeapSnapshot=true, pageLoadStrategy=none, databaseEnabled=false, handlesAlerts=true, hasTouchScreen=false, version=77.0.3865.120, platform=XP, browserConnectionEnabled=false, nativeEvents=true, acceptSslCerts=false, acceptInsecureCerts=false, locationContextEnabled=true, webStorageEnabled=true, browserName=chrome, takesScreenshot=true, javascriptEnabled=true, cssSelectorsEnabled=true, setWindowRect=true, unexpectedAlertBehaviour=}]
Session ID: 71f9652ccd02c71e3f6e45f2c5e26a84
*** Element info: {Using=xpath, value=//table[@summary=&quot;Service Charges&quot;]/tbody/tr[5]/td[6]/span}
	at org.openqa.selenium.remote.ErrorHandler.createThrowable(ErrorHandler.java:215)
	at org.openqa.selenium.remote.ErrorHandler.throwIfResponseFailed(ErrorHandler.java:167)
	at org.openqa.selenium.remote.RemoteWebDriver.execute(RemoteWebDriver.java:671)
	at org.openqa.selenium.remote.RemoteWebDriver.findElement(RemoteWebDriver.java:410)
	at org.openqa.selenium.remote.RemoteWebDriver.findElementByXPath(RemoteWebDriver.java:509)
	at org.openqa.selenium.By$ByXPath.findElement(By.java:361)
	at org.openqa.selenium.remote.RemoteWebDriver.findElement(RemoteWebDriver.java:402)
	at Driver.DriverHelper$3.apply(DriverHelper.java:344)
	at Driver.DriverHelper$3.apply(DriverHelper.java:1)
	at org.openqa.selenium.support.ui.FluentWait.until(FluentWait.java:209)
	... 18 more
... Removed 12 stack frames</div></td></tr></table><p class="totop"><a href="#summary">back to summary</a></p><h3 id="m1">Testscript.NewOrders#InflightMod</h3><table class="result"><tr class="param"><th>Parameter #1</th></tr><tr class="param stripe"><td>[4159381, 987654, 19/09/2019, Retail, 10031, Telemaco, Chambial, Direct, Dark Fibre, New, 1-1000080649, No, No, Active, Chambial, Telemaco, Colt, Colt, 19/09/2019, 19/09/2019, 19/09/2019, 12, Yes, 1, 2, 151808ES, 151808ES, Primary, Layer 1, Y, OCN, ROE32, 100 Mbps, NA, NA, , , , Legacy, , , , , , N/A, NA, NA, NA, , , 24, 45, , , RJ45, SingleMode 1310nm, , , , , , , , , , , 1211, 1133, Party Id, K0124982, , 19/09/2019, 19/09/2019, 19/09/2019, , Protected, Protected, , , , , , , , , , Schmidtstrasse, Germany, Frankfurt, 60326, 12_MEZZA_NODE, , , NA, NA, Business Hours, Customer Cabinet, 43, , 10BaseT, No, 9000, RJ45, Schmidtstrasse, Germany, Frankfurt, 60326, , , , NA, NA, Business Hours, Existing Colt Cabinet, 49, 4453, 10BaseT, NA, , , , DFR-210774677, , , , , , , , , , , , , , , , , , , , , , , , , , , NA, NA, N/A, No, None, No, No, None, No, , , , , , , , , , , , , , , , , , , , , , , 122, 33, , , , , , , null, Dark Fibre, Yes]</td></tr><tr><th>Exception</th></tr><tr><td><div class="stacktrace">org.openqa.selenium.TimeoutException: Expected condition failed: waiting for element to be clickable: By.xpath: //span[text()=&apos;Street Name&apos;]/parent::div/input (tried for 180 second(s) with 20 SECONDS interval)
	at org.openqa.selenium.support.ui.FluentWait.timeoutException(FluentWait.java:264)
	at org.openqa.selenium.support.ui.FluentWait.until(FluentWait.java:232)
	at Driver.DriverHelper.WaitforElementtobeclickable(DriverHelper.java:166)
	at ScriptHelper.NewOrderOnnetHelper.SearchSiteBEntry(NewOrderOnnetHelper.java:6461)
	at ScriptHelper.NewOrderOnnetHelper.enterMandatoryDetailsInMiddleApplet(NewOrderOnnetHelper.java:1730)
	at Testscript.NewOrders.InflightMod(NewOrders.java:557)
	at java.util.concurrent.FutureTask.run(Unknown Source)
	at java.util.concurrent.Executors$RunnableAdapter.call(Unknown Source)
	at java.util.concurrent.FutureTask.run(Unknown Source)
	at java.util.concurrent.ThreadPoolExecutor.runWorker(Unknown Source)
	at java.util.concurrent.ThreadPoolExecutor$Worker.run(Unknown Source)
	at java.lang.Thread.run(Unknown Source)
Caused by: org.openqa.selenium.NoSuchElementException: Cannot locate an element using By.xpath: //span[text()=&apos;Street Name&apos;]/parent::div/input
For documentation on this error, please visit: http://seleniumhq.org/exceptions/no_such_element.html
Build info: version: &apos;3.4.0&apos;, revision: &apos;unknown&apos;, time: &apos;unknown&apos;
System info: host: &apos;ULVMCTMTTL103&apos;, ip: &apos;10.44.33.64&apos;, os.name: &apos;Windows Server 2008 R2&apos;, os.arch: &apos;amd64&apos;, os.version: &apos;6.1&apos;, java.version: &apos;1.8.0_191&apos;
Driver info: driver.version: unknown
	at org.openqa.selenium.support.ui.ExpectedConditions.lambda$findElement$0(ExpectedConditions.java:883)
	at java.util.Optional.orElseThrow(Unknown Source)
	at org.openqa.selenium.support.ui.ExpectedConditions.findElement(ExpectedConditions.java:882)
	at org.openqa.selenium.support.ui.ExpectedConditions.access$000(ExpectedConditions.java:44)
	at org.openqa.selenium.support.ui.ExpectedConditions$7.apply(ExpectedConditions.java:206)
	at org.openqa.selenium.support.ui.ExpectedConditions$7.apply(ExpectedConditions.java:202)
	at org.openqa.selenium.support.ui.ExpectedConditions$22.apply(ExpectedConditions.java:644)
	at org.openqa.selenium.support.ui.ExpectedConditions$22.apply(ExpectedConditions.java:641)
	at org.openqa.selenium.support.ui.FluentWait.until(FluentWait.java:209)
	... 19 more
... Removed 9 stack frames</div></td></tr></table><p class="totop"><a href="#summary">back to summary</a></p><h3 id="m2">Testscript.NewOrders#InflightMod</h3><table class="result"><tr class="param"><th>Parameter #1</th></tr><tr class="param stripe"><td>[4159381, 987654, 20/09/2019, Retail, 10031, Telemaco, Chambial, Direct, DCA Ethernet, New, 1-1000080649, No, No, Active, Chambial, Telemaco, Colt, Colt, 19/09/2019, 19/09/2019, 19/09/2019, 1, Yes, 1, 2, 151808ES, 151808ES, Primary, Layer 1, Y, OCN, ROE32, 100 Mbps, NA, NA, , , , Legacy, , , , , , N/A, NA, NA, NA, , , 24, 45, , , RJ45, SingleMode 1310nm, mew, 652, 852, 9868, 9853, 10 Mbps, 963, NA, Microsoft Azure, 1258, NA, NA, Party Id, K0124982, , 19/09/2019, 19/09/2019, 19/09/2019, , Protected, Protected, NA, N/A, NA, N/A, No, No, Ethernet over Fibre, Colt Fibre, Existing Building, Schmidtstrasse, Germany, Frankfurt, 60326, 12_MEZZA_NODE, , Customer, NA, NA, Business Hours, Customer Cabinet, NA, , 10BaseT, NA, NA, RJ45, Schmidtstrasse, Germany, Berlin, 10115, , , , NA, NA, Business Hours, Existing Colt Cabinet, NA, 4453, 10BaseT, NA, , , , MultiMode 850nm, , Ethernet over Fibre, No, Existing Building, N/A, NA, NA, Customer Cabinet, nothing, kiuh, N, Private, 962, 741258, , , , , , , , , , , , , NA, NA, N/A, No, No, No, No, None, No, , , , , , , , , , , , , , , , , , , , , , , , , , , , , , , null, DCA Ehternet, Yes]</td></tr><tr><th>Exception</th></tr><tr><td><div class="stacktrace">org.openqa.selenium.TimeoutException: Expected condition failed: waiting for Driver.DriverHelper$3@18ac9ac0 (tried for 180 second(s) with 20 SECONDS interval)
	at org.openqa.selenium.support.ui.FluentWait.timeoutException(FluentWait.java:264)
	at org.openqa.selenium.support.ui.FluentWait.until(FluentWait.java:232)
	at Driver.DriverHelper.getwebelement(DriverHelper.java:342)
	at ScriptHelper.NewOrderOnnetHelper.PrivateEthernetMiddleAplet(NewOrderOnnetHelper.java:6655)
	at ScriptHelper.NewOrderOnnetHelper.enterMandatoryDetailsInMiddleApplet(NewOrderOnnetHelper.java:1750)
	at Testscript.NewOrders.InflightMod(NewOrders.java:557)
	at java.util.concurrent.FutureTask.run(Unknown Source)
	at java.util.concurrent.Executors$RunnableAdapter.call(Unknown Source)
	at java.util.concurrent.FutureTask.run(Unknown Source)
	at java.util.concurrent.ThreadPoolExecutor.runWorker(Unknown Source)
	at java.util.concurrent.ThreadPoolExecutor$Worker.run(Unknown Source)
	at java.lang.Thread.run(Unknown Source)
Caused by: org.openqa.selenium.NoSuchElementException: no such element: Unable to locate element: {&quot;method&quot;:&quot;xpath&quot;,&quot;selector&quot;:&quot;//ul[contains(@style,&apos;block&apos;)]//li[text()=&apos;Metro&apos;]&quot;}
  (Session info: chrome=77.0.3865.120)
  (Driver info: chromedriver=2.40.565498 (ea082db3280dd6843ebfb08a625e3eb905c4f5ab),platform=Windows NT 6.1.7601 SP1 x86_64) (WARNING: The server did not provide any stacktrace information)
Command duration or timeout: 47 milliseconds
For documentation on this error, please visit: http://seleniumhq.org/exceptions/no_such_element.html
Build info: version: &apos;3.4.0&apos;, revision: &apos;unknown&apos;, time: &apos;unknown&apos;
System info: host: &apos;ULVMCTMTTL103&apos;, ip: &apos;10.44.33.64&apos;, os.name: &apos;Windows Server 2008 R2&apos;, os.arch: &apos;amd64&apos;, os.version: &apos;6.1&apos;, java.version: &apos;1.8.0_191&apos;
Driver info: org.openqa.selenium.chrome.ChromeDriver
Capabilities [{applicationCacheEnabled=false, rotatable=false, mobileEmulationEnabled=false, networkConnectionEnabled=false, chrome={chromedriverVersion=2.40.565498 (ea082db3280dd6843ebfb08a625e3eb905c4f5ab), userDataDir=C:\Users\ASHARM~2\AppData\Local\Temp\6\scoped_dir12952_10575}, takesHeapSnapshot=true, pageLoadStrategy=none, databaseEnabled=false, handlesAlerts=true, hasTouchScreen=false, version=77.0.3865.120, platform=XP, browserConnectionEnabled=false, nativeEvents=true, acceptSslCerts=false, acceptInsecureCerts=false, locationContextEnabled=true, webStorageEnabled=true, browserName=chrome, takesScreenshot=true, javascriptEnabled=true, cssSelectorsEnabled=true, setWindowRect=true, unexpectedAlertBehaviour=}]
Session ID: 98af983840ce4ec18ed1979b45ddfdb6
*** Element info: {Using=xpath, value=//ul[contains(@style,&apos;block&apos;)]//li[text()=&apos;Metro&apos;]}
	at org.openqa.selenium.remote.ErrorHandler.createThrowable(ErrorHandler.java:215)
	at org.openqa.selenium.remote.ErrorHandler.throwIfResponseFailed(ErrorHandler.java:167)
	at org.openqa.selenium.remote.RemoteWebDriver.execute(RemoteWebDriver.java:671)
	at org.openqa.selenium.remote.RemoteWebDriver.findElement(RemoteWebDriver.java:410)
	at org.openqa.selenium.remote.RemoteWebDriver.findElementByXPath(RemoteWebDriver.java:509)
	at org.openqa.selenium.By$ByXPath.findElement(By.java:361)
	at org.openqa.selenium.remote.RemoteWebDriver.findElement(RemoteWebDriver.java:402)
	at Driver.DriverHelper$3.apply(DriverHelper.java:344)
	at Driver.DriverHelper$3.apply(DriverHelper.java:1)
	at org.openqa.selenium.support.ui.FluentWait.until(FluentWait.java:209)
	... 19 more
... Removed 12 stack frames</div></td></tr></table><p class="totop"><a href="#summary">back to summary</a></p><h3 id="m3">Testscript.NewOrders#InflightMod</h3><table class="result"><tr class="param"><th>Parameter #1</th></tr><tr class="param stripe"><td>[4159381, 987654, 25/09/2019, Retail, 10031, Telemaco, Chambial, Direct, Voice Line V, New, , No, No, Active, Chambial, Telemaco, Colt, Colt Primary &amp; Secondary, 25/09/2019, 25/09/2019, 25/09/2019, 12, Yes, 1, 1, 151808ES, 151808ES, , , , , , , , , , 1234, Managed Router, Legacy, No Resilience, 1 Mbps, Managed Router, Colt Fibre, Ethernet over MSP, , Existing Building, Existing, 112, Existing Colt Cabinet, 45, 23, 10, 12, 1000BASE-LX, LC, SingleMode 1310nm, Business Hours, , United Kingdom, NA, UK_EC2A-3EZ_KING JOHN COURT_1_F_SWITCH, Buckingham Avenue Slough, United Kingdom, London, SL1 4AX, 1, IPv4 format only, Provider Aggregated IP (PA), /29 (8), COLT, A0147177, 25/09/2019, 25/09/2019, 25/09/2019, Voice_Line, VODAFONE(UK), 12345, Tier 1, Austria, E.164 All International with +, Multi-Site, 151808ES, 151808ES, 12, No, 2 Chun Yat Street, Tseung Kwan O, Hong Kong, Hong Kong, 00000, NA, Business Hours, Existing Colt Cabinet, 43, Physical Port, LC/PC, , , NETCOLOGNE GMBH(DE), 2 Chun Yat Street, Tseung Kwan O, Hong Kong, Hong Kong, 00000, NA, HKHON-0000112097, HKG0000112097/002, Existing Building, Existing, Business Hours, Existing Colt Cabinet, 43, Physical Port, LC/PC, , , Ethernet over NGN, Ethernet over NGN, , , , , , , , , , , , , , , , , , , , , , , , , , , , , , , , , , , , , , , , , , , , , , , , , , , , , , , , , , , , , , , , , , , , , , , , null, Voice Line V On net, Yes]</td></tr><tr><th>Exception</th></tr><tr><td><div class="stacktrace">org.openqa.selenium.TimeoutException: Expected condition failed: waiting for Driver.DriverHelper$3@4dad2d4c (tried for 180 second(s) with 20 SECONDS interval)
	at org.openqa.selenium.support.ui.FluentWait.timeoutException(FluentWait.java:264)
	at org.openqa.selenium.support.ui.FluentWait.until(FluentWait.java:232)
	at Driver.DriverHelper.getwebelement(DriverHelper.java:342)
	at ScriptHelper.NewOrderOnnetHelper.enterMandatoryFieldsInHeader(NewOrderOnnetHelper.java:315)
	at Testscript.NewOrders.InflightMod(NewOrders.java:550)
	at java.util.concurrent.FutureTask.run(Unknown Source)
	at java.util.concurrent.Executors$RunnableAdapter.call(Unknown Source)
	at java.util.concurrent.FutureTask.run(Unknown Source)
	at java.util.concurrent.ThreadPoolExecutor.runWorker(Unknown Source)
	at java.util.concurrent.ThreadPoolExecutor$Worker.run(Unknown Source)
	at java.lang.Thread.run(Unknown Source)
Caused by: org.openqa.selenium.NoSuchElementException: no such element: Unable to locate element: {&quot;method&quot;:&quot;xpath&quot;,&quot;selector&quot;:&quot;//button[@title=&apos;Pick Network Reference:New&apos;]&quot;}
  (Session info: chrome=77.0.3865.120)
  (Driver info: chromedriver=2.40.565498 (ea082db3280dd6843ebfb08a625e3eb905c4f5ab),platform=Windows NT 6.1.7601 SP1 x86_64) (WARNING: The server did not provide any stacktrace information)
Command duration or timeout: 31 milliseconds
For documentation on this error, please visit: http://seleniumhq.org/exceptions/no_such_element.html
Build info: version: &apos;3.4.0&apos;, revision: &apos;unknown&apos;, time: &apos;unknown&apos;
System info: host: &apos;ULVMCTMTTL103&apos;, ip: &apos;10.44.33.64&apos;, os.name: &apos;Windows Server 2008 R2&apos;, os.arch: &apos;amd64&apos;, os.version: &apos;6.1&apos;, java.version: &apos;1.8.0_191&apos;
Driver info: org.openqa.selenium.chrome.ChromeDriver
Capabilities [{applicationCacheEnabled=false, rotatable=false, mobileEmulationEnabled=false, networkConnectionEnabled=false, chrome={chromedriverVersion=2.40.565498 (ea082db3280dd6843ebfb08a625e3eb905c4f5ab), userDataDir=C:\Users\ASHARM~2\AppData\Local\Temp\6\scoped_dir18156_39}, takesHeapSnapshot=true, pageLoadStrategy=none, databaseEnabled=false, handlesAlerts=true, hasTouchScreen=false, version=77.0.3865.120, platform=XP, browserConnectionEnabled=false, nativeEvents=true, acceptSslCerts=false, acceptInsecureCerts=false, locationContextEnabled=true, webStorageEnabled=true, browserName=chrome, takesScreenshot=true, javascriptEnabled=true, cssSelectorsEnabled=true, setWindowRect=true, unexpectedAlertBehaviour=}]
Session ID: 72863eb4329bd1317547247c3864459b
*** Element info: {Using=xpath, value=//button[@title=&apos;Pick Network Reference:New&apos;]}
	at org.openqa.selenium.remote.ErrorHandler.createThrowable(ErrorHandler.java:215)
	at org.openqa.selenium.remote.ErrorHandler.throwIfResponseFailed(ErrorHandler.java:167)
	at org.openqa.selenium.remote.RemoteWebDriver.execute(RemoteWebDriver.java:671)
	at org.openqa.selenium.remote.RemoteWebDriver.findElement(RemoteWebDriver.java:410)
	at org.openqa.selenium.remote.RemoteWebDriver.findElementByXPath(RemoteWebDriver.java:509)
	at org.openqa.selenium.By$ByXPath.findElement(By.java:361)
	at org.openqa.selenium.remote.RemoteWebDriver.findElement(RemoteWebDriver.java:402)
	at Driver.DriverHelper$3.apply(DriverHelper.java:344)
	at Driver.DriverHelper$3.apply(DriverHelper.java:1)
	at org.openqa.selenium.support.ui.FluentWait.until(FluentWait.java:209)
	... 18 more
... Removed 12 stack frames</div></td></tr></table><p class="totop"><a href="#summary">back to summary</a></p><h3 id="m4">Testscript.NewOrders#InflightMod</h3><table class="result"><tr class="param"><th>Parameter #1</th></tr><tr class="param stripe"><td>[4159381, 987654, 26/12/2018, Retail, 10031, Telemaco, Chambial, Direct, IP VPN Service, New, 1-1000080649, SWIFTNet, No, Active, Chambial, Telemaco, Colt, Colt, 43505, 43505, 43505, 1, Yes, 1, 2, 151808ES, 151808ES, Any to Any (full mesh), IPv4 only, IP VPN Site, , , Managed Physical Router, , , , 1234, Managed Router, Legacy, No Resilience, 1 Mbps, Managed Router, Colt Fibre, Ethernet, , Existing Building, Existing, 112, Existing Colt Cabinet, 45, 24, 12, , 1000BaseLX, LC, SingleMode 1310nm, Business Hours, Type 1, NA, NA, UK_EC2A-3EZ_KING JOHN COURT_1_F_SWITCH, Buckingham Avenue Slough, United Kingdom, London, SL1 4AX, 1, , , , , , 43505, 43505, 43505, , , , , , , , , , , , , , , , , Abandoned, Order not needed, , , , , , , , , , , , , , , , , , , , , , , , , , , , , , , , , , , , , , , , , , , , , , , , , , , , , , , , , , , , , , , , , , , , , , , , , , , , , , , , , , , , , , , , , , , , , , 3 Mbps, , IP VPN, null, SWIFTNet-OnNet, Yes]</td></tr><tr><th>Exception</th></tr><tr><td><div class="stacktrace">org.openqa.selenium.TimeoutException: Expected condition failed: waiting for element to be clickable: By.xpath: //a[text()=&apos;Click here to save your product configuration.&apos;] (tried for 180 second(s) with 20 SECONDS interval)
	at org.openqa.selenium.support.ui.FluentWait.timeoutException(FluentWait.java:264)
	at org.openqa.selenium.support.ui.FluentWait.until(FluentWait.java:232)
	at Driver.DriverHelper.WaitforElementtobeclickable(DriverHelper.java:166)
	at ScriptHelper.InFlightOrderHelper.PlusAccessWHSwifPrizm(InFlightOrderHelper.java:495)
	at ScriptHelper.InFlightOrderHelper.ServiceTabInFlight(InFlightOrderHelper.java:450)
	at Testscript.NewOrders.InflightMod(NewOrders.java:576)
	at java.util.concurrent.FutureTask.run(Unknown Source)
	at java.util.concurrent.Executors$RunnableAdapter.call(Unknown Source)
	at java.util.concurrent.FutureTask.run(Unknown Source)
	at java.util.concurrent.ThreadPoolExecutor.runWorker(Unknown Source)
	at java.util.concurrent.ThreadPoolExecutor$Worker.run(Unknown Source)
	at java.lang.Thread.run(Unknown Source)
Caused by: org.openqa.selenium.NoSuchElementException: Cannot locate an element using By.xpath: //a[text()=&apos;Click here to save your product configuration.&apos;]
For documentation on this error, please visit: http://seleniumhq.org/exceptions/no_such_element.html
Build info: version: &apos;3.4.0&apos;, revision: &apos;unknown&apos;, time: &apos;unknown&apos;
System info: host: &apos;ULVMCTMTTL103&apos;, ip: &apos;10.44.33.64&apos;, os.name: &apos;Windows Server 2008 R2&apos;, os.arch: &apos;amd64&apos;, os.version: &apos;6.1&apos;, java.version: &apos;1.8.0_191&apos;
Driver info: driver.version: unknown
	at org.openqa.selenium.support.ui.ExpectedConditions.lambda$findElement$0(ExpectedConditions.java:883)
	at java.util.Optional.orElseThrow(Unknown Source)
	at org.openqa.selenium.support.ui.ExpectedConditions.findElement(ExpectedConditions.java:882)
	at org.openqa.selenium.support.ui.ExpectedConditions.access$000(ExpectedConditions.java:44)
	at org.openqa.selenium.support.ui.ExpectedConditions$7.apply(ExpectedConditions.java:206)
	at org.openqa.selenium.support.ui.ExpectedConditions$7.apply(ExpectedConditions.java:202)
	at org.openqa.selenium.support.ui.ExpectedConditions$22.apply(ExpectedConditions.java:644)
	at org.openqa.selenium.support.ui.ExpectedConditions$22.apply(ExpectedConditions.java:641)
	at org.openqa.selenium.support.ui.FluentWait.until(FluentWait.java:209)
	... 18 more
... Removed 8 stack frames</div></td></tr></table><p class="totop"><a href="#summary">back to summary</a></p><h3 id="m5">Testscript.NewOrders#InflightMod</h3><table class="result"><tr class="param"><th>Parameter #1</th></tr><tr class="param stripe"><td>[4159381, 987654, 20/09/2019, Retail, 10031, Telemaco, Chambial, Direct, Ethernet Spoke, New, 1-1000080649, , No, Active, Chambial, Telemaco, Colt, Colt, 43808, 43808, 43808, 12, Yes, 1, 1, 151808ES, 151808ES, , , , , , 100 Mbps, , , , , , , , , , , , , , , , , , , , , , , , , , , , , , , , , , , , , , , 43808, 43808, 43808, , Unprotected, Protected, Metro, 60 Mbps, , , , , , , , Schmidtstrasse, Germany, Frankfurt, 60326, 12_MEZZA_NODE, DEFRA-0000004880, FRA99903/092, Existing Building, Existing, Business Hours, Existing Colt Cabinet, 43, Physical Port, LC/PC, , , NETCOLOGNE GMBH(DE), Schmidtstrasse, Germany, Frankfurt, 60326, 12_MEZZA_NODE, DEFRA-0000004880, FRA99903/092, Existing Building, Existing, Business Hours, Existing Colt Cabinet, 43, Physical Port, LC/PC, , 850, Ethernet over MSP, Ethernet over MSP, HNS-871616103, , , , , , , , , , , , , , , , , , , , , , , , , , , , , , , , , , , , , , , , , , , , , , , , , , , , , , , , , , , , , , , , , , null, Ethernet Spoke, Yes]</td></tr><tr><th>Exception</th></tr><tr><td><div class="stacktrace">org.openqa.selenium.TimeoutException: Expected condition failed: waiting for element to be clickable: [[ChromeDriver: chrome on XP (6235f16e663c62d857648f032dbf1152)] -&gt; xpath: //button[@title=&quot;Pick Network Reference:OK&quot;]] (tried for 180 second(s) with 20 SECONDS interval)
Build info: version: &apos;3.4.0&apos;, revision: &apos;unknown&apos;, time: &apos;unknown&apos;
System info: host: &apos;ULVMCTMTTL103&apos;, ip: &apos;10.44.33.64&apos;, os.name: &apos;Windows Server 2008 R2&apos;, os.arch: &apos;amd64&apos;, os.version: &apos;6.1&apos;, java.version: &apos;1.8.0_191&apos;
Driver info: driver.version: unknown
	at org.openqa.selenium.support.ui.FluentWait.timeoutException(FluentWait.java:264)
	at org.openqa.selenium.support.ui.FluentWait.until(FluentWait.java:232)
	at Driver.DriverHelper$3.apply(DriverHelper.java:345)
	at Driver.DriverHelper$3.apply(DriverHelper.java:1)
	at org.openqa.selenium.support.ui.FluentWait.until(FluentWait.java:209)
	at Driver.DriverHelper.getwebelement(DriverHelper.java:342)
	at ScriptHelper.NewOrderOnnetHelper.enterMandatoryFieldsInHeader(NewOrderOnnetHelper.java:275)
	at Testscript.NewOrders.InflightMod(NewOrders.java:539)
	at java.util.concurrent.FutureTask.run(Unknown Source)
	at java.util.concurrent.Executors$RunnableAdapter.call(Unknown Source)
	at java.util.concurrent.FutureTask.run(Unknown Source)
	at java.util.concurrent.ThreadPoolExecutor.runWorker(Unknown Source)
	at java.util.concurrent.ThreadPoolExecutor$Worker.run(Unknown Source)
	at java.lang.Thread.run(Unknown Source)
... Removed 9 stack frames</div></td></tr></table><p class="totop"><a href="#summary">back to summary</a></p><h3 id="m6">Testscript.NewOrders#InflightMod</h3><table class="result"><tr class="param"><th>Parameter #1</th></tr><tr class="param stripe"><td>[4159381, 987654, 26/12/2018, Retail, 10031, Telemaco, Chambial, Direct, Ethernet Line, New, 1-1000080649, 500 Mbps, No, Active, Chambial, Telemaco, Colt, Colt, 43808, 43808, 43808, 12, Yes, 1, 1, 151808ES, 151808ES, , , , , , 1 Gbps, , , , , , , , , , , , , , , , , , , , , , , , , , , , , , , , , , , , , , , 43808, 43808, 43808, , Protected, Protected, Metro, 1 Gbps, , , , , , , , Schmidtstrasse, Germany, Frankfurt, 60326, 12_MEZZA_NODE, DEFRA-0000004880, FRA99903/092, Existing Building, Existing, Business Hours, Existing Colt Cabinet, 43, Physical Port, LC/PC, , , NETCOLOGNE GMBH(DE), Schmidtstrasse, Germany, Frankfurt, 60326, 12_MEZZA_NODE, DEFRA-0000004880, FRA99903/092, Existing Building, Existing, Business Hours, Existing Colt Cabinet, 43, Physical Port, LC/PC, , , Ethernet over MSP, Ethernet over MSP, , , , , , , , , , , , , , , , , , , , , , , , , , , , , , , , , , , , , , , , , , , , , , , , , , , , , , , , , , , , , , , , , , , null, Etherline Onnet, Yes]</td></tr><tr><th>Exception</th></tr><tr><td><div class="stacktrace">org.openqa.selenium.TimeoutException: Expected condition failed: waiting for element to be clickable: By.xpath: //div[@id=&apos;colt-workflows-selection-popup-content&apos;]//input (tried for 180 second(s) with 20 SECONDS interval)
	at org.openqa.selenium.support.ui.FluentWait.timeoutException(FluentWait.java:264)
	at org.openqa.selenium.support.ui.FluentWait.until(FluentWait.java:232)
	at Driver.DriverHelper.WaitforElementtobeclickable(DriverHelper.java:166)
	at ScriptHelper.NewOrderOnnetHelper.TechnicalValidation(NewOrderOnnetHelper.java:4481)
	at Testscript.NewOrders.InflightMod(NewOrders.java:572)
	at java.util.concurrent.FutureTask.run(Unknown Source)
	at java.util.concurrent.Executors$RunnableAdapter.call(Unknown Source)
	at java.util.concurrent.FutureTask.run(Unknown Source)
	at java.util.concurrent.ThreadPoolExecutor.runWorker(Unknown Source)
	at java.util.concurrent.ThreadPoolExecutor$Worker.run(Unknown Source)
	at java.lang.Thread.run(Unknown Source)
Caused by: org.openqa.selenium.NoSuchElementException: Cannot locate an element using By.xpath: //div[@id=&apos;colt-workflows-selection-popup-content&apos;]//input
For documentation on this error, please visit: http://seleniumhq.org/exceptions/no_such_element.html
Build info: version: &apos;3.4.0&apos;, revision: &apos;unknown&apos;, time: &apos;unknown&apos;
System info: host: &apos;ULVMCTMTTL103&apos;, ip: &apos;10.44.33.64&apos;, os.name: &apos;Windows Server 2008 R2&apos;, os.arch: &apos;amd64&apos;, os.version: &apos;6.1&apos;, java.version: &apos;1.8.0_191&apos;
Driver info: driver.version: unknown
	at org.openqa.selenium.support.ui.ExpectedConditions.lambda$findElement$0(ExpectedConditions.java:883)
	at java.util.Optional.orElseThrow(Unknown Source)
	at org.openqa.selenium.support.ui.ExpectedConditions.findElement(ExpectedConditions.java:882)
	at org.openqa.selenium.support.ui.ExpectedConditions.access$000(ExpectedConditions.java:44)
	at org.openqa.selenium.support.ui.ExpectedConditions$7.apply(ExpectedConditions.java:206)
	at org.openqa.selenium.support.ui.ExpectedConditions$7.apply(ExpectedConditions.java:202)
	at org.openqa.selenium.support.ui.ExpectedConditions$22.apply(ExpectedConditions.java:644)
	at org.openqa.selenium.support.ui.ExpectedConditions$22.apply(ExpectedConditions.java:641)
	at org.openqa.selenium.support.ui.FluentWait.until(FluentWait.java:209)
	... 18 more
... Removed 9 stack frames</div></td></tr></table><p class="totop"><a href="#summary">back to summary</a></p><h3 id="m7">Testscript.NewOrders#InflightMod</h3><table class="result"><tr class="param"><th>Parameter #1</th></tr><tr class="param stripe"><td>[4159381, 987654, 26/12/2019, Reseller, 10031, Telemaco, Chambial, Direct, Number Hosting, New, 1-1000080649, No, No, Active, Chambial, Telemaco, Colt, Colt, 16/12/2019, 16/12/2019, 16/12/2019, 12, Yes, 1, 1, 151808ES, 151808ES, , , , , , , , , , , , , , , , , , , , , , , , , , , , , , , , , , , , , , , , , , , , , 16/12/2019, 16/12/2019, 16/12/2019, , 151808ES, Austria, Both ways, G.722.1, G.722.1, China, Colt Access, TCP, SIP-I, TLS on, SRTP off, TLS_RSA_WITH_3DES_EDE_CBC_SHA (Priority 2), Colt, Individual Trunk CAC, POP Resilience, Abandoned, Abandoned, Order not needed, NETCOLOGNE GMBH(DE), 2 Chun Yat Street, Tseung Kwan O, Hong Kong, Hong Kong, 00000, NA, HKHON-0000112097, HKG0000112097/002, Existing Building, Existing, Business Hours, Existing Colt Cabinet, 43, Physical Port, LC/PC, , , Ethernet over NGN, Ethernet over NGN, , , , , , , , , , , , , , , , , , , , , , , , , , , , , , , , , , , , , , , , , , , , , , , , , , , , , , , , , , , , , , , , , , , , , , , , , , , , , , null, Number Hosting-On net, Yes]</td></tr><tr><th>Exception</th></tr><tr><td><div class="stacktrace">org.openqa.selenium.TimeoutException: Expected condition failed: waiting for Driver.DriverHelper$3@712c0ce7 (tried for 180 second(s) with 20 SECONDS interval)
	at org.openqa.selenium.support.ui.FluentWait.timeoutException(FluentWait.java:264)
	at org.openqa.selenium.support.ui.FluentWait.until(FluentWait.java:232)
	at Driver.DriverHelper.getwebelement(DriverHelper.java:342)
	at ScriptHelper.NewOrderOnnetHelper.enterMandatoryDetailsInMiddleApplet(NewOrderOnnetHelper.java:3462)
	at Testscript.NewOrders.InflightMod(NewOrders.java:557)
	at java.util.concurrent.FutureTask.run(Unknown Source)
	at java.util.concurrent.Executors$RunnableAdapter.call(Unknown Source)
	at java.util.concurrent.FutureTask.run(Unknown Source)
	at java.util.concurrent.ThreadPoolExecutor.runWorker(Unknown Source)
	at java.util.concurrent.ThreadPoolExecutor$Worker.run(Unknown Source)
	at java.lang.Thread.run(Unknown Source)
Caused by: org.openqa.selenium.NoSuchElementException: no such element: Unable to locate element: {&quot;method&quot;:&quot;xpath&quot;,&quot;selector&quot;:&quot;//li[text()=&apos;Austria&apos;]&quot;}
  (Session info: chrome=77.0.3865.120)
  (Driver info: chromedriver=2.40.565498 (ea082db3280dd6843ebfb08a625e3eb905c4f5ab),platform=Windows NT 6.1.7601 SP1 x86_64) (WARNING: The server did not provide any stacktrace information)
Command duration or timeout: 47 milliseconds
For documentation on this error, please visit: http://seleniumhq.org/exceptions/no_such_element.html
Build info: version: &apos;3.4.0&apos;, revision: &apos;unknown&apos;, time: &apos;unknown&apos;
System info: host: &apos;ULVMCTMTTL103&apos;, ip: &apos;10.44.33.64&apos;, os.name: &apos;Windows Server 2008 R2&apos;, os.arch: &apos;amd64&apos;, os.version: &apos;6.1&apos;, java.version: &apos;1.8.0_191&apos;
Driver info: org.openqa.selenium.chrome.ChromeDriver
Capabilities [{applicationCacheEnabled=false, rotatable=false, mobileEmulationEnabled=false, networkConnectionEnabled=false, chrome={chromedriverVersion=2.40.565498 (ea082db3280dd6843ebfb08a625e3eb905c4f5ab), userDataDir=C:\Users\ASHARM~2\AppData\Local\Temp\6\scoped_dir9132_9649}, takesHeapSnapshot=true, pageLoadStrategy=none, databaseEnabled=false, handlesAlerts=true, hasTouchScreen=false, version=77.0.3865.120, platform=XP, browserConnectionEnabled=false, nativeEvents=true, acceptSslCerts=false, acceptInsecureCerts=false, locationContextEnabled=true, webStorageEnabled=true, browserName=chrome, takesScreenshot=true, javascriptEnabled=true, cssSelectorsEnabled=true, setWindowRect=true, unexpectedAlertBehaviour=}]
Session ID: 61ab8605f173152b402b6fc22041c3c7
*** Element info: {Using=xpath, value=//li[text()=&apos;Austria&apos;]}
	at org.openqa.selenium.remote.ErrorHandler.createThrowable(ErrorHandler.java:215)
	at org.openqa.selenium.remote.ErrorHandler.throwIfResponseFailed(ErrorHandler.java:167)
	at org.openqa.selenium.remote.RemoteWebDriver.execute(RemoteWebDriver.java:671)
	at org.openqa.selenium.remote.RemoteWebDriver.findElement(RemoteWebDriver.java:410)
	at org.openqa.selenium.remote.RemoteWebDriver.findElementByXPath(RemoteWebDriver.java:509)
	at org.openqa.selenium.By$ByXPath.findElement(By.java:361)
	at org.openqa.selenium.remote.RemoteWebDriver.findElement(RemoteWebDriver.java:402)
	at Driver.DriverHelper$3.apply(DriverHelper.java:344)
	at Driver.DriverHelper$3.apply(DriverHelper.java:1)
	at org.openqa.selenium.support.ui.FluentWait.until(FluentWait.java:209)
	... 18 more
... Removed 12 stack frames</div></td></tr></table><p class="totop"><a href="#summary">back to summary</a></p><h3 id="m8">Testscript.NewOrders#InflightMod</h3><table class="result"><tr class="param"><th>Parameter #1</th></tr><tr class="param stripe"><td>[4159381, 987654, 26/12/2018, Retail, 10031, Telemaco, Chambial, Direct, Wave, New, 1-1000080649, , No, Active, Chambial, Telemaco, Colt, Colt, 43808, 43808, 43808, 12, Yes, 1, 1, 151808ES, 151808ES, , , , , , 1 Gbps, , , , , , , , , , , , , , , , , , , , , , , , , , , , , , , , , , , , , , , 43808, 43808, 43808, , Protected, Protected, Metro, 1 Gbps, , , , , , , , Schmidtstrasse, Germany, Frankfurt, 60326, 12_MEZZA_NODE, DEFRA-0000004880, FRA99903/092, Existing Building, Existing, Business Hours, Existing Colt Cabinet, 43, Physical Port, LC/PC, , , NETCOLOGNE GMBH(DE), Schmidtstrasse, Germany, Frankfurt, 60326, 12_MEZZA_NODE, DEFRA-0000004880, FRA99903/092, Existing Building, Existing, Business Hours, Existing Colt Cabinet, 43, Physical Port, LC/PC, , , WDM, WDM, , , , , , , , , , , , , , , , , , , , , , , , , , , , , , , , , , , , , , , , , , , , , , , , , , , , , , , , , , , , , , , , , , , null, Wave Onnet, Yes]</td></tr><tr><th>Exception</th></tr><tr><td><div class="stacktrace">org.openqa.selenium.NoSuchElementException: Cannot locate element with text: Active
For documentation on this error, please visit: http://seleniumhq.org/exceptions/no_such_element.html
Build info: version: &apos;3.4.0&apos;, revision: &apos;unknown&apos;, time: &apos;unknown&apos;
System info: host: &apos;ULVMCTMTTL103&apos;, ip: &apos;10.44.33.64&apos;, os.name: &apos;Windows Server 2008 R2&apos;, os.arch: &apos;amd64&apos;, os.version: &apos;6.1&apos;, java.version: &apos;1.8.0_191&apos;
Driver info: driver.version: unknown
	at org.openqa.selenium.support.ui.Select.selectByVisibleText(Select.java:151)
	at Driver.DriverHelper.Select(DriverHelper.java:726)
	at ScriptHelper.NewOrderOnnetHelper.ASiteCustomize(NewOrderOnnetHelper.java:5180)
	at Testscript.NewOrders.InflightMod(NewOrders.java:554)
	at java.util.concurrent.FutureTask.run(Unknown Source)
	at java.util.concurrent.Executors$RunnableAdapter.call(Unknown Source)
	at java.util.concurrent.FutureTask.run(Unknown Source)
	at java.util.concurrent.ThreadPoolExecutor.runWorker(Unknown Source)
	at java.util.concurrent.ThreadPoolExecutor$Worker.run(Unknown Source)
	at java.lang.Thread.run(Unknown Source)
... Removed 9 stack frames</div></td></tr></table><p class="totop"><a href="#summary">back to summary</a></p><h3 id="m9">Testscript.NewOrders#InflightMod</h3><table class="result"><tr class="param"><th>Parameter #1</th></tr><tr class="param stripe"><td>[4159381, 987654, 26/12/2018, Retail, 10031, Telemaco, Chambial, Direct, IP VPN Service, New, 1-1000080649, PrizmNet, No, Active, Chambial, Telemaco, Colt, Colt, 43505, 43505, 43505, 1, Yes, 1, 2, 151808ES, 151808ES, Any to Any (full mesh), IPv4 only, IP VPN Site, , , Managed Physical Router, , , , 1234, Managed Router, Legacy, No Resilience, 1 Mbps, Managed Router, Colt Fibre, Ethernet, , Existing Building, Existing, 112, Existing Colt Cabinet, 45, 24, 12, , 1000BaseLX, LC, SingleMode 1310nm, Business Hours, Type 1, NA, NA, UK_EC2A-3EZ_KING JOHN COURT_1_F_SWITCH, Buckingham Avenue Slough, United Kingdom, London, SL1 4AX, 1, , , , , , 43505, 43505, 43505, , , , , , , , , , , , , , , , , Abandoned, Order not needed, , , , , , , , , , , , , , , , , , , , , , , , , , , , , , , , , , , , , , , , , , , , , , , , , , , , , , , , , , , , , , , , , , , , , , , , , , , , , , , , , , , , , , , , , , , , Unprotected, Point to Point Single Node, 3 Mbps, , IP VPN, null, PrizmNet-OnNet, Yes]</td></tr><tr><th>Exception</th></tr><tr><td><div class="stacktrace">org.openqa.selenium.TimeoutException: Expected condition failed: waiting for Driver.DriverHelper$3@5fe3d7bf (tried for 180 second(s) with 20 SECONDS interval)
	at org.openqa.selenium.support.ui.FluentWait.timeoutException(FluentWait.java:264)
	at org.openqa.selenium.support.ui.FluentWait.until(FluentWait.java:232)
	at Driver.DriverHelper.getwebelement(DriverHelper.java:342)
	at ScriptHelper.NewOrderOnnetHelper.IPVPNServicePlusAccess(NewOrderOnnetHelper.java:9498)
	at ScriptHelper.NewOrderOnnetHelper.enterMandatoryDetailsInMiddleApplet(NewOrderOnnetHelper.java:4098)
	at Testscript.NewOrders.InflightMod(NewOrders.java:557)
	at java.util.concurrent.FutureTask.run(Unknown Source)
	at java.util.concurrent.Executors$RunnableAdapter.call(Unknown Source)
	at java.util.concurrent.FutureTask.run(Unknown Source)
	at java.util.concurrent.ThreadPoolExecutor.runWorker(Unknown Source)
	at java.util.concurrent.ThreadPoolExecutor$Worker.run(Unknown Source)
	at java.lang.Thread.run(Unknown Source)
Caused by: org.openqa.selenium.NoSuchElementException: no such element: Unable to locate element: {&quot;method&quot;:&quot;xpath&quot;,&quot;selector&quot;:&quot;//ul[contains(@style,&apos;block&apos;)]//li[text()=&apos;PrizmNet&apos;]&quot;}
  (Session info: chrome=77.0.3865.120)
  (Driver info: chromedriver=2.40.565498 (ea082db3280dd6843ebfb08a625e3eb905c4f5ab),platform=Windows NT 6.1.7601 SP1 x86_64) (WARNING: The server did not provide any stacktrace information)
Command duration or timeout: 31 milliseconds
For documentation on this error, please visit: http://seleniumhq.org/exceptions/no_such_element.html
Build info: version: &apos;3.4.0&apos;, revision: &apos;unknown&apos;, time: &apos;unknown&apos;
System info: host: &apos;ULVMCTMTTL103&apos;, ip: &apos;10.44.33.64&apos;, os.name: &apos;Windows Server 2008 R2&apos;, os.arch: &apos;amd64&apos;, os.version: &apos;6.1&apos;, java.version: &apos;1.8.0_191&apos;
Driver info: org.openqa.selenium.chrome.ChromeDriver
Capabilities [{applicationCacheEnabled=false, rotatable=false, mobileEmulationEnabled=false, networkConnectionEnabled=false, chrome={chromedriverVersion=2.40.565498 (ea082db3280dd6843ebfb08a625e3eb905c4f5ab), userDataDir=C:\Users\ASHARM~2\AppData\Local\Temp\6\scoped_dir11668_26015}, takesHeapSnapshot=true, pageLoadStrategy=none, databaseEnabled=false, handlesAlerts=true, hasTouchScreen=false, version=77.0.3865.120, platform=XP, browserConnectionEnabled=false, nativeEvents=true, acceptSslCerts=false, acceptInsecureCerts=false, locationContextEnabled=true, webStorageEnabled=true, browserName=chrome, takesScreenshot=true, javascriptEnabled=true, cssSelectorsEnabled=true, setWindowRect=true, unexpectedAlertBehaviour=}]
Session ID: 0220e2cf93dcaacbd8783e74ea6655f0
*** Element info: {Using=xpath, value=//ul[contains(@style,&apos;block&apos;)]//li[text()=&apos;PrizmNet&apos;]}
	at org.openqa.selenium.remote.ErrorHandler.createThrowable(ErrorHandler.java:215)
	at org.openqa.selenium.remote.ErrorHandler.throwIfResponseFailed(ErrorHandler.java:167)
	at org.openqa.selenium.remote.RemoteWebDriver.execute(RemoteWebDriver.java:671)
	at org.openqa.selenium.remote.RemoteWebDriver.findElement(RemoteWebDriver.java:410)
	at org.openqa.selenium.remote.RemoteWebDriver.findElementByXPath(RemoteWebDriver.java:509)
	at org.openqa.selenium.By$ByXPath.findElement(By.java:361)
	at org.openqa.selenium.remote.RemoteWebDriver.findElement(RemoteWebDriver.java:402)
	at Driver.DriverHelper$3.apply(DriverHelper.java:344)
	at Driver.DriverHelper$3.apply(DriverHelper.java:1)
	at org.openqa.selenium.support.ui.FluentWait.until(FluentWait.java:209)
	... 18 more
... Removed 11 stack frames</div></td></tr></table><p class="totop"><a href="#summary">back to summary</a></p><h3 id="m10">Testscript.NewOrders#InflightMod</h3><table class="result"><tr class="param"><th>Parameter #1</th></tr><tr class="param stripe"><td>[4159381, 987654, 26/12/2018, Retail, 10031, Telemaco, Chambial, Direct, IP VPN Service, New, 1-1000080649, IP VPN Wholesale, No, Active, Chambial, Telemaco, Colt, Colt, 43505, 43505, 43505, 1, Yes, 1, 2, 151808ES, 151808ES, Any to Any (full mesh), IPv4 only, IP VPN Site, , , Managed Physical Router, , , , 1234, Managed Router, Legacy, No Resilience, 1 Mbps, Managed Router, Colt Fibre, Ethernet, , Existing Building, Existing, 112, Existing Colt Cabinet, 45, 24, 12, , 1000BaseLX, LC, SingleMode 1310nm, Business Hours, Type 1, NA, NA, UK_EC2A-3EZ_KING JOHN COURT_1_F_SWITCH, Buckingham Avenue Slough, United Kingdom, London, SL1 4AX, 1, , , , , , 43505, 43505, 43505, , , , , , , , , , , , , , , , , Abandoned, Order not needed, , , , , , , , , , , , , , , , , , , , , , , , , , , , , , , , , , , , , , , , , , , , , , , , , , , , , , , , , , , , , , , , , , , , , , , , , , , , , , , , , , , , , , , , , , , , , , 3 Mbps, , IP VPN, null, IP VPN Wholesale-OnNet, Yes]</td></tr><tr><th>Exception</th></tr><tr><td><div class="stacktrace">org.openqa.selenium.TimeoutException: Expected condition failed: waiting for element to be clickable: By.xpath: //a[text()=&apos;Click here to save your product configuration.&apos;] (tried for 180 second(s) with 20 SECONDS interval)
	at org.openqa.selenium.support.ui.FluentWait.timeoutException(FluentWait.java:264)
	at org.openqa.selenium.support.ui.FluentWait.until(FluentWait.java:232)
	at Driver.DriverHelper.WaitforElementtobeclickable(DriverHelper.java:166)
	at ScriptHelper.InFlightOrderHelper.PlusAccessWHSwifPrizm(InFlightOrderHelper.java:495)
	at ScriptHelper.InFlightOrderHelper.ServiceTabInFlight(InFlightOrderHelper.java:445)
	at Testscript.NewOrders.InflightMod(NewOrders.java:576)
	at java.util.concurrent.FutureTask.run(Unknown Source)
	at java.util.concurrent.Executors$RunnableAdapter.call(Unknown Source)
	at java.util.concurrent.FutureTask.run(Unknown Source)
	at java.util.concurrent.ThreadPoolExecutor.runWorker(Unknown Source)
	at java.util.concurrent.ThreadPoolExecutor$Worker.run(Unknown Source)
	at java.lang.Thread.run(Unknown Source)
Caused by: org.openqa.selenium.NoSuchElementException: Cannot locate an element using By.xpath: //a[text()=&apos;Click here to save your product configuration.&apos;]
For documentation on this error, please visit: http://seleniumhq.org/exceptions/no_such_element.html
Build info: version: &apos;3.4.0&apos;, revision: &apos;unknown&apos;, time: &apos;unknown&apos;
System info: host: &apos;ULVMCTMTTL103&apos;, ip: &apos;10.44.33.64&apos;, os.name: &apos;Windows Server 2008 R2&apos;, os.arch: &apos;amd64&apos;, os.version: &apos;6.1&apos;, java.version: &apos;1.8.0_191&apos;
Driver info: driver.version: unknown
	at org.openqa.selenium.support.ui.ExpectedConditions.lambda$findElement$0(ExpectedConditions.java:883)
	at java.util.Optional.orElseThrow(Unknown Source)
	at org.openqa.selenium.support.ui.ExpectedConditions.findElement(ExpectedConditions.java:882)
	at org.openqa.selenium.support.ui.ExpectedConditions.access$000(ExpectedConditions.java:44)
	at org.openqa.selenium.support.ui.ExpectedConditions$7.apply(ExpectedConditions.java:206)
	at org.openqa.selenium.support.ui.ExpectedConditions$7.apply(ExpectedConditions.java:202)
	at org.openqa.selenium.support.ui.ExpectedConditions$22.apply(ExpectedConditions.java:644)
	at org.openqa.selenium.support.ui.ExpectedConditions$22.apply(ExpectedConditions.java:641)
	at org.openqa.selenium.support.ui.FluentWait.until(FluentWait.java:209)
	... 18 more
... Removed 8 stack frames</div></td></tr></table><p class="totop"><a href="#summary">back to summary</a></p><h3 id="m11">Testscript.NewOrders#InflightMod</h3><table class="result"><tr class="param"><th>Parameter #1</th></tr><tr class="param stripe"><td>[30330, 987654, 18/09/2019, Retail, 10031, Telemaco, Chambial, Direct, Ethernet VPN Access, New, , No, No, Active, Chambial, Telemaco, Colt, Colt, 43808, 43808, 43808, 1, Yes, 1, 2, 151808ES, 151808ES, , , , , , , , , , , E-VPN Access, Legacy, Protected, 3 Gbps, , Colt Fibre, Ethernet over MSP, , New Building, Existing, 112, Existing Colt Cabinet, 45, 23, 10, 12, 10GBaseLR, LC/PC, SingleMode 1310nm, Business Hours, Type 1, , Physical Port, DE_60326_SCHMIDTSTRASSE_12_NODE_01UG_NODE, parker, United Kingdom, London, *, *, , , , , , 43808, 43808, 43808, , , , , , , , , , , , , , , , , , , , , , , , , Physical Port, , , , , , , , , , , , , , , , , , , , , , , , , , , , , , , , , , , , , , , , , , , , , , , , , , , , , , , , , , , , , , , , , , , , , , , , , , , , , , , , , , , , , , , , , null, Ethernet VPN Access, Yes]</td></tr><tr><th>Exception</th></tr><tr><td><div class="stacktrace">org.openqa.selenium.TimeoutException: Expected condition failed: waiting for Driver.DriverHelper$3@2d0fefc7 (tried for 180 second(s) with 20 SECONDS interval)
	at org.openqa.selenium.support.ui.FluentWait.timeoutException(FluentWait.java:264)
	at org.openqa.selenium.support.ui.FluentWait.until(FluentWait.java:232)
	at Driver.DriverHelper.getwebelement(DriverHelper.java:342)
	at ScriptHelper.NewOrderOnnetHelper.enterMandatoryFieldsInHeader(NewOrderOnnetHelper.java:271)
	at Testscript.NewOrders.InflightMod(NewOrders.java:550)
	at java.util.concurrent.FutureTask.run(Unknown Source)
	at java.util.concurrent.Executors$RunnableAdapter.call(Unknown Source)
	at java.util.concurrent.FutureTask.run(Unknown Source)
	at java.util.concurrent.ThreadPoolExecutor.runWorker(Unknown Source)
	at java.util.concurrent.ThreadPoolExecutor$Worker.run(Unknown Source)
	at java.lang.Thread.run(Unknown Source)
Caused by: org.openqa.selenium.NoSuchElementException: no such element: Unable to locate element: {&quot;method&quot;:&quot;xpath&quot;,&quot;selector&quot;:&quot;//td[@class=&quot;siebui-popup-filter&quot;]//button[@title=&quot;Pick Network Reference:Go&quot;]&quot;}
  (Session info: chrome=77.0.3865.120)
  (Driver info: chromedriver=2.40.565498 (ea082db3280dd6843ebfb08a625e3eb905c4f5ab),platform=Windows NT 6.1.7601 SP1 x86_64) (WARNING: The server did not provide any stacktrace information)
Command duration or timeout: 47 milliseconds
For documentation on this error, please visit: http://seleniumhq.org/exceptions/no_such_element.html
Build info: version: &apos;3.4.0&apos;, revision: &apos;unknown&apos;, time: &apos;unknown&apos;
System info: host: &apos;ULVMCTMTTL103&apos;, ip: &apos;10.44.33.64&apos;, os.name: &apos;Windows Server 2008 R2&apos;, os.arch: &apos;amd64&apos;, os.version: &apos;6.1&apos;, java.version: &apos;1.8.0_191&apos;
Driver info: org.openqa.selenium.chrome.ChromeDriver
Capabilities [{applicationCacheEnabled=false, rotatable=false, mobileEmulationEnabled=false, networkConnectionEnabled=false, chrome={chromedriverVersion=2.40.565498 (ea082db3280dd6843ebfb08a625e3eb905c4f5ab), userDataDir=C:\Users\ASHARM~2\AppData\Local\Temp\6\scoped_dir9900_20157}, takesHeapSnapshot=true, pageLoadStrategy=none, databaseEnabled=false, handlesAlerts=true, hasTouchScreen=false, version=77.0.3865.120, platform=XP, browserConnectionEnabled=false, nativeEvents=true, acceptSslCerts=false, acceptInsecureCerts=false, locationContextEnabled=true, webStorageEnabled=true, browserName=chrome, takesScreenshot=true, javascriptEnabled=true, cssSelectorsEnabled=true, setWindowRect=true, unexpectedAlertBehaviour=}]
Session ID: b9551d84630e5260f07dc0cbc5b00072
*** Element info: {Using=xpath, value=//td[@class=&quot;siebui-popup-filter&quot;]//button[@title=&quot;Pick Network Reference:Go&quot;]}
	at org.openqa.selenium.remote.ErrorHandler.createThrowable(ErrorHandler.java:215)
	at org.openqa.selenium.remote.ErrorHandler.throwIfResponseFailed(ErrorHandler.java:167)
	at org.openqa.selenium.remote.RemoteWebDriver.execute(RemoteWebDriver.java:671)
	at org.openqa.selenium.remote.RemoteWebDriver.findElement(RemoteWebDriver.java:410)
	at org.openqa.selenium.remote.RemoteWebDriver.findElementByXPath(RemoteWebDriver.java:509)
	at org.openqa.selenium.By$ByXPath.findElement(By.java:361)
	at org.openqa.selenium.remote.RemoteWebDriver.findElement(RemoteWebDriver.java:402)
	at Driver.DriverHelper$3.apply(DriverHelper.java:344)
	at Driver.DriverHelper$3.apply(DriverHelper.java:1)
	at org.openqa.selenium.support.ui.FluentWait.until(FluentWait.java:209)
	... 18 more
... Removed 12 stack frames</div></td></tr></table><p class="totop"><a href="#summary">back to summary</a></p><h3 id="m12">Testscript.NewOrders#InflightMod</h3><table class="result"><tr class="param"><th>Parameter #1</th></tr><tr class="param stripe"><td>[4159381, 987654, 20/09/2019, Retail, 10031, Telemaco, Chambial, Direct, Private Ethernet, New, 1-1000080649, No, No, Active, Chambial, Telemaco, Colt, Colt, 19/09/2019, 19/09/2019, 19/09/2019, 1, Yes, 1, 2, 151808ES, 151808ES, Primary, Layer 1, Y, OCN, ROE32, 100 Mbps, NA, NA, , , , Legacy, , , , , , N/A, NA, NA, NA, , , 24, 45, , , RJ45, SingleMode 1310nm, , , , , , , , , , , NA, NA, Party Id, K0124982, , 19/09/2019, 19/09/2019, 19/09/2019, , Protected, Protected, NA, N/A, NA, N/A, No, No, Ethernet over Fibre, Colt Fibre, Existing Building, Schmidtstrasse, Germany, Frankfurt, 60326, 12_MEZZA_NODE, , , NA, NA, Business Hours, Customer Cabinet, NA, , 10BaseT, NA, NA, RJ45, Schmidtstrasse, Germany, Berlin, 10115, , , , NA, NA, Business Hours, Existing Colt Cabinet, NA, 4453, 10BaseT, NA, , , , MultiMode 850nm, , Existing Building, N/A, NA, NA, NA, NA, Customer Cabinet, , , , , , , , , , , , , , , , , , , NA, NA, N/A, No, None, No, No, None, No, , , , , , , , , , , , , , , , , , , , , , , , , , , , , , , null, Private Ethernet, Yes]</td></tr><tr><th>Exception</th></tr><tr><td><div class="stacktrace">org.openqa.selenium.TimeoutException: Expected condition failed: waiting for element to be clickable: [[ChromeDriver: chrome on XP (6564d6dda4ca8555f7b25a859800adba)] -&gt; xpath: //li[text()=&apos;Delivery&apos;]] (tried for 180 second(s) with 20 SECONDS interval)
Build info: version: &apos;3.4.0&apos;, revision: &apos;unknown&apos;, time: &apos;unknown&apos;
System info: host: &apos;ULVMCTMTTL103&apos;, ip: &apos;10.44.33.64&apos;, os.name: &apos;Windows Server 2008 R2&apos;, os.arch: &apos;amd64&apos;, os.version: &apos;6.1&apos;, java.version: &apos;1.8.0_191&apos;
Driver info: driver.version: unknown
	at org.openqa.selenium.support.ui.FluentWait.timeoutException(FluentWait.java:264)
	at org.openqa.selenium.support.ui.FluentWait.until(FluentWait.java:232)
	at Driver.DriverHelper$3.apply(DriverHelper.java:345)
	at Driver.DriverHelper$3.apply(DriverHelper.java:1)
	at org.openqa.selenium.support.ui.FluentWait.until(FluentWait.java:209)
	at Driver.DriverHelper.getwebelement(DriverHelper.java:342)
	at ScriptHelper.NewOrderOnnetHelper.DeliveryValidation(NewOrderOnnetHelper.java:4508)
	at Testscript.NewOrders.InflightMod(NewOrders.java:574)
	at java.util.concurrent.FutureTask.run(Unknown Source)
	at java.util.concurrent.Executors$RunnableAdapter.call(Unknown Source)
	at java.util.concurrent.FutureTask.run(Unknown Source)
	at java.util.concurrent.ThreadPoolExecutor.runWorker(Unknown Source)
	at java.util.concurrent.ThreadPoolExecutor$Worker.run(Unknown Source)
	at java.lang.Thread.run(Unknown Source)
... Removed 9 stack frames</div></td></tr></table><p class="totop"><a href="#summary">back to summary</a></p><h3 id="m13">Testscript.NewOrders#InflightMod</h3><table class="result"><tr class="param"><th>Parameter #1</th></tr><tr class="param stripe"><td>[4159381, 987654, 20/09/2019, Retail, 10031, Telemaco, Chambial, Direct, Ultra Low Latency, New, 1-1000080649, No, No, Active, Chambial, Telemaco, Colt, Colt, 19/09/2019, 19/09/2019, 19/09/2019, 12, Yes, 1, 2, 151808ES, 151808ES, Primary, Layer 1, Y, OCN, ROE32, 100 Mbps, NA, NA, , , , Legacy, , , , , , N/A, NA, NA, NA, , , 24, 45, , , RJ45, SingleMode 1310nm, , , , , , , , , , , 1211, 1133, Party Id, K0124982, , 19/09/2019, 19/09/2019, 19/09/2019, , Protected, Protected, , , , , , , , , , Schmidtstrasse, Germany, Frankfurt, 60326, 12_MEZZA_NODE, , , NA, NA, Business Hours, Customer Cabinet, 43, , 10BaseT, No, 9000, RJ45, Schmidtstrasse, Germany, Frankfurt, 60326, , , , NA, NA, Business Hours, Existing Colt Cabinet, 49, 4453, 10BaseT, NA, , , , DFR-210774541, , , , , , , , , , , , , , , , , , , , , , , , , , , NA, NA, N/A, No, None, No, No, None, No, , , , , , , , , , , , , , , , , , , , , , , , , , , , , , , null, Ultra Low Latency, Yes]</td></tr><tr><th>Exception</th></tr><tr><td><div class="stacktrace">org.openqa.selenium.TimeoutException: Expected condition failed: waiting for element to be clickable: By.xpath: //button[@aria-label=&apos;Operational Attributes:OK&apos;] (tried for 180 second(s) with 20 SECONDS interval)
	at org.openqa.selenium.support.ui.FluentWait.timeoutException(FluentWait.java:264)
	at org.openqa.selenium.support.ui.FluentWait.until(FluentWait.java:232)
	at Driver.DriverHelper.WaitforElementtobeclickable(DriverHelper.java:166)
	at ScriptHelper.NewOrderOnnetHelper.OperationalAttributeUltra(NewOrderOnnetHelper.java:9896)
	at ScriptHelper.NewOrderOnnetHelper.enterMandatoryDetailsInMiddleApplet(NewOrderOnnetHelper.java:1647)
	at Testscript.NewOrders.InflightMod(NewOrders.java:557)
	at java.util.concurrent.FutureTask.run(Unknown Source)
	at java.util.concurrent.Executors$RunnableAdapter.call(Unknown Source)
	at java.util.concurrent.FutureTask.run(Unknown Source)
	at java.util.concurrent.ThreadPoolExecutor.runWorker(Unknown Source)
	at java.util.concurrent.ThreadPoolExecutor$Worker.run(Unknown Source)
	at java.lang.Thread.run(Unknown Source)
Caused by: org.openqa.selenium.NoSuchElementException: Cannot locate an element using By.xpath: //button[@aria-label=&apos;Operational Attributes:OK&apos;]
For documentation on this error, please visit: http://seleniumhq.org/exceptions/no_such_element.html
Build info: version: &apos;3.4.0&apos;, revision: &apos;unknown&apos;, time: &apos;unknown&apos;
System info: host: &apos;ULVMCTMTTL103&apos;, ip: &apos;10.44.33.64&apos;, os.name: &apos;Windows Server 2008 R2&apos;, os.arch: &apos;amd64&apos;, os.version: &apos;6.1&apos;, java.version: &apos;1.8.0_191&apos;
Driver info: driver.version: unknown
	at org.openqa.selenium.support.ui.ExpectedConditions.lambda$findElement$0(ExpectedConditions.java:883)
	at java.util.Optional.orElseThrow(Unknown Source)
	at org.openqa.selenium.support.ui.ExpectedConditions.findElement(ExpectedConditions.java:882)
	at org.openqa.selenium.support.ui.ExpectedConditions.access$000(ExpectedConditions.java:44)
	at org.openqa.selenium.support.ui.ExpectedConditions$7.apply(ExpectedConditions.java:206)
	at org.openqa.selenium.support.ui.ExpectedConditions$7.apply(ExpectedConditions.java:202)
	at org.openqa.selenium.support.ui.ExpectedConditions$22.apply(ExpectedConditions.java:644)
	at org.openqa.selenium.support.ui.ExpectedConditions$22.apply(ExpectedConditions.java:641)
	at org.openqa.selenium.support.ui.FluentWait.until(FluentWait.java:209)
	... 19 more
... Removed 9 stack frames</div></td></tr></table><p class="totop"><a href="#summary">back to summary</a></p><h3 id="m14">Testscript.NewOrders#InflightMod</h3><table class="result"><tr class="param"><th>Parameter #1</th></tr><tr class="param stripe"><td>[4159381, 987654, 26/12/2018, Retail, 10031, Telemaco, Chambial, Direct, IP VPN Service, New, 1-1000080649, IP VPN Access, No, Active, Chambial, Telemaco, Colt, Colt, 43505, 43505, 43505, 1, Yes, 1, 2, 151808ES, 151808ES, Any to Any (full mesh), IPv4 only, IP VPN Site, , , Managed Physical Router, , , , 1234, Managed Router, Legacy, No Resilience, 1 Mbps, Managed Router, Colt Fibre, Ethernet, , Existing Building, Existing, 112, Existing Colt Cabinet, 45, 24, 12, , 1000BaseLX, LC, SingleMode 1310nm, Business Hours, Type 1, NA, NA, UK_EC2A-3EZ_KING JOHN COURT_1_F_SWITCH, Buckingham Avenue Slough, United Kingdom, London, SL1 4AX, 1, , , , , , 43505, 43505, 43505, , , , , , , , , , , , , , , , , Abandoned, Order not needed, , , , , , , , , , , , , , , , , , , , , , , , , , , , , , , , , , , , , , , , , , , , , , , , , , , , , , , , , , , , , , , , , , , , , , , , , , , , , , , , , , , , , , , , , , , , , , 3 Mbps, , IP VPN, null, IP VPN Access-OnNet, Yes]</td></tr><tr><th>Exception</th></tr><tr><td><div class="stacktrace">org.openqa.selenium.TimeoutException: Expected condition failed: waiting for Driver.DriverHelper$3@12506f07 (tried for 180 second(s) with 20 SECONDS interval)
	at org.openqa.selenium.support.ui.FluentWait.timeoutException(FluentWait.java:264)
	at org.openqa.selenium.support.ui.FluentWait.until(FluentWait.java:232)
	at Driver.DriverHelper.getwebelement(DriverHelper.java:342)
	at ScriptHelper.NewOrderOnnetHelper.IPVPNServicePlusAccess(NewOrderOnnetHelper.java:9498)
	at ScriptHelper.NewOrderOnnetHelper.enterMandatoryDetailsInMiddleApplet(NewOrderOnnetHelper.java:4098)
	at Testscript.NewOrders.InflightMod(NewOrders.java:557)
	at java.util.concurrent.FutureTask.run(Unknown Source)
	at java.util.concurrent.Executors$RunnableAdapter.call(Unknown Source)
	at java.util.concurrent.FutureTask.run(Unknown Source)
	at java.util.concurrent.ThreadPoolExecutor.runWorker(Unknown Source)
	at java.util.concurrent.ThreadPoolExecutor$Worker.run(Unknown Source)
	at java.lang.Thread.run(Unknown Source)
Caused by: org.openqa.selenium.NoSuchElementException: no such element: Unable to locate element: {&quot;method&quot;:&quot;xpath&quot;,&quot;selector&quot;:&quot;//ul[contains(@style,&apos;block&apos;)]//li[text()=&apos;IP VPN Access&apos;]&quot;}
  (Session info: chrome=77.0.3865.120)
  (Driver info: chromedriver=2.40.565498 (ea082db3280dd6843ebfb08a625e3eb905c4f5ab),platform=Windows NT 6.1.7601 SP1 x86_64) (WARNING: The server did not provide any stacktrace information)
Command duration or timeout: 47 milliseconds
For documentation on this error, please visit: http://seleniumhq.org/exceptions/no_such_element.html
Build info: version: &apos;3.4.0&apos;, revision: &apos;unknown&apos;, time: &apos;unknown&apos;
System info: host: &apos;ULVMCTMTTL103&apos;, ip: &apos;10.44.33.64&apos;, os.name: &apos;Windows Server 2008 R2&apos;, os.arch: &apos;amd64&apos;, os.version: &apos;6.1&apos;, java.version: &apos;1.8.0_191&apos;
Driver info: org.openqa.selenium.chrome.ChromeDriver
Capabilities [{applicationCacheEnabled=false, rotatable=false, mobileEmulationEnabled=false, networkConnectionEnabled=false, chrome={chromedriverVersion=2.40.565498 (ea082db3280dd6843ebfb08a625e3eb905c4f5ab), userDataDir=C:\Users\ASHARM~2\AppData\Local\Temp\6\scoped_dir3916_20503}, takesHeapSnapshot=true, pageLoadStrategy=none, databaseEnabled=false, handlesAlerts=true, hasTouchScreen=false, version=77.0.3865.120, platform=XP, browserConnectionEnabled=false, nativeEvents=true, acceptSslCerts=false, acceptInsecureCerts=false, locationContextEnabled=true, webStorageEnabled=true, browserName=chrome, takesScreenshot=true, javascriptEnabled=true, cssSelectorsEnabled=true, setWindowRect=true, unexpectedAlertBehaviour=}]
Session ID: 82cab55c2f0ab0a2173b5d4e5195b769
*** Element info: {Using=xpath, value=//ul[contains(@style,&apos;block&apos;)]//li[text()=&apos;IP VPN Access&apos;]}
	at org.openqa.selenium.remote.ErrorHandler.createThrowable(ErrorHandler.java:215)
	at org.openqa.selenium.remote.ErrorHandler.throwIfResponseFailed(ErrorHandler.java:167)
	at org.openqa.selenium.remote.RemoteWebDriver.execute(RemoteWebDriver.java:671)
	at org.openqa.selenium.remote.RemoteWebDriver.findElement(RemoteWebDriver.java:410)
	at org.openqa.selenium.remote.RemoteWebDriver.findElementByXPath(RemoteWebDriver.java:509)
	at org.openqa.selenium.By$ByXPath.findElement(By.java:361)
	at org.openqa.selenium.remote.RemoteWebDriver.findElement(RemoteWebDriver.java:402)
	at Driver.DriverHelper$3.apply(DriverHelper.java:344)
	at Driver.DriverHelper$3.apply(DriverHelper.java:1)
	at org.openqa.selenium.support.ui.FluentWait.until(FluentWait.java:209)
	... 18 more
... Removed 11 stack frames</div></td></tr></table><p class="totop"><a href="#summary">back to summary</a></p><h3 id="m15">Testscript.NewOrders#InflightMod</h3><table class="result"><tr class="param"><th>Parameter #1</th></tr><tr class="param stripe"><td>[4159381, 987654, 26/12/2018, Retail, 10031, Telemaco, Chambial, Direct, IP VPN Service, New, 1-1000080649, IP VPN Plus, No, Active, Chambial, Telemaco, Colt, Colt, 43505, 43505, 43505, 1, Yes, 1, 2, 151808ES, 151808ES, Any to Any (full mesh), IPv4 only, IP VPN Site, , , Managed Physical Router, , , , 1234, Managed Router, Legacy, No Resilience, 1 Mbps, Managed Router, Colt Fibre, Ethernet, , Existing Building, Existing, 112, Existing Colt Cabinet, 45, 24, 12, , 1000BaseLX, LC, SingleMode 1310nm, Business Hours, Type 1, NA, NA, UK_EC2A-3EZ_KING JOHN COURT_1_F_SWITCH, Buckingham Avenue Slough, United Kingdom, London, SL1 4AX, 1, , , , , , 43505, 43505, 43505, , , , , , , , , , , , , , , , , Abandoned, Order not needed, , , , , , , , , , , , , , , , , , , , , , , , , , , , , , , , , , , , , , , , , , , , , , , , , , , , , , , , , , , , , , , , , , , , , , , , , , , , , , , , , , , , , , , , , , , , , , 3 Mbps, , IP VPN, null, IP VPN Plus-OnNet, Yes]</td></tr><tr><th>Exception</th></tr><tr><td><div class="stacktrace">org.openqa.selenium.TimeoutException: Expected condition failed: waiting for Driver.DriverHelper$3@12bf6738 (tried for 180 second(s) with 20 SECONDS interval)
	at org.openqa.selenium.support.ui.FluentWait.timeoutException(FluentWait.java:264)
	at org.openqa.selenium.support.ui.FluentWait.until(FluentWait.java:232)
	at Driver.DriverHelper.getwebelement(DriverHelper.java:342)
	at ScriptHelper.NewOrderOnnetHelper.IPVPNServicePlusAccess(NewOrderOnnetHelper.java:9498)
	at ScriptHelper.NewOrderOnnetHelper.enterMandatoryDetailsInMiddleApplet(NewOrderOnnetHelper.java:4098)
	at Testscript.NewOrders.InflightMod(NewOrders.java:557)
	at java.util.concurrent.FutureTask.run(Unknown Source)
	at java.util.concurrent.Executors$RunnableAdapter.call(Unknown Source)
	at java.util.concurrent.FutureTask.run(Unknown Source)
	at java.util.concurrent.ThreadPoolExecutor.runWorker(Unknown Source)
	at java.util.concurrent.ThreadPoolExecutor$Worker.run(Unknown Source)
	at java.lang.Thread.run(Unknown Source)
Caused by: org.openqa.selenium.NoSuchElementException: no such element: Unable to locate element: {&quot;method&quot;:&quot;xpath&quot;,&quot;selector&quot;:&quot;//ul[contains(@style,&apos;block&apos;)]//li[text()=&apos;IP VPN Plus&apos;]&quot;}
  (Session info: chrome=77.0.3865.120)
  (Driver info: chromedriver=2.40.565498 (ea082db3280dd6843ebfb08a625e3eb905c4f5ab),platform=Windows NT 6.1.7601 SP1 x86_64) (WARNING: The server did not provide any stacktrace information)
Command duration or timeout: 32 milliseconds
For documentation on this error, please visit: http://seleniumhq.org/exceptions/no_such_element.html
Build info: version: &apos;3.4.0&apos;, revision: &apos;unknown&apos;, time: &apos;unknown&apos;
System info: host: &apos;ULVMCTMTTL103&apos;, ip: &apos;10.44.33.64&apos;, os.name: &apos;Windows Server 2008 R2&apos;, os.arch: &apos;amd64&apos;, os.version: &apos;6.1&apos;, java.version: &apos;1.8.0_191&apos;
Driver info: org.openqa.selenium.chrome.ChromeDriver
Capabilities [{applicationCacheEnabled=false, rotatable=false, mobileEmulationEnabled=false, networkConnectionEnabled=false, chrome={chromedriverVersion=2.40.565498 (ea082db3280dd6843ebfb08a625e3eb905c4f5ab), userDataDir=C:\Users\ASHARM~2\AppData\Local\Temp\6\scoped_dir9268_23941}, takesHeapSnapshot=true, pageLoadStrategy=none, databaseEnabled=false, handlesAlerts=true, hasTouchScreen=false, version=77.0.3865.120, platform=XP, browserConnectionEnabled=false, nativeEvents=true, acceptSslCerts=false, acceptInsecureCerts=false, locationContextEnabled=true, webStorageEnabled=true, browserName=chrome, takesScreenshot=true, javascriptEnabled=true, cssSelectorsEnabled=true, setWindowRect=true, unexpectedAlertBehaviour=}]
Session ID: ec8788627ff9547771f1063ef726d905
*** Element info: {Using=xpath, value=//ul[contains(@style,&apos;block&apos;)]//li[text()=&apos;IP VPN Plus&apos;]}
	at org.openqa.selenium.remote.ErrorHandler.createThrowable(ErrorHandler.java:215)
	at org.openqa.selenium.remote.ErrorHandler.throwIfResponseFailed(ErrorHandler.java:167)
	at org.openqa.selenium.remote.RemoteWebDriver.execute(RemoteWebDriver.java:671)
	at org.openqa.selenium.remote.RemoteWebDriver.findElement(RemoteWebDriver.java:410)
	at org.openqa.selenium.remote.RemoteWebDriver.findElementByXPath(RemoteWebDriver.java:509)
	at org.openqa.selenium.By$ByXPath.findElement(By.java:361)
	at org.openqa.selenium.remote.RemoteWebDriver.findElement(RemoteWebDriver.java:402)
	at Driver.DriverHelper$3.apply(DriverHelper.java:344)
	at Driver.DriverHelper$3.apply(DriverHelper.java:1)
	at org.openqa.selenium.support.ui.FluentWait.until(FluentWait.java:209)
	... 18 more
... Removed 11 stack frames</div></td></tr></table><p class="totop"><a href="#summary">back to summary</a></p><h3 id="m16">Testscript.NewOrders#InflightMod</h3><table class="result"><tr class="param"><th>Parameter #1</th></tr><tr class="param stripe"><td>[4159381, 987654, 26/12/2018, Retail, 10031, Telemaco, Chambial, Direct, Interconnect, New, 1-1000080649, No, No, Active, Chambial, Telemaco, Colt, Colt, 19/08/2019, 19/08/2019, 19/08/2019, 12, Yes, 1, 1, 151808ES, 151808ES, , , , , , , , , , , , , , , , , , , , , , , , , , , , , , , , , , , , , , , , , , , , , 19/08/2019, 19/08/2019, 19/08/2019, Abandoned, , Austria, Both ways, G.722.1, G.722.1, China, Colt Access, TCP, SIP-I, TLS on, SRTP off, TLS_RSA_WITH_3DES_EDE_CBC_SHA (Priority 2), Colt, Individual Trunk CAC, POP Resilience, Abandoned, Abandoned, Order not needed, , , , , , , , , , , , , , , , , , , , , , , , , , , , , , , , , , , , , , , , , , , , , , , , , , , , , , , , , , , , , , , , , , , , , , , , , , , , , , , , , , , , , , , , , , , , , , , , , null, Interconnect -On net, Yes]</td></tr><tr><th>Exception</th></tr><tr><td><div class="stacktrace">org.openqa.selenium.TimeoutException: Expected condition failed: waiting for Driver.DriverHelper$3@e6a7cde (tried for 180 second(s) with 20 SECONDS interval)
	at org.openqa.selenium.support.ui.FluentWait.timeoutException(FluentWait.java:264)
	at org.openqa.selenium.support.ui.FluentWait.until(FluentWait.java:232)
	at Driver.DriverHelper.getwebelement(DriverHelper.java:342)
	at ScriptHelper.NewOrderOnnetHelper.enterMandatoryDetailsInMiddleApplet(NewOrderOnnetHelper.java:2504)
	at Testscript.NewOrders.InflightMod(NewOrders.java:557)
	at java.util.concurrent.FutureTask.run(Unknown Source)
	at java.util.concurrent.Executors$RunnableAdapter.call(Unknown Source)
	at java.util.concurrent.FutureTask.run(Unknown Source)
	at java.util.concurrent.ThreadPoolExecutor.runWorker(Unknown Source)
	at java.util.concurrent.ThreadPoolExecutor$Worker.run(Unknown Source)
	at java.lang.Thread.run(Unknown Source)
Caused by: org.openqa.selenium.NoSuchElementException: no such element: Unable to locate element: {&quot;method&quot;:&quot;xpath&quot;,&quot;selector&quot;:&quot;//li[text()=&apos;Austria&apos;]&quot;}
  (Session info: chrome=77.0.3865.120)
  (Driver info: chromedriver=2.40.565498 (ea082db3280dd6843ebfb08a625e3eb905c4f5ab),platform=Windows NT 6.1.7601 SP1 x86_64) (WARNING: The server did not provide any stacktrace information)
Command duration or timeout: 32 milliseconds
For documentation on this error, please visit: http://seleniumhq.org/exceptions/no_such_element.html
Build info: version: &apos;3.4.0&apos;, revision: &apos;unknown&apos;, time: &apos;unknown&apos;
System info: host: &apos;ULVMCTMTTL103&apos;, ip: &apos;10.44.33.64&apos;, os.name: &apos;Windows Server 2008 R2&apos;, os.arch: &apos;amd64&apos;, os.version: &apos;6.1&apos;, java.version: &apos;1.8.0_191&apos;
Driver info: org.openqa.selenium.chrome.ChromeDriver
Capabilities [{applicationCacheEnabled=false, rotatable=false, mobileEmulationEnabled=false, networkConnectionEnabled=false, chrome={chromedriverVersion=2.40.565498 (ea082db3280dd6843ebfb08a625e3eb905c4f5ab), userDataDir=C:\Users\ASHARM~2\AppData\Local\Temp\6\scoped_dir4856_23969}, takesHeapSnapshot=true, pageLoadStrategy=none, databaseEnabled=false, handlesAlerts=true, hasTouchScreen=false, version=77.0.3865.120, platform=XP, browserConnectionEnabled=false, nativeEvents=true, acceptSslCerts=false, acceptInsecureCerts=false, locationContextEnabled=true, webStorageEnabled=true, browserName=chrome, takesScreenshot=true, javascriptEnabled=true, cssSelectorsEnabled=true, setWindowRect=true, unexpectedAlertBehaviour=}]
Session ID: 908ef5a18d3159e0f6312022efb344cd
*** Element info: {Using=xpath, value=//li[text()=&apos;Austria&apos;]}
	at org.openqa.selenium.remote.ErrorHandler.createThrowable(ErrorHandler.java:215)
	at org.openqa.selenium.remote.ErrorHandler.throwIfResponseFailed(ErrorHandler.java:167)
	at org.openqa.selenium.remote.RemoteWebDriver.execute(RemoteWebDriver.java:671)
	at org.openqa.selenium.remote.RemoteWebDriver.findElement(RemoteWebDriver.java:410)
	at org.openqa.selenium.remote.RemoteWebDriver.findElementByXPath(RemoteWebDriver.java:509)
	at org.openqa.selenium.By$ByXPath.findElement(By.java:361)
	at org.openqa.selenium.remote.RemoteWebDriver.findElement(RemoteWebDriver.java:402)
	at Driver.DriverHelper$3.apply(DriverHelper.java:344)
	at Driver.DriverHelper$3.apply(DriverHelper.java:1)
	at org.openqa.selenium.support.ui.FluentWait.until(FluentWait.java:209)
	... 18 more
... Removed 12 stack frames</div></td></tr></table><p class="totop"><a href="#summary">back to summary</a></p><h3 id="m17">Testscript.NewOrders#InflightMod</h3><table class="result"><tr class="param"><th>Parameter #1</th></tr><tr class="param stripe"><td>[4159381, 987654, 25/09/2019, Retail, 10031, Telemaco, Chambial, Direct, IP Access, New, 1-1000080649, No, No, Active, Chambial, Telemaco, Colt, Colt Primary &amp; Secondary, 25/09/2019, 25/09/2019, 25/09/2019, 12, Yes, 1, 1, 151808ES, 151808ES, , , , , , , , , , 1234, Managed Router, Legacy, No Resilience, 1 Mbps, Managed Router, Colt Fibre, Ethernet over MSP, , Existing Building, Existing, 112, Existing Colt Cabinet, 45, 23, 10, 12, 1000BASE-LX, LC, SingleMode 1310nm, Business Hours, , Ireland, NA, IE_D03-DA06_EAST WALL ROAD_UNIT 15-16_1_NODE, Buckingham Avenue Slough, United Kingdom, Greater London, SL1 4AX, 1, IPv4 format only, Provider Aggregated IP (PA), /29 (8), COLT, A0147177, 16/08/2019, 16/08/2019, 16/08/2019, , 151808ES, 151808ES, 12, No, 2 Chun Yat Street, Tseung Kwan O, Hong Kong, Hong Kong, 0, NA, Business Hours, Existing Colt Cabinet, 43, Physical Port, LC/PC, , , NETCOLOGNE GMBH(DE), 2 Chun Yat Street, Tseung Kwan O, Hong Kong, Hong Kong, 0, NA, HKHON-0000112097, HKG0000112097/002, Existing Building, Existing, Business Hours, Existing Colt Cabinet, 43, Physical Port, LC/PC, , , Ethernet over NGN, Ethernet over NGN, , , , , , , , , , , , , , , , , , , , , , , , , , , , , , , , , , , , , , , , , , , , , , , , , , , , , , , , , , , , , , , , , , , , , , , , , , , , , , null, IP Access, Yes]</td></tr><tr><th>Exception</th></tr><tr><td><div class="stacktrace">org.openqa.selenium.WebDriverException: unknown error: cannot focus element
  (Session info: chrome=77.0.3865.120)
  (Driver info: chromedriver=2.40.565498 (ea082db3280dd6843ebfb08a625e3eb905c4f5ab),platform=Windows NT 6.1.7601 SP1 x86_64) (WARNING: The server did not provide any stacktrace information)
Command duration or timeout: 51 milliseconds
Build info: version: &apos;3.4.0&apos;, revision: &apos;unknown&apos;, time: &apos;unknown&apos;
System info: host: &apos;ULVMCTMTTL103&apos;, ip: &apos;10.44.33.64&apos;, os.name: &apos;Windows Server 2008 R2&apos;, os.arch: &apos;amd64&apos;, os.version: &apos;6.1&apos;, java.version: &apos;1.8.0_191&apos;
Driver info: org.openqa.selenium.chrome.ChromeDriver
Capabilities [{applicationCacheEnabled=false, rotatable=false, mobileEmulationEnabled=false, networkConnectionEnabled=false, chrome={chromedriverVersion=2.40.565498 (ea082db3280dd6843ebfb08a625e3eb905c4f5ab), userDataDir=C:\Users\ASHARM~2\AppData\Local\Temp\6\scoped_dir5076_24926}, takesHeapSnapshot=true, pageLoadStrategy=none, databaseEnabled=false, handlesAlerts=true, hasTouchScreen=false, version=77.0.3865.120, platform=XP, browserConnectionEnabled=false, nativeEvents=true, acceptSslCerts=false, acceptInsecureCerts=false, locationContextEnabled=true, webStorageEnabled=true, browserName=chrome, takesScreenshot=true, javascriptEnabled=true, cssSelectorsEnabled=true, setWindowRect=true, unexpectedAlertBehaviour=}]
Session ID: 40c3223df0fd7ef350afb12c3353d00b
	at org.openqa.selenium.remote.ErrorHandler.createThrowable(ErrorHandler.java:215)
	at org.openqa.selenium.remote.ErrorHandler.throwIfResponseFailed(ErrorHandler.java:167)
	at org.openqa.selenium.remote.RemoteWebDriver.execute(RemoteWebDriver.java:671)
	at org.openqa.selenium.remote.RemoteWebElement.execute(RemoteWebElement.java:272)
	at org.openqa.selenium.remote.RemoteWebElement.sendKeys(RemoteWebElement.java:96)
	at Driver.DriverHelper.SendKeys(DriverHelper.java:645)
	at ScriptHelper.NewOrderOnnetHelper.enterMandatoryFieldsInHeader(NewOrderOnnetHelper.java:334)
	at Testscript.NewOrders.InflightMod(NewOrders.java:550)
	at java.util.concurrent.FutureTask.run(Unknown Source)
	at java.util.concurrent.Executors$RunnableAdapter.call(Unknown Source)
	at java.util.concurrent.FutureTask.run(Unknown Source)
	at java.util.concurrent.ThreadPoolExecutor.runWorker(Unknown Source)
	at java.util.concurrent.ThreadPoolExecutor$Worker.run(Unknown Source)
	at java.lang.Thread.run(Unknown Source)
... Removed 11 stack frames</div></td></tr></table><p class="totop"><a href="#summary">back to summary</a></p><h3 id="m18">Testscript.NewOrders#InflightMod</h3><table class="result"><tr class="param"><th>Parameter #1</th></tr><tr class="param stripe"><td>[4159381, 987654, 20/09/2019, Retail, 10031, Telemaco, Chambial, Direct, Private Wave Service, New, 1-1000080649, No, No, Active, Chambial, Telemaco, Colt, Colt, 19/09/2019, 19/09/2019, 19/09/2019, 12, Yes, 1, 2, 151808ES, 151808ES, Primary, Layer 1, Y, OCN, ROE32, 100 Mbps, NA, NA, , , , Legacy, , , , , , N/A, NA, NA, NA, , , 24, 45, , , RJ45, SingleMode 1310nm, , , , , , , , , , , 1211, 1133, Party Id, K0124982, , 19/09/2019, 19/09/2019, 19/09/2019, , Protected, Protected, , , , , , , , , , Schmidtstrasse, Germany, Frankfurt, 60326, 12_MEZZA_NODE, , , NA, NA, Business Hours, Customer Cabinet, 43, , 10BaseT, No, 9000, RJ45, Schmidtstrasse, Germany, Frankfurt, 10115, , , , NA, NA, Business Hours, Existing Colt Cabinet, 49, 4453, 10BaseT, NA, , , , EPN-875076675, , , , , , , , , , , , , , , , , , , , , , , , , , , NA, NA, N/A, No, None, No, No, None, No, , , , , , , , , , , , , , , , , , , , , , , , , Unprotected, Unprotected, Point to Point Single Node, 3 Mbps, 100 Gbps Ethernet, , null, Private Wave Service, Yes]</td></tr><tr><th>Exception</th></tr><tr><td><div class="stacktrace">org.openqa.selenium.TimeoutException: Expected condition failed: waiting for element to be clickable: By.xpath: //div[contains(@style,&apos;block&apos;)]//span[text()=&apos;Service Bandwidth&apos;]/following-sibling::span (tried for 180 second(s) with 20 SECONDS interval)
	at org.openqa.selenium.support.ui.FluentWait.timeoutException(FluentWait.java:264)
	at org.openqa.selenium.support.ui.FluentWait.until(FluentWait.java:232)
	at Driver.DriverHelper.WaitforElementtobeclickable(DriverHelper.java:166)
	at ScriptHelper.NewOrderOnnetHelper.privateWaveServiceEntry(NewOrderOnnetHelper.java:8040)
	at ScriptHelper.NewOrderOnnetHelper.enterMandatoryDetailsInMiddleApplet(NewOrderOnnetHelper.java:1608)
	at Testscript.NewOrders.InflightMod(NewOrders.java:557)
	at java.util.concurrent.FutureTask.run(Unknown Source)
	at java.util.concurrent.Executors$RunnableAdapter.call(Unknown Source)
	at java.util.concurrent.FutureTask.run(Unknown Source)
	at java.util.concurrent.ThreadPoolExecutor.runWorker(Unknown Source)
	at java.util.concurrent.ThreadPoolExecutor$Worker.run(Unknown Source)
	at java.lang.Thread.run(Unknown Source)
Caused by: org.openqa.selenium.NoSuchElementException: Cannot locate an element using By.xpath: //div[contains(@style,&apos;block&apos;)]//span[text()=&apos;Service Bandwidth&apos;]/following-sibling::span
For documentation on this error, please visit: http://seleniumhq.org/exceptions/no_such_element.html
Build info: version: &apos;3.4.0&apos;, revision: &apos;unknown&apos;, time: &apos;unknown&apos;
System info: host: &apos;ULVMCTMTTL103&apos;, ip: &apos;10.44.33.64&apos;, os.name: &apos;Windows Server 2008 R2&apos;, os.arch: &apos;amd64&apos;, os.version: &apos;6.1&apos;, java.version: &apos;1.8.0_191&apos;
Driver info: driver.version: unknown
	at org.openqa.selenium.support.ui.ExpectedConditions.lambda$findElement$0(ExpectedConditions.java:883)
	at java.util.Optional.orElseThrow(Unknown Source)
	at org.openqa.selenium.support.ui.ExpectedConditions.findElement(ExpectedConditions.java:882)
	at org.openqa.selenium.support.ui.ExpectedConditions.access$000(ExpectedConditions.java:44)
	at org.openqa.selenium.support.ui.ExpectedConditions$7.apply(ExpectedConditions.java:206)
	at org.openqa.selenium.support.ui.ExpectedConditions$7.apply(ExpectedConditions.java:202)
	at org.openqa.selenium.support.ui.ExpectedConditions$22.apply(ExpectedConditions.java:644)
	at org.openqa.selenium.support.ui.ExpectedConditions$22.apply(ExpectedConditions.java:641)
	at org.openqa.selenium.support.ui.FluentWait.until(FluentWait.java:209)
	... 19 more
... Removed 9 stack frames</div></td></tr></table><p class="totop"><a href="#summary">back to summary</a></p><h3 id="m19">Testscript.NewOrders#InflightMod</h3><table class="result"><tr class="param"><th>Parameter #1</th></tr><tr class="param stripe"><td>[4159381, 987654, 24/09/2019, Retail, 10031, Telemaco, Chambial, Direct, SIP Trunking, New, 1-1000080649, No, No, Active, Chambial, Telemaco, Colt, Colt, 24/09/2019, 24/09/2019, 24/09/2019, 12, Yes, 1, 1, 151808ES, 151808ES, , , , , , , , , , , , , , , , , , , , , , , , , , , , , , , , , , , Parker, United Kingdom, London, , , , , , , , 24/09/2019, 24/09/2019, 24/09/2019, SIP Trunking, , , , United Kingdom, , , , , , , , , , , , , , , , , , , , , , , , , , , , , , , , , , , , , , , , , , , , , , , , , , , , , , United Kingdom, London, 1, Trunk1, Colt Access, Look selection, , 1, 10.7.235.1/29, 10.7.235.1/29, 10.7.235.1/29, 10.7.235.1/29, TCP, SIP, DropdownSelect, 12, TrunkAlias1, DropDownSelect, Colt, N, 10.7.235.32/27, 10.7.235.32/27, 12, 1, 1, 1, 10.7.235.32/27, 10.7.235.32/27, 4, No, 1, 1, 1, 1, Individual Trunk CAC, 1, 1, 1, 1, 123, New Colt Numbers, 12345, 12, 111, 113, 43505, N, , , , , , , , , null, SIP Trunking, Yes]</td></tr></table><p class="totop"><a href="#summary">back to summary</a></p><h3 id="m20">Testscript.NewOrders#InflightMod</h3><table class="result"><tr class="param"><th>Parameter #1</th></tr><tr class="param stripe"><td>[4159381, 987654, 20/09/2019, Retail, 10031, Telemaco, Chambial, Direct, Private Wave Node, New, 1-1000080649, No, No, Active, Chambial, Telemaco, Colt, Colt, 19/09/2019, 19/09/2019, 19/09/2019, 12, Yes, 1, 2, 151808ES, 151808ES, Primary, Layer 1, Y, OCN, ROE32, 100 Mbps, NA, NA, , , , Legacy, , , , , , N/A, NA, NA, NA, , , 24, 45, , , RJ45, SingleMode 1310nm, , , , , , , , , , , 1211, 1133, Party Id, K0124982, , 19/09/2019, 19/09/2019, 19/09/2019, , Protected, Protected, , , , , , , , , , Schmidtstrasse, Germany, Frankfurt, 60326, 12_MEZZA_NODE, , , NA, NA, Business Hours, Customer Cabinet, 43, , 10BaseT, No, 9000, RJ45, Schmidtstrasse, Germany, Berlin, 10115, , , , NA, NA, Business Hours, Existing Colt Cabinet, 49, 4453, 10BaseT, NA, , , , DFR-210774541, , , , , , , , , , , , , , , , , , , , , , , , , , , NA, NA, N/A, No, None, No, No, None, No, , , , , , , , , , , , , , , , , , , , , , , , , , , , , , , null, Private Wave Node, Yes]</td></tr></table><p class="totop"><a href="#summary">back to summary</a></p><h3 id="m21">Testscript.NewOrders#InflightMod</h3><table class="result"><tr class="param"><th>Parameter #1</th></tr><tr class="param stripe"><td>[4159381, 987654, 26/12/2018, Retail, 10031, Telemaco, Chambial, Direct, Ethernet Access, New, 1-1000080649, No, No, Active, Chambial, Telemaco, Colt, Colt, 43505, 43505, 43505, 12, Yes, 1, 2, 151808ES, 151808ES, Primary, Layer 1, Y, OCN, ROE32, 100 Mbps, NA, NA, , 1234, Managed Router, Legacy, No Resilience, 1 Mbps, Managed Router, Colt Fibre, Ethernet, N/A, Existing Building, Existing, NA, Existing Colt Cabinet, 45, 24, 12, , 1000BaseLX, RJ45, SingleMode 1310nm, Business Hours, Type 1, , , , , , , , , NA, NA, Party Id, K0124982, , ########, ########, ########, , Protected, Protected, NA, N/A, NA, N/A, No, No, Ethernet over Fibre, Colt Fibre, Existing Building, Schmidtstrasse, Germany, Frankfurt, 60326, 12_MEZZA_NODE, , Customer, NA, NA, Business Hours, Customer Cabinet, NA, , 10BaseT, NA, 9000, RJ45, Schmidtstrasse, Germany, Berlin, 10115, , , , NA, NA, Business Hours, Existing Colt Cabinet, NA, 4453, 10BaseT, NA, , , , MultiMode 850nm, , Ethernet over Fibre, , Existing Building, N/A, NA, NA, Customer Cabinet, , , , , , , , , , , , , , , , , , , NA, NA, N/A, No, None, No, No, None, No, , , , , , , , , , , , , , , , , , , , , , , , , Unprotected, Unprotected, Point to Point Single Node, 3 Mbps, , IP VPN, null, Ethernet Access, Yes]</td></tr></table><p class="totop"><a href="#summary">back to summary</a></p></body></html>