<!DOCTYPE html>

<html>
  <head>
  <title>TestNG reports</title>

    <link type="text/css" href="testng-reports.css" rel="stylesheet" />  
    <script type="text/javascript" src="jquery-1.7.1.min.js"></script>
    <script type="text/javascript" src="testng-reports.js"></script>
    <script type="text/javascript" src="https://www.google.com/jsapi"></script>
    <script type='text/javascript'>
      google.load('visualization', '1', {packages:['table']});
      google.setOnLoadCallback(drawTable);
      var suiteTableInitFunctions = new Array();
      var suiteTableData = new Array();
    </script>
    <!--
      <script type="text/javascript" src="jquery-ui/js/jquery-ui-1.8.16.custom.min.js"></script>
     -->
  </head>

  <body>
    <div class="top-banner-root">
      <span class="top-banner-title-font">Test results</span>
      <br/>
      <span class="top-banner-font-1">1 suite, 19 failed tests</span>
    </div> <!-- top-banner-root -->
    <div class="navigator-root">
      <div class="navigator-suite-header">
        <span>All suites</span>
        <a href="#" class="collapse-all-link" title="Collapse/expand all the suites">
          <img class="collapse-all-icon" src="collapseall.gif">
          </img> <!-- collapse-all-icon -->
        </a> <!-- collapse-all-link -->
      </div> <!-- navigator-suite-header -->
      <div class="suite">
        <div class="rounded-window">
          <div class="suite-header light-rounded-window-top">
            <a href="#" class="navigator-link" panel-name="suite-Spark_End_to_End_Order">
              <span class="suite-name border-failed">Spark End to End Order</span>
            </a> <!-- navigator-link -->
          </div> <!-- suite-header light-rounded-window-top -->
          <div class="navigator-suite-content">
            <div class="suite-section-title">
              <span>Info</span>
            </div> <!-- suite-section-title -->
            <div class="suite-section-content">
              <ul>
                <li>
                  <a href="#" class="navigator-link " panel-name="test-xml-Spark_End_to_End_Order">
                    <span>C:\Users\ASharma20-adm\git\SparkAutomation\SparkAutomation\Suite\NewOrderOnnet.xml</span>
                  </a> <!-- navigator-link  -->
                </li>
                <li>
                  <a href="#" class="navigator-link " panel-name="testlist-Spark_End_to_End_Order">
                    <span class="test-stats">1 test</span>
                  </a> <!-- navigator-link  -->
                </li>
                <li>
                  <a href="#" class="navigator-link " panel-name="group-Spark_End_to_End_Order">
                    <span>0 groups</span>
                  </a> <!-- navigator-link  -->
                </li>
                <li>
                  <a href="#" class="navigator-link " panel-name="times-Spark_End_to_End_Order">
                    <span>Times</span>
                  </a> <!-- navigator-link  -->
                </li>
                <li>
                  <a href="#" class="navigator-link " panel-name="reporter-Spark_End_to_End_Order">
                    <span>Reporter output</span>
                  </a> <!-- navigator-link  -->
                </li>
                <li>
                  <a href="#" class="navigator-link " panel-name="ignored-methods-Spark_End_to_End_Order">
                    <span>Ignored methods</span>
                  </a> <!-- navigator-link  -->
                </li>
                <li>
                  <a href="#" class="navigator-link " panel-name="chronological-Spark_End_to_End_Order">
                    <span>Chronological view</span>
                  </a> <!-- navigator-link  -->
                </li>
              </ul>
            </div> <!-- suite-section-content -->
            <div class="result-section">
              <div class="suite-section-title">
                <span>Results</span>
              </div> <!-- suite-section-title -->
              <div class="suite-section-content">
                <ul>
                  <li>
                    <span class="method-stats">22 methods, 19 failed,   3 passed</span>
                  </li>
                  <li>
                    <span class="method-list-title failed">Failed methods</span>
                    <span class="show-or-hide-methods failed">
                      <a href="#" panel-name="suite-Spark_End_to_End_Order" class="hide-methods failed suite-Spark_End_to_End_Order"> (hide)</a> <!-- hide-methods failed suite-Spark_End_to_End_Order -->
                      <a href="#" panel-name="suite-Spark_End_to_End_Order" class="show-methods failed suite-Spark_End_to_End_Order"> (show)</a> <!-- show-methods failed suite-Spark_End_to_End_Order -->
                    </span>
                    <div class="method-list-content failed suite-Spark_End_to_End_Order">
                      <span>
                        <img width="3%" src="failed.png"/>
                        <a href="#" class="method navigator-link" panel-name="suite-Spark_End_to_End_Order" title="Testscript.NewOrders" hash-for-method="InflightMod([4159381, 987654, 20/09/2019, Retail, 10031, Telemaco, Chambial, Direct, Ethernet Hub, New, 1-100008...)">InflightMod([4159381, 987654, 20/09/2019, Retail, 10031, Telemaco, Chambial, Direct, Ethernet Hub, New, 1-100008...)</a> <!-- method navigator-link -->
                      </span>
                      <br/>
                      <span>
                        <img width="3%" src="failed.png"/>
                        <a href="#" class="method navigator-link" panel-name="suite-Spark_End_to_End_Order" title="Testscript.NewOrders" hash-for-method="InflightMod([4159381, 987654, 19/09/2019, Retail, 10031, Telemaco, Chambial, Direct, Dark Fibre, New, 1-10000806...)">InflightMod([4159381, 987654, 19/09/2019, Retail, 10031, Telemaco, Chambial, Direct, Dark Fibre, New, 1-10000806...)</a> <!-- method navigator-link -->
                      </span>
                      <br/>
                      <span>
                        <img width="3%" src="failed.png"/>
                        <a href="#" class="method navigator-link" panel-name="suite-Spark_End_to_End_Order" title="Testscript.NewOrders" hash-for-method="InflightMod([4159381, 987654, 20/09/2019, Retail, 10031, Telemaco, Chambial, Direct, DCA Ethernet, New, 1-100008...)">InflightMod([4159381, 987654, 20/09/2019, Retail, 10031, Telemaco, Chambial, Direct, DCA Ethernet, New, 1-100008...)</a> <!-- method navigator-link -->
                      </span>
                      <br/>
                      <span>
                        <img width="3%" src="failed.png"/>
                        <a href="#" class="method navigator-link" panel-name="suite-Spark_End_to_End_Order" title="Testscript.NewOrders" hash-for-method="InflightMod([4159381, 987654, 25/09/2019, Retail, 10031, Telemaco, Chambial, Direct, Voice Line V, New, , No, No...)">InflightMod([4159381, 987654, 25/09/2019, Retail, 10031, Telemaco, Chambial, Direct, Voice Line V, New, , No, No...)</a> <!-- method navigator-link -->
                      </span>
                      <br/>
                      <span>
                        <img width="3%" src="failed.png"/>
                        <a href="#" class="method navigator-link" panel-name="suite-Spark_End_to_End_Order" title="Testscript.NewOrders" hash-for-method="InflightMod([4159381, 987654, 26/12/2018, Retail, 10031, Telemaco, Chambial, Direct, IP VPN Service, New, 1-1000...)">InflightMod([4159381, 987654, 26/12/2018, Retail, 10031, Telemaco, Chambial, Direct, IP VPN Service, New, 1-1000...)</a> <!-- method navigator-link -->
                      </span>
                      <br/>
                      <span>
                        <img width="3%" src="failed.png"/>
                        <a href="#" class="method navigator-link" panel-name="suite-Spark_End_to_End_Order" title="Testscript.NewOrders" hash-for-method="InflightMod([4159381, 987654, 20/09/2019, Retail, 10031, Telemaco, Chambial, Direct, Ethernet Spoke, New, 1-1000...)">InflightMod([4159381, 987654, 20/09/2019, Retail, 10031, Telemaco, Chambial, Direct, Ethernet Spoke, New, 1-1000...)</a> <!-- method navigator-link -->
                      </span>
                      <br/>
                      <span>
                        <img width="3%" src="failed.png"/>
                        <a href="#" class="method navigator-link" panel-name="suite-Spark_End_to_End_Order" title="Testscript.NewOrders" hash-for-method="InflightMod([4159381, 987654, 26/12/2018, Retail, 10031, Telemaco, Chambial, Direct, Ethernet Line, New, 1-10000...)">InflightMod([4159381, 987654, 26/12/2018, Retail, 10031, Telemaco, Chambial, Direct, Ethernet Line, New, 1-10000...)</a> <!-- method navigator-link -->
                      </span>
                      <br/>
                      <span>
                        <img width="3%" src="failed.png"/>
                        <a href="#" class="method navigator-link" panel-name="suite-Spark_End_to_End_Order" title="Testscript.NewOrders" hash-for-method="InflightMod([4159381, 987654, 26/12/2019, Reseller, 10031, Telemaco, Chambial, Direct, Number Hosting, New, 1-10...)">InflightMod([4159381, 987654, 26/12/2019, Reseller, 10031, Telemaco, Chambial, Direct, Number Hosting, New, 1-10...)</a> <!-- method navigator-link -->
                      </span>
                      <br/>
                      <span>
                        <img width="3%" src="failed.png"/>
                        <a href="#" class="method navigator-link" panel-name="suite-Spark_End_to_End_Order" title="Testscript.NewOrders" hash-for-method="InflightMod([4159381, 987654, 26/12/2018, Retail, 10031, Telemaco, Chambial, Direct, Wave, New, 1-1000080649, , ...)">InflightMod([4159381, 987654, 26/12/2018, Retail, 10031, Telemaco, Chambial, Direct, Wave, New, 1-1000080649, , ...)</a> <!-- method navigator-link -->
                      </span>
                      <br/>
                      <span>
                        <img width="3%" src="failed.png"/>
                        <a href="#" class="method navigator-link" panel-name="suite-Spark_End_to_End_Order" title="Testscript.NewOrders" hash-for-method="InflightMod([4159381, 987654, 26/12/2018, Retail, 10031, Telemaco, Chambial, Direct, IP VPN Service, New, 1-1000...)">InflightMod([4159381, 987654, 26/12/2018, Retail, 10031, Telemaco, Chambial, Direct, IP VPN Service, New, 1-1000...)</a> <!-- method navigator-link -->
                      </span>
                      <br/>
                      <span>
                        <img width="3%" src="failed.png"/>
                        <a href="#" class="method navigator-link" panel-name="suite-Spark_End_to_End_Order" title="Testscript.NewOrders" hash-for-method="InflightMod([4159381, 987654, 26/12/2018, Retail, 10031, Telemaco, Chambial, Direct, IP VPN Service, New, 1-1000...)">InflightMod([4159381, 987654, 26/12/2018, Retail, 10031, Telemaco, Chambial, Direct, IP VPN Service, New, 1-1000...)</a> <!-- method navigator-link -->
                      </span>
                      <br/>
                      <span>
                        <img width="3%" src="failed.png"/>
                        <a href="#" class="method navigator-link" panel-name="suite-Spark_End_to_End_Order" title="Testscript.NewOrders" hash-for-method="InflightMod([30330, 987654, 18/09/2019, Retail, 10031, Telemaco, Chambial, Direct, Ethernet VPN Access, New, , N...)">InflightMod([30330, 987654, 18/09/2019, Retail, 10031, Telemaco, Chambial, Direct, Ethernet VPN Access, New, , N...)</a> <!-- method navigator-link -->
                      </span>
                      <br/>
                      <span>
                        <img width="3%" src="failed.png"/>
                        <a href="#" class="method navigator-link" panel-name="suite-Spark_End_to_End_Order" title="Testscript.NewOrders" hash-for-method="InflightMod([4159381, 987654, 20/09/2019, Retail, 10031, Telemaco, Chambial, Direct, Private Ethernet, New, 1-10...)">InflightMod([4159381, 987654, 20/09/2019, Retail, 10031, Telemaco, Chambial, Direct, Private Ethernet, New, 1-10...)</a> <!-- method navigator-link -->
                      </span>
                      <br/>
                      <span>
                        <img width="3%" src="failed.png"/>
                        <a href="#" class="method navigator-link" panel-name="suite-Spark_End_to_End_Order" title="Testscript.NewOrders" hash-for-method="InflightMod([4159381, 987654, 20/09/2019, Retail, 10031, Telemaco, Chambial, Direct, Ultra Low Latency, New, 1-1...)">InflightMod([4159381, 987654, 20/09/2019, Retail, 10031, Telemaco, Chambial, Direct, Ultra Low Latency, New, 1-1...)</a> <!-- method navigator-link -->
                      </span>
                      <br/>
                      <span>
                        <img width="3%" src="failed.png"/>
                        <a href="#" class="method navigator-link" panel-name="suite-Spark_End_to_End_Order" title="Testscript.NewOrders" hash-for-method="InflightMod([4159381, 987654, 26/12/2018, Retail, 10031, Telemaco, Chambial, Direct, IP VPN Service, New, 1-1000...)">InflightMod([4159381, 987654, 26/12/2018, Retail, 10031, Telemaco, Chambial, Direct, IP VPN Service, New, 1-1000...)</a> <!-- method navigator-link -->
                      </span>
                      <br/>
                      <span>
                        <img width="3%" src="failed.png"/>
                        <a href="#" class="method navigator-link" panel-name="suite-Spark_End_to_End_Order" title="Testscript.NewOrders" hash-for-method="InflightMod([4159381, 987654, 26/12/2018, Retail, 10031, Telemaco, Chambial, Direct, IP VPN Service, New, 1-1000...)">InflightMod([4159381, 987654, 26/12/2018, Retail, 10031, Telemaco, Chambial, Direct, IP VPN Service, New, 1-1000...)</a> <!-- method navigator-link -->
                      </span>
                      <br/>
                      <span>
                        <img width="3%" src="failed.png"/>
                        <a href="#" class="method navigator-link" panel-name="suite-Spark_End_to_End_Order" title="Testscript.NewOrders" hash-for-method="InflightMod([4159381, 987654, 26/12/2018, Retail, 10031, Telemaco, Chambial, Direct, Interconnect, New, 1-100008...)">InflightMod([4159381, 987654, 26/12/2018, Retail, 10031, Telemaco, Chambial, Direct, Interconnect, New, 1-100008...)</a> <!-- method navigator-link -->
                      </span>
                      <br/>
                      <span>
                        <img width="3%" src="failed.png"/>
                        <a href="#" class="method navigator-link" panel-name="suite-Spark_End_to_End_Order" title="Testscript.NewOrders" hash-for-method="InflightMod([4159381, 987654, 25/09/2019, Retail, 10031, Telemaco, Chambial, Direct, IP Access, New, 1-100008064...)">InflightMod([4159381, 987654, 25/09/2019, Retail, 10031, Telemaco, Chambial, Direct, IP Access, New, 1-100008064...)</a> <!-- method navigator-link -->
                      </span>
                      <br/>
                      <span>
                        <img width="3%" src="failed.png"/>
                        <a href="#" class="method navigator-link" panel-name="suite-Spark_End_to_End_Order" title="Testscript.NewOrders" hash-for-method="InflightMod([4159381, 987654, 20/09/2019, Retail, 10031, Telemaco, Chambial, Direct, Private Wave Service, New, ...)">InflightMod([4159381, 987654, 20/09/2019, Retail, 10031, Telemaco, Chambial, Direct, Private Wave Service, New, ...)</a> <!-- method navigator-link -->
                      </span>
                      <br/>
                    </div> <!-- method-list-content failed suite-Spark_End_to_End_Order -->
                  </li>
                  <li>
                    <span class="method-list-title passed">Passed methods</span>
                    <span class="show-or-hide-methods passed">
                      <a href="#" panel-name="suite-Spark_End_to_End_Order" class="hide-methods passed suite-Spark_End_to_End_Order"> (hide)</a> <!-- hide-methods passed suite-Spark_End_to_End_Order -->
                      <a href="#" panel-name="suite-Spark_End_to_End_Order" class="show-methods passed suite-Spark_End_to_End_Order"> (show)</a> <!-- show-methods passed suite-Spark_End_to_End_Order -->
                    </span>
                    <div class="method-list-content passed suite-Spark_End_to_End_Order">
                      <span>
                        <img width="3%" src="passed.png"/>
                        <a href="#" class="method navigator-link" panel-name="suite-Spark_End_to_End_Order" title="Testscript.NewOrders" hash-for-method="InflightMod([4159381, 987654, 24/09/2019, Retail, 10031, Telemaco, Chambial, Direct, SIP Trunking, New, 1-100008...)">InflightMod([4159381, 987654, 24/09/2019, Retail, 10031, Telemaco, Chambial, Direct, SIP Trunking, New, 1-100008...)</a> <!-- method navigator-link -->
                      </span>
                      <br/>
                      <span>
                        <img width="3%" src="passed.png"/>
                        <a href="#" class="method navigator-link" panel-name="suite-Spark_End_to_End_Order" title="Testscript.NewOrders" hash-for-method="InflightMod([4159381, 987654, 20/09/2019, Retail, 10031, Telemaco, Chambial, Direct, Private Wave Node, New, 1-1...)">InflightMod([4159381, 987654, 20/09/2019, Retail, 10031, Telemaco, Chambial, Direct, Private Wave Node, New, 1-1...)</a> <!-- method navigator-link -->
                      </span>
                      <br/>
                      <span>
                        <img width="3%" src="passed.png"/>
                        <a href="#" class="method navigator-link" panel-name="suite-Spark_End_to_End_Order" title="Testscript.NewOrders" hash-for-method="InflightMod([4159381, 987654, 26/12/2018, Retail, 10031, Telemaco, Chambial, Direct, Ethernet Access, New, 1-100...)">InflightMod([4159381, 987654, 26/12/2018, Retail, 10031, Telemaco, Chambial, Direct, Ethernet Access, New, 1-100...)</a> <!-- method navigator-link -->
                      </span>
                      <br/>
                    </div> <!-- method-list-content passed suite-Spark_End_to_End_Order -->
                  </li>
                </ul>
              </div> <!-- suite-section-content -->
            </div> <!-- result-section -->
          </div> <!-- navigator-suite-content -->
        </div> <!-- rounded-window -->
      </div> <!-- suite -->
    </div> <!-- navigator-root -->
    <div class="wrapper">
      <div class="main-panel-root">
        <div panel-name="suite-Spark_End_to_End_Order" class="panel Spark_End_to_End_Order">
          <div class="suite-Spark_End_to_End_Order-class-failed">
            <div class="main-panel-header rounded-window-top">
              <img src="failed.png"/>
              <span class="class-name">Testscript.NewOrders</span>
            </div> <!-- main-panel-header rounded-window-top -->
            <div class="main-panel-content rounded-window-bottom">
              <div class="method">
                <div class="method-content">
                  <a name="InflightMod([4159381, 987654, 20/09/2019, Retail, 10031, Telemaco, Chambial, Direct, Ethernet Hub, New, 1-100008...)">
                  </a> <!-- InflightMod([4159381, 987654, 20/09/2019, Retail, 10031, Telemaco, Chambial, Direct, Ethernet Hub, New, 1-100008...) -->
                  <span class="method-name">InflightMod</span>
                  <span class="parameters">([4159381, 987654, 20/09/2019, Retail, 10031, Telemaco, Chambial, Direct, Ethernet Hub, New, 1-1000080649, 10 Gbps, No, Active, Chambial, Telemaco, Colt, Colt, 43808, 43808, 43808, 12, Yes, 1, 1, 151808ES, 151808ES, , , , , , 1 Gbps, , , , , , , , , , , , , , , , , , , 45, , , RJ45, SingleMode 1310nm, , , , , , , , , , , , , , , , 43808, 43808, 43808, , Protected, Protected, Metro, 1 Gbps, , , , , , , , Schmidtstrasse, Germany, Frankfurt, 60326, 12_MEZZA_NODE, DEFRA-0000004880, FRA99903/092, Existing Building, Existing, Business Hours, Existing Colt Cabinet, 43, Physical Port, LC/PC, , , NETCOLOGNE GMBH(DE), Schmidtstrasse, Germany, Frankfurt, 60326, 12_MEZZA_NODE, DEFRA-0000004880, FRA99903/092, Existing Building, Existing, Business Hours, Existing Colt Cabinet, 43, Physical Port, LC/PC, , , Ethernet over MSP, Ethernet over MSP, , , , , , , , , , , , , , , , , , , , , , , , , , , , , , , , , , , , , , , , , , , , , , , , , , , , , , , , , , , , , , , , , , , null, Ethernet Hub, Yes])</span>
                  <div class="stack-trace">org.openqa.selenium.TimeoutException: Expected condition failed: waiting for Driver.DriverHelper$3@6155d5e0 (tried for 180 second(s) with 20 SECONDS interval)
	at org.openqa.selenium.support.ui.FluentWait.timeoutException(FluentWait.java:264)
	at org.openqa.selenium.support.ui.FluentWait.until(FluentWait.java:232)
	at Driver.DriverHelper.getwebelement(DriverHelper.java:342)
	at ScriptHelper.NewOrderOnnetHelper.installationCharges(NewOrderOnnetHelper.java:6091)
	at Testscript.NewOrders.InflightMod(NewOrders.java:531)
	at java.util.concurrent.FutureTask.run(Unknown Source)
	at java.util.concurrent.Executors$RunnableAdapter.call(Unknown Source)
	at java.util.concurrent.FutureTask.run(Unknown Source)
	at java.util.concurrent.ThreadPoolExecutor.runWorker(Unknown Source)
	at java.util.concurrent.ThreadPoolExecutor$Worker.run(Unknown Source)
	at java.lang.Thread.run(Unknown Source)
Caused by: org.openqa.selenium.NoSuchElementException: no such element: Unable to locate element: {&quot;method&quot;:&quot;xpath&quot;,&quot;selector&quot;:&quot;//table[@summary=&quot;Service Charges&quot;]/tbody/tr[5]/td[6]/span&quot;}
  (Session info: chrome=77.0.3865.120)
  (Driver info: chromedriver=2.40.565498 (ea082db3280dd6843ebfb08a625e3eb905c4f5ab),platform=Windows NT 6.1.7601 SP1 x86_64) (WARNING: The server did not provide any stacktrace information)
Command duration or timeout: 20 milliseconds
For documentation on this error, please visit: http://seleniumhq.org/exceptions/no_such_element.html
Build info: version: &apos;3.4.0&apos;, revision: &apos;unknown&apos;, time: &apos;unknown&apos;
System info: host: &apos;ULVMCTMTTL103&apos;, ip: &apos;10.44.33.64&apos;, os.name: &apos;Windows Server 2008 R2&apos;, os.arch: &apos;amd64&apos;, os.version: &apos;6.1&apos;, java.version: &apos;1.8.0_191&apos;
Driver info: org.openqa.selenium.chrome.ChromeDriver
Capabilities [{applicationCacheEnabled=false, rotatable=false, mobileEmulationEnabled=false, networkConnectionEnabled=false, chrome={chromedriverVersion=2.40.565498 (ea082db3280dd6843ebfb08a625e3eb905c4f5ab), userDataDir=C:\Users\ASHARM~2\AppData\Local\Temp\6\scoped_dir7744_15987}, takesHeapSnapshot=true, pageLoadStrategy=none, databaseEnabled=false, handlesAlerts=true, hasTouchScreen=false, version=77.0.3865.120, platform=XP, browserConnectionEnabled=false, nativeEvents=true, acceptSslCerts=false, acceptInsecureCerts=false, locationContextEnabled=true, webStorageEnabled=true, browserName=chrome, takesScreenshot=true, javascriptEnabled=true, cssSelectorsEnabled=true, setWindowRect=true, unexpectedAlertBehaviour=}]
Session ID: 71f9652ccd02c71e3f6e45f2c5e26a84
*** Element info: {Using=xpath, value=//table[@summary=&quot;Service Charges&quot;]/tbody/tr[5]/td[6]/span}
	at org.openqa.selenium.remote.ErrorHandler.createThrowable(ErrorHandler.java:215)
	at org.openqa.selenium.remote.ErrorHandler.throwIfResponseFailed(ErrorHandler.java:167)
	at org.openqa.selenium.remote.RemoteWebDriver.execute(RemoteWebDriver.java:671)
	at org.openqa.selenium.remote.RemoteWebDriver.findElement(RemoteWebDriver.java:410)
	at org.openqa.selenium.remote.RemoteWebDriver.findElementByXPath(RemoteWebDriver.java:509)
	at org.openqa.selenium.By$ByXPath.findElement(By.java:361)
	at org.openqa.selenium.remote.RemoteWebDriver.findElement(RemoteWebDriver.java:402)
	at Driver.DriverHelper$3.apply(DriverHelper.java:344)
	at Driver.DriverHelper$3.apply(DriverHelper.java:1)
	at org.openqa.selenium.support.ui.FluentWait.until(FluentWait.java:209)
	... 18 more
... Removed 12 stack frames
</div> <!-- stack-trace -->
                </div> <!-- method-content -->
              </div> <!-- method -->
              <div class="method">
                <div class="method-content">
                  <a name="InflightMod([4159381, 987654, 19/09/2019, Retail, 10031, Telemaco, Chambial, Direct, Dark Fibre, New, 1-10000806...)">
                  </a> <!-- InflightMod([4159381, 987654, 19/09/2019, Retail, 10031, Telemaco, Chambial, Direct, Dark Fibre, New, 1-10000806...) -->
                  <span class="method-name">InflightMod</span>
                  <span class="parameters">([4159381, 987654, 19/09/2019, Retail, 10031, Telemaco, Chambial, Direct, Dark Fibre, New, 1-1000080649, No, No, Active, Chambial, Telemaco, Colt, Colt, 19/09/2019, 19/09/2019, 19/09/2019, 12, Yes, 1, 2, 151808ES, 151808ES, Primary, Layer 1, Y, OCN, ROE32, 100 Mbps, NA, NA, , , , Legacy, , , , , , N/A, NA, NA, NA, , , 24, 45, , , RJ45, SingleMode 1310nm, , , , , , , , , , , 1211, 1133, Party Id, K0124982, , 19/09/2019, 19/09/2019, 19/09/2019, , Protected, Protected, , , , , , , , , , Schmidtstrasse, Germany, Frankfurt, 60326, 12_MEZZA_NODE, , , NA, NA, Business Hours, Customer Cabinet, 43, , 10BaseT, No, 9000, RJ45, Schmidtstrasse, Germany, Frankfurt, 60326, , , , NA, NA, Business Hours, Existing Colt Cabinet, 49, 4453, 10BaseT, NA, , , , DFR-210774677, , , , , , , , , , , , , , , , , , , , , , , , , , , NA, NA, N/A, No, None, No, No, None, No, , , , , , , , , , , , , , , , , , , , , , , 122, 33, , , , , , , null, Dark Fibre, Yes])</span>
                  <div class="stack-trace">org.openqa.selenium.TimeoutException: Expected condition failed: waiting for element to be clickable: By.xpath: //span[text()=&apos;Street Name&apos;]/parent::div/input (tried for 180 second(s) with 20 SECONDS interval)
	at org.openqa.selenium.support.ui.FluentWait.timeoutException(FluentWait.java:264)
	at org.openqa.selenium.support.ui.FluentWait.until(FluentWait.java:232)
	at Driver.DriverHelper.WaitforElementtobeclickable(DriverHelper.java:166)
	at ScriptHelper.NewOrderOnnetHelper.SearchSiteBEntry(NewOrderOnnetHelper.java:6461)
	at ScriptHelper.NewOrderOnnetHelper.enterMandatoryDetailsInMiddleApplet(NewOrderOnnetHelper.java:1730)
	at Testscript.NewOrders.InflightMod(NewOrders.java:557)
	at java.util.concurrent.FutureTask.run(Unknown Source)
	at java.util.concurrent.Executors$RunnableAdapter.call(Unknown Source)
	at java.util.concurrent.FutureTask.run(Unknown Source)
	at java.util.concurrent.ThreadPoolExecutor.runWorker(Unknown Source)
	at java.util.concurrent.ThreadPoolExecutor$Worker.run(Unknown Source)
	at java.lang.Thread.run(Unknown Source)
Caused by: org.openqa.selenium.NoSuchElementException: Cannot locate an element using By.xpath: //span[text()=&apos;Street Name&apos;]/parent::div/input
For documentation on this error, please visit: http://seleniumhq.org/exceptions/no_such_element.html
Build info: version: &apos;3.4.0&apos;, revision: &apos;unknown&apos;, time: &apos;unknown&apos;
System info: host: &apos;ULVMCTMTTL103&apos;, ip: &apos;10.44.33.64&apos;, os.name: &apos;Windows Server 2008 R2&apos;, os.arch: &apos;amd64&apos;, os.version: &apos;6.1&apos;, java.version: &apos;1.8.0_191&apos;
Driver info: driver.version: unknown
	at org.openqa.selenium.support.ui.ExpectedConditions.lambda$findElement$0(ExpectedConditions.java:883)
	at java.util.Optional.orElseThrow(Unknown Source)
	at org.openqa.selenium.support.ui.ExpectedConditions.findElement(ExpectedConditions.java:882)
	at org.openqa.selenium.support.ui.ExpectedConditions.access$000(ExpectedConditions.java:44)
	at org.openqa.selenium.support.ui.ExpectedConditions$7.apply(ExpectedConditions.java:206)
	at org.openqa.selenium.support.ui.ExpectedConditions$7.apply(ExpectedConditions.java:202)
	at org.openqa.selenium.support.ui.ExpectedConditions$22.apply(ExpectedConditions.java:644)
	at org.openqa.selenium.support.ui.ExpectedConditions$22.apply(ExpectedConditions.java:641)
	at org.openqa.selenium.support.ui.FluentWait.until(FluentWait.java:209)
	... 19 more
... Removed 9 stack frames
</div> <!-- stack-trace -->
                </div> <!-- method-content -->
              </div> <!-- method -->
              <div class="method">
                <div class="method-content">
                  <a name="InflightMod([4159381, 987654, 20/09/2019, Retail, 10031, Telemaco, Chambial, Direct, DCA Ethernet, New, 1-100008...)">
                  </a> <!-- InflightMod([4159381, 987654, 20/09/2019, Retail, 10031, Telemaco, Chambial, Direct, DCA Ethernet, New, 1-100008...) -->
                  <span class="method-name">InflightMod</span>
                  <span class="parameters">([4159381, 987654, 20/09/2019, Retail, 10031, Telemaco, Chambial, Direct, DCA Ethernet, New, 1-1000080649, No, No, Active, Chambial, Telemaco, Colt, Colt, 19/09/2019, 19/09/2019, 19/09/2019, 1, Yes, 1, 2, 151808ES, 151808ES, Primary, Layer 1, Y, OCN, ROE32, 100 Mbps, NA, NA, , , , Legacy, , , , , , N/A, NA, NA, NA, , , 24, 45, , , RJ45, SingleMode 1310nm, mew, 652, 852, 9868, 9853, 10 Mbps, 963, NA, Microsoft Azure, 1258, NA, NA, Party Id, K0124982, , 19/09/2019, 19/09/2019, 19/09/2019, , Protected, Protected, NA, N/A, NA, N/A, No, No, Ethernet over Fibre, Colt Fibre, Existing Building, Schmidtstrasse, Germany, Frankfurt, 60326, 12_MEZZA_NODE, , Customer, NA, NA, Business Hours, Customer Cabinet, NA, , 10BaseT, NA, NA, RJ45, Schmidtstrasse, Germany, Berlin, 10115, , , , NA, NA, Business Hours, Existing Colt Cabinet, NA, 4453, 10BaseT, NA, , , , MultiMode 850nm, , Ethernet over Fibre, No, Existing Building, N/A, NA, NA, Customer Cabinet, nothing, kiuh, N, Private, 962, 741258, , , , , , , , , , , , , NA, NA, N/A, No, No, No, No, None, No, , , , , , , , , , , , , , , , , , , , , , , , , , , , , , , null, DCA Ehternet, Yes])</span>
                  <div class="stack-trace">org.openqa.selenium.TimeoutException: Expected condition failed: waiting for Driver.DriverHelper$3@18ac9ac0 (tried for 180 second(s) with 20 SECONDS interval)
	at org.openqa.selenium.support.ui.FluentWait.timeoutException(FluentWait.java:264)
	at org.openqa.selenium.support.ui.FluentWait.until(FluentWait.java:232)
	at Driver.DriverHelper.getwebelement(DriverHelper.java:342)
	at ScriptHelper.NewOrderOnnetHelper.PrivateEthernetMiddleAplet(NewOrderOnnetHelper.java:6655)
	at ScriptHelper.NewOrderOnnetHelper.enterMandatoryDetailsInMiddleApplet(NewOrderOnnetHelper.java:1750)
	at Testscript.NewOrders.InflightMod(NewOrders.java:557)
	at java.util.concurrent.FutureTask.run(Unknown Source)
	at java.util.concurrent.Executors$RunnableAdapter.call(Unknown Source)
	at java.util.concurrent.FutureTask.run(Unknown Source)
	at java.util.concurrent.ThreadPoolExecutor.runWorker(Unknown Source)
	at java.util.concurrent.ThreadPoolExecutor$Worker.run(Unknown Source)
	at java.lang.Thread.run(Unknown Source)
Caused by: org.openqa.selenium.NoSuchElementException: no such element: Unable to locate element: {&quot;method&quot;:&quot;xpath&quot;,&quot;selector&quot;:&quot;//ul[contains(@style,&apos;block&apos;)]//li[text()=&apos;Metro&apos;]&quot;}
  (Session info: chrome=77.0.3865.120)
  (Driver info: chromedriver=2.40.565498 (ea082db3280dd6843ebfb08a625e3eb905c4f5ab),platform=Windows NT 6.1.7601 SP1 x86_64) (WARNING: The server did not provide any stacktrace information)
Command duration or timeout: 47 milliseconds
For documentation on this error, please visit: http://seleniumhq.org/exceptions/no_such_element.html
Build info: version: &apos;3.4.0&apos;, revision: &apos;unknown&apos;, time: &apos;unknown&apos;
System info: host: &apos;ULVMCTMTTL103&apos;, ip: &apos;10.44.33.64&apos;, os.name: &apos;Windows Server 2008 R2&apos;, os.arch: &apos;amd64&apos;, os.version: &apos;6.1&apos;, java.version: &apos;1.8.0_191&apos;
Driver info: org.openqa.selenium.chrome.ChromeDriver
Capabilities [{applicationCacheEnabled=false, rotatable=false, mobileEmulationEnabled=false, networkConnectionEnabled=false, chrome={chromedriverVersion=2.40.565498 (ea082db3280dd6843ebfb08a625e3eb905c4f5ab), userDataDir=C:\Users\ASHARM~2\AppData\Local\Temp\6\scoped_dir12952_10575}, takesHeapSnapshot=true, pageLoadStrategy=none, databaseEnabled=false, handlesAlerts=true, hasTouchScreen=false, version=77.0.3865.120, platform=XP, browserConnectionEnabled=false, nativeEvents=true, acceptSslCerts=false, acceptInsecureCerts=false, locationContextEnabled=true, webStorageEnabled=true, browserName=chrome, takesScreenshot=true, javascriptEnabled=true, cssSelectorsEnabled=true, setWindowRect=true, unexpectedAlertBehaviour=}]
Session ID: 98af983840ce4ec18ed1979b45ddfdb6
*** Element info: {Using=xpath, value=//ul[contains(@style,&apos;block&apos;)]//li[text()=&apos;Metro&apos;]}
	at org.openqa.selenium.remote.ErrorHandler.createThrowable(ErrorHandler.java:215)
	at org.openqa.selenium.remote.ErrorHandler.throwIfResponseFailed(ErrorHandler.java:167)
	at org.openqa.selenium.remote.RemoteWebDriver.execute(RemoteWebDriver.java:671)
	at org.openqa.selenium.remote.RemoteWebDriver.findElement(RemoteWebDriver.java:410)
	at org.openqa.selenium.remote.RemoteWebDriver.findElementByXPath(RemoteWebDriver.java:509)
	at org.openqa.selenium.By$ByXPath.findElement(By.java:361)
	at org.openqa.selenium.remote.RemoteWebDriver.findElement(RemoteWebDriver.java:402)
	at Driver.DriverHelper$3.apply(DriverHelper.java:344)
	at Driver.DriverHelper$3.apply(DriverHelper.java:1)
	at org.openqa.selenium.support.ui.FluentWait.until(FluentWait.java:209)
	... 19 more
... Removed 12 stack frames
</div> <!-- stack-trace -->
                </div> <!-- method-content -->
              </div> <!-- method -->
              <div class="method">
                <div class="method-content">
                  <a name="InflightMod([4159381, 987654, 25/09/2019, Retail, 10031, Telemaco, Chambial, Direct, Voice Line V, New, , No, No...)">
                  </a> <!-- InflightMod([4159381, 987654, 25/09/2019, Retail, 10031, Telemaco, Chambial, Direct, Voice Line V, New, , No, No...) -->
                  <span class="method-name">InflightMod</span>
                  <span class="parameters">([4159381, 987654, 25/09/2019, Retail, 10031, Telemaco, Chambial, Direct, Voice Line V, New, , No, No, Active, Chambial, Telemaco, Colt, Colt Primary & Secondary, 25/09/2019, 25/09/2019, 25/09/2019, 12, Yes, 1, 1, 151808ES, 151808ES, , , , , , , , , , 1234, Managed Router, Legacy, No Resilience, 1 Mbps, Managed Router, Colt Fibre, Ethernet over MSP, , Existing Building, Existing, 112, Existing Colt Cabinet, 45, 23, 10, 12, 1000BASE-LX, LC, SingleMode 1310nm, Business Hours, , United Kingdom, NA, UK_EC2A-3EZ_KING JOHN COURT_1_F_SWITCH, Buckingham Avenue Slough, United Kingdom, London, SL1 4AX, 1, IPv4 format only, Provider Aggregated IP (PA), /29 (8), COLT, A0147177, 25/09/2019, 25/09/2019, 25/09/2019, Voice_Line, VODAFONE(UK), 12345, Tier 1, Austria, E.164 All International with +, Multi-Site, 151808ES, 151808ES, 12, No, 2 Chun Yat Street, Tseung Kwan O, Hong Kong, Hong Kong, 00000, NA, Business Hours, Existing Colt Cabinet, 43, Physical Port, LC/PC, , , NETCOLOGNE GMBH(DE), 2 Chun Yat Street, Tseung Kwan O, Hong Kong, Hong Kong, 00000, NA, HKHON-0000112097, HKG0000112097/002, Existing Building, Existing, Business Hours, Existing Colt Cabinet, 43, Physical Port, LC/PC, , , Ethernet over NGN, Ethernet over NGN, , , , , , , , , , , , , , , , , , , , , , , , , , , , , , , , , , , , , , , , , , , , , , , , , , , , , , , , , , , , , , , , , , , , , , , , null, Voice Line V On net, Yes])</span>
                  <div class="stack-trace">org.openqa.selenium.TimeoutException: Expected condition failed: waiting for Driver.DriverHelper$3@4dad2d4c (tried for 180 second(s) with 20 SECONDS interval)
	at org.openqa.selenium.support.ui.FluentWait.timeoutException(FluentWait.java:264)
	at org.openqa.selenium.support.ui.FluentWait.until(FluentWait.java:232)
	at Driver.DriverHelper.getwebelement(DriverHelper.java:342)
	at ScriptHelper.NewOrderOnnetHelper.enterMandatoryFieldsInHeader(NewOrderOnnetHelper.java:315)
	at Testscript.NewOrders.InflightMod(NewOrders.java:550)
	at java.util.concurrent.FutureTask.run(Unknown Source)
	at java.util.concurrent.Executors$RunnableAdapter.call(Unknown Source)
	at java.util.concurrent.FutureTask.run(Unknown Source)
	at java.util.concurrent.ThreadPoolExecutor.runWorker(Unknown Source)
	at java.util.concurrent.ThreadPoolExecutor$Worker.run(Unknown Source)
	at java.lang.Thread.run(Unknown Source)
Caused by: org.openqa.selenium.NoSuchElementException: no such element: Unable to locate element: {&quot;method&quot;:&quot;xpath&quot;,&quot;selector&quot;:&quot;//button[@title=&apos;Pick Network Reference:New&apos;]&quot;}
  (Session info: chrome=77.0.3865.120)
  (Driver info: chromedriver=2.40.565498 (ea082db3280dd6843ebfb08a625e3eb905c4f5ab),platform=Windows NT 6.1.7601 SP1 x86_64) (WARNING: The server did not provide any stacktrace information)
Command duration or timeout: 31 milliseconds
For documentation on this error, please visit: http://seleniumhq.org/exceptions/no_such_element.html
Build info: version: &apos;3.4.0&apos;, revision: &apos;unknown&apos;, time: &apos;unknown&apos;
System info: host: &apos;ULVMCTMTTL103&apos;, ip: &apos;10.44.33.64&apos;, os.name: &apos;Windows Server 2008 R2&apos;, os.arch: &apos;amd64&apos;, os.version: &apos;6.1&apos;, java.version: &apos;1.8.0_191&apos;
Driver info: org.openqa.selenium.chrome.ChromeDriver
Capabilities [{applicationCacheEnabled=false, rotatable=false, mobileEmulationEnabled=false, networkConnectionEnabled=false, chrome={chromedriverVersion=2.40.565498 (ea082db3280dd6843ebfb08a625e3eb905c4f5ab), userDataDir=C:\Users\ASHARM~2\AppData\Local\Temp\6\scoped_dir18156_39}, takesHeapSnapshot=true, pageLoadStrategy=none, databaseEnabled=false, handlesAlerts=true, hasTouchScreen=false, version=77.0.3865.120, platform=XP, browserConnectionEnabled=false, nativeEvents=true, acceptSslCerts=false, acceptInsecureCerts=false, locationContextEnabled=true, webStorageEnabled=true, browserName=chrome, takesScreenshot=true, javascriptEnabled=true, cssSelectorsEnabled=true, setWindowRect=true, unexpectedAlertBehaviour=}]
Session ID: 72863eb4329bd1317547247c3864459b
*** Element info: {Using=xpath, value=//button[@title=&apos;Pick Network Reference:New&apos;]}
	at org.openqa.selenium.remote.ErrorHandler.createThrowable(ErrorHandler.java:215)
	at org.openqa.selenium.remote.ErrorHandler.throwIfResponseFailed(ErrorHandler.java:167)
	at org.openqa.selenium.remote.RemoteWebDriver.execute(RemoteWebDriver.java:671)
	at org.openqa.selenium.remote.RemoteWebDriver.findElement(RemoteWebDriver.java:410)
	at org.openqa.selenium.remote.RemoteWebDriver.findElementByXPath(RemoteWebDriver.java:509)
	at org.openqa.selenium.By$ByXPath.findElement(By.java:361)
	at org.openqa.selenium.remote.RemoteWebDriver.findElement(RemoteWebDriver.java:402)
	at Driver.DriverHelper$3.apply(DriverHelper.java:344)
	at Driver.DriverHelper$3.apply(DriverHelper.java:1)
	at org.openqa.selenium.support.ui.FluentWait.until(FluentWait.java:209)
	... 18 more
... Removed 12 stack frames
</div> <!-- stack-trace -->
                </div> <!-- method-content -->
              </div> <!-- method -->
              <div class="method">
                <div class="method-content">
                  <a name="InflightMod([4159381, 987654, 26/12/2018, Retail, 10031, Telemaco, Chambial, Direct, IP VPN Service, New, 1-1000...)">
                  </a> <!-- InflightMod([4159381, 987654, 26/12/2018, Retail, 10031, Telemaco, Chambial, Direct, IP VPN Service, New, 1-1000...) -->
                  <span class="method-name">InflightMod</span>
                  <span class="parameters">([4159381, 987654, 26/12/2018, Retail, 10031, Telemaco, Chambial, Direct, IP VPN Service, New, 1-1000080649, SWIFTNet, No, Active, Chambial, Telemaco, Colt, Colt, 43505, 43505, 43505, 1, Yes, 1, 2, 151808ES, 151808ES, Any to Any (full mesh), IPv4 only, IP VPN Site, , , Managed Physical Router, , , , 1234, Managed Router, Legacy, No Resilience, 1 Mbps, Managed Router, Colt Fibre, Ethernet, , Existing Building, Existing, 112, Existing Colt Cabinet, 45, 24, 12, , 1000BaseLX, LC, SingleMode 1310nm, Business Hours, Type 1, NA, NA, UK_EC2A-3EZ_KING JOHN COURT_1_F_SWITCH, Buckingham Avenue Slough, United Kingdom, London, SL1 4AX, 1, , , , , , 43505, 43505, 43505, , , , , , , , , , , , , , , , , Abandoned, Order not needed, , , , , , , , , , , , , , , , , , , , , , , , , , , , , , , , , , , , , , , , , , , , , , , , , , , , , , , , , , , , , , , , , , , , , , , , , , , , , , , , , , , , , , , , , , , , , , 3 Mbps, , IP VPN, null, SWIFTNet-OnNet, Yes])</span>
                  <div class="stack-trace">org.openqa.selenium.TimeoutException: Expected condition failed: waiting for element to be clickable: By.xpath: //a[text()=&apos;Click here to save your product configuration.&apos;] (tried for 180 second(s) with 20 SECONDS interval)
	at org.openqa.selenium.support.ui.FluentWait.timeoutException(FluentWait.java:264)
	at org.openqa.selenium.support.ui.FluentWait.until(FluentWait.java:232)
	at Driver.DriverHelper.WaitforElementtobeclickable(DriverHelper.java:166)
	at ScriptHelper.InFlightOrderHelper.PlusAccessWHSwifPrizm(InFlightOrderHelper.java:495)
	at ScriptHelper.InFlightOrderHelper.ServiceTabInFlight(InFlightOrderHelper.java:450)
	at Testscript.NewOrders.InflightMod(NewOrders.java:576)
	at java.util.concurrent.FutureTask.run(Unknown Source)
	at java.util.concurrent.Executors$RunnableAdapter.call(Unknown Source)
	at java.util.concurrent.FutureTask.run(Unknown Source)
	at java.util.concurrent.ThreadPoolExecutor.runWorker(Unknown Source)
	at java.util.concurrent.ThreadPoolExecutor$Worker.run(Unknown Source)
	at java.lang.Thread.run(Unknown Source)
Caused by: org.openqa.selenium.NoSuchElementException: Cannot locate an element using By.xpath: //a[text()=&apos;Click here to save your product configuration.&apos;]
For documentation on this error, please visit: http://seleniumhq.org/exceptions/no_such_element.html
Build info: version: &apos;3.4.0&apos;, revision: &apos;unknown&apos;, time: &apos;unknown&apos;
System info: host: &apos;ULVMCTMTTL103&apos;, ip: &apos;10.44.33.64&apos;, os.name: &apos;Windows Server 2008 R2&apos;, os.arch: &apos;amd64&apos;, os.version: &apos;6.1&apos;, java.version: &apos;1.8.0_191&apos;
Driver info: driver.version: unknown
	at org.openqa.selenium.support.ui.ExpectedConditions.lambda$findElement$0(ExpectedConditions.java:883)
	at java.util.Optional.orElseThrow(Unknown Source)
	at org.openqa.selenium.support.ui.ExpectedConditions.findElement(ExpectedConditions.java:882)
	at org.openqa.selenium.support.ui.ExpectedConditions.access$000(ExpectedConditions.java:44)
	at org.openqa.selenium.support.ui.ExpectedConditions$7.apply(ExpectedConditions.java:206)
	at org.openqa.selenium.support.ui.ExpectedConditions$7.apply(ExpectedConditions.java:202)
	at org.openqa.selenium.support.ui.ExpectedConditions$22.apply(ExpectedConditions.java:644)
	at org.openqa.selenium.support.ui.ExpectedConditions$22.apply(ExpectedConditions.java:641)
	at org.openqa.selenium.support.ui.FluentWait.until(FluentWait.java:209)
	... 18 more
... Removed 8 stack frames
</div> <!-- stack-trace -->
                </div> <!-- method-content -->
              </div> <!-- method -->
              <div class="method">
                <div class="method-content">
                  <a name="InflightMod([4159381, 987654, 20/09/2019, Retail, 10031, Telemaco, Chambial, Direct, Ethernet Spoke, New, 1-1000...)">
                  </a> <!-- InflightMod([4159381, 987654, 20/09/2019, Retail, 10031, Telemaco, Chambial, Direct, Ethernet Spoke, New, 1-1000...) -->
                  <span class="method-name">InflightMod</span>
                  <span class="parameters">([4159381, 987654, 20/09/2019, Retail, 10031, Telemaco, Chambial, Direct, Ethernet Spoke, New, 1-1000080649, , No, Active, Chambial, Telemaco, Colt, Colt, 43808, 43808, 43808, 12, Yes, 1, 1, 151808ES, 151808ES, , , , , , 100 Mbps, , , , , , , , , , , , , , , , , , , , , , , , , , , , , , , , , , , , , , , 43808, 43808, 43808, , Unprotected, Protected, Metro, 60 Mbps, , , , , , , , Schmidtstrasse, Germany, Frankfurt, 60326, 12_MEZZA_NODE, DEFRA-0000004880, FRA99903/092, Existing Building, Existing, Business Hours, Existing Colt Cabinet, 43, Physical Port, LC/PC, , , NETCOLOGNE GMBH(DE), Schmidtstrasse, Germany, Frankfurt, 60326, 12_MEZZA_NODE, DEFRA-0000004880, FRA99903/092, Existing Building, Existing, Business Hours, Existing Colt Cabinet, 43, Physical Port, LC/PC, , 850, Ethernet over MSP, Ethernet over MSP, HNS-871616103, , , , , , , , , , , , , , , , , , , , , , , , , , , , , , , , , , , , , , , , , , , , , , , , , , , , , , , , , , , , , , , , , , null, Ethernet Spoke, Yes])</span>
                  <div class="stack-trace">org.openqa.selenium.TimeoutException: Expected condition failed: waiting for element to be clickable: [[ChromeDriver: chrome on XP (6235f16e663c62d857648f032dbf1152)] -&gt; xpath: //button[@title=&quot;Pick Network Reference:OK&quot;]] (tried for 180 second(s) with 20 SECONDS interval)
Build info: version: &apos;3.4.0&apos;, revision: &apos;unknown&apos;, time: &apos;unknown&apos;
System info: host: &apos;ULVMCTMTTL103&apos;, ip: &apos;10.44.33.64&apos;, os.name: &apos;Windows Server 2008 R2&apos;, os.arch: &apos;amd64&apos;, os.version: &apos;6.1&apos;, java.version: &apos;1.8.0_191&apos;
Driver info: driver.version: unknown
	at org.openqa.selenium.support.ui.FluentWait.timeoutException(FluentWait.java:264)
	at org.openqa.selenium.support.ui.FluentWait.until(FluentWait.java:232)
	at Driver.DriverHelper$3.apply(DriverHelper.java:345)
	at Driver.DriverHelper$3.apply(DriverHelper.java:1)
	at org.openqa.selenium.support.ui.FluentWait.until(FluentWait.java:209)
	at Driver.DriverHelper.getwebelement(DriverHelper.java:342)
	at ScriptHelper.NewOrderOnnetHelper.enterMandatoryFieldsInHeader(NewOrderOnnetHelper.java:275)
	at Testscript.NewOrders.InflightMod(NewOrders.java:539)
	at java.util.concurrent.FutureTask.run(Unknown Source)
	at java.util.concurrent.Executors$RunnableAdapter.call(Unknown Source)
	at java.util.concurrent.FutureTask.run(Unknown Source)
	at java.util.concurrent.ThreadPoolExecutor.runWorker(Unknown Source)
	at java.util.concurrent.ThreadPoolExecutor$Worker.run(Unknown Source)
	at java.lang.Thread.run(Unknown Source)
... Removed 9 stack frames
</div> <!-- stack-trace -->
                </div> <!-- method-content -->
              </div> <!-- method -->
              <div class="method">
                <div class="method-content">
                  <a name="InflightMod([4159381, 987654, 26/12/2018, Retail, 10031, Telemaco, Chambial, Direct, Ethernet Line, New, 1-10000...)">
                  </a> <!-- InflightMod([4159381, 987654, 26/12/2018, Retail, 10031, Telemaco, Chambial, Direct, Ethernet Line, New, 1-10000...) -->
                  <span class="method-name">InflightMod</span>
                  <span class="parameters">([4159381, 987654, 26/12/2018, Retail, 10031, Telemaco, Chambial, Direct, Ethernet Line, New, 1-1000080649, 500 Mbps, No, Active, Chambial, Telemaco, Colt, Colt, 43808, 43808, 43808, 12, Yes, 1, 1, 151808ES, 151808ES, , , , , , 1 Gbps, , , , , , , , , , , , , , , , , , , , , , , , , , , , , , , , , , , , , , , 43808, 43808, 43808, , Protected, Protected, Metro, 1 Gbps, , , , , , , , Schmidtstrasse, Germany, Frankfurt, 60326, 12_MEZZA_NODE, DEFRA-0000004880, FRA99903/092, Existing Building, Existing, Business Hours, Existing Colt Cabinet, 43, Physical Port, LC/PC, , , NETCOLOGNE GMBH(DE), Schmidtstrasse, Germany, Frankfurt, 60326, 12_MEZZA_NODE, DEFRA-0000004880, FRA99903/092, Existing Building, Existing, Business Hours, Existing Colt Cabinet, 43, Physical Port, LC/PC, , , Ethernet over MSP, Ethernet over MSP, , , , , , , , , , , , , , , , , , , , , , , , , , , , , , , , , , , , , , , , , , , , , , , , , , , , , , , , , , , , , , , , , , , null, Etherline Onnet, Yes])</span>
                  <div class="stack-trace">org.openqa.selenium.TimeoutException: Expected condition failed: waiting for element to be clickable: By.xpath: //div[@id=&apos;colt-workflows-selection-popup-content&apos;]//input (tried for 180 second(s) with 20 SECONDS interval)
	at org.openqa.selenium.support.ui.FluentWait.timeoutException(FluentWait.java:264)
	at org.openqa.selenium.support.ui.FluentWait.until(FluentWait.java:232)
	at Driver.DriverHelper.WaitforElementtobeclickable(DriverHelper.java:166)
	at ScriptHelper.NewOrderOnnetHelper.TechnicalValidation(NewOrderOnnetHelper.java:4481)
	at Testscript.NewOrders.InflightMod(NewOrders.java:572)
	at java.util.concurrent.FutureTask.run(Unknown Source)
	at java.util.concurrent.Executors$RunnableAdapter.call(Unknown Source)
	at java.util.concurrent.FutureTask.run(Unknown Source)
	at java.util.concurrent.ThreadPoolExecutor.runWorker(Unknown Source)
	at java.util.concurrent.ThreadPoolExecutor$Worker.run(Unknown Source)
	at java.lang.Thread.run(Unknown Source)
Caused by: org.openqa.selenium.NoSuchElementException: Cannot locate an element using By.xpath: //div[@id=&apos;colt-workflows-selection-popup-content&apos;]//input
For documentation on this error, please visit: http://seleniumhq.org/exceptions/no_such_element.html
Build info: version: &apos;3.4.0&apos;, revision: &apos;unknown&apos;, time: &apos;unknown&apos;
System info: host: &apos;ULVMCTMTTL103&apos;, ip: &apos;10.44.33.64&apos;, os.name: &apos;Windows Server 2008 R2&apos;, os.arch: &apos;amd64&apos;, os.version: &apos;6.1&apos;, java.version: &apos;1.8.0_191&apos;
Driver info: driver.version: unknown
	at org.openqa.selenium.support.ui.ExpectedConditions.lambda$findElement$0(ExpectedConditions.java:883)
	at java.util.Optional.orElseThrow(Unknown Source)
	at org.openqa.selenium.support.ui.ExpectedConditions.findElement(ExpectedConditions.java:882)
	at org.openqa.selenium.support.ui.ExpectedConditions.access$000(ExpectedConditions.java:44)
	at org.openqa.selenium.support.ui.ExpectedConditions$7.apply(ExpectedConditions.java:206)
	at org.openqa.selenium.support.ui.ExpectedConditions$7.apply(ExpectedConditions.java:202)
	at org.openqa.selenium.support.ui.ExpectedConditions$22.apply(ExpectedConditions.java:644)
	at org.openqa.selenium.support.ui.ExpectedConditions$22.apply(ExpectedConditions.java:641)
	at org.openqa.selenium.support.ui.FluentWait.until(FluentWait.java:209)
	... 18 more
... Removed 9 stack frames
</div> <!-- stack-trace -->
                </div> <!-- method-content -->
              </div> <!-- method -->
              <div class="method">
                <div class="method-content">
                  <a name="InflightMod([4159381, 987654, 26/12/2019, Reseller, 10031, Telemaco, Chambial, Direct, Number Hosting, New, 1-10...)">
                  </a> <!-- InflightMod([4159381, 987654, 26/12/2019, Reseller, 10031, Telemaco, Chambial, Direct, Number Hosting, New, 1-10...) -->
                  <span class="method-name">InflightMod</span>
                  <span class="parameters">([4159381, 987654, 26/12/2019, Reseller, 10031, Telemaco, Chambial, Direct, Number Hosting, New, 1-1000080649, No, No, Active, Chambial, Telemaco, Colt, Colt, 16/12/2019, 16/12/2019, 16/12/2019, 12, Yes, 1, 1, 151808ES, 151808ES, , , , , , , , , , , , , , , , , , , , , , , , , , , , , , , , , , , , , , , , , , , , , 16/12/2019, 16/12/2019, 16/12/2019, , 151808ES, Austria, Both ways, G.722.1, G.722.1, China, Colt Access, TCP, SIP-I, TLS on, SRTP off, TLS_RSA_WITH_3DES_EDE_CBC_SHA (Priority 2), Colt, Individual Trunk CAC, POP Resilience, Abandoned, Abandoned, Order not needed, NETCOLOGNE GMBH(DE), 2 Chun Yat Street, Tseung Kwan O, Hong Kong, Hong Kong, 00000, NA, HKHON-0000112097, HKG0000112097/002, Existing Building, Existing, Business Hours, Existing Colt Cabinet, 43, Physical Port, LC/PC, , , Ethernet over NGN, Ethernet over NGN, , , , , , , , , , , , , , , , , , , , , , , , , , , , , , , , , , , , , , , , , , , , , , , , , , , , , , , , , , , , , , , , , , , , , , , , , , , , , , null, Number Hosting-On net, Yes])</span>
                  <div class="stack-trace">org.openqa.selenium.TimeoutException: Expected condition failed: waiting for Driver.DriverHelper$3@712c0ce7 (tried for 180 second(s) with 20 SECONDS interval)
	at org.openqa.selenium.support.ui.FluentWait.timeoutException(FluentWait.java:264)
	at org.openqa.selenium.support.ui.FluentWait.until(FluentWait.java:232)
	at Driver.DriverHelper.getwebelement(DriverHelper.java:342)
	at ScriptHelper.NewOrderOnnetHelper.enterMandatoryDetailsInMiddleApplet(NewOrderOnnetHelper.java:3462)
	at Testscript.NewOrders.InflightMod(NewOrders.java:557)
	at java.util.concurrent.FutureTask.run(Unknown Source)
	at java.util.concurrent.Executors$RunnableAdapter.call(Unknown Source)
	at java.util.concurrent.FutureTask.run(Unknown Source)
	at java.util.concurrent.ThreadPoolExecutor.runWorker(Unknown Source)
	at java.util.concurrent.ThreadPoolExecutor$Worker.run(Unknown Source)
	at java.lang.Thread.run(Unknown Source)
Caused by: org.openqa.selenium.NoSuchElementException: no such element: Unable to locate element: {&quot;method&quot;:&quot;xpath&quot;,&quot;selector&quot;:&quot;//li[text()=&apos;Austria&apos;]&quot;}
  (Session info: chrome=77.0.3865.120)
  (Driver info: chromedriver=2.40.565498 (ea082db3280dd6843ebfb08a625e3eb905c4f5ab),platform=Windows NT 6.1.7601 SP1 x86_64) (WARNING: The server did not provide any stacktrace information)
Command duration or timeout: 47 milliseconds
For documentation on this error, please visit: http://seleniumhq.org/exceptions/no_such_element.html
Build info: version: &apos;3.4.0&apos;, revision: &apos;unknown&apos;, time: &apos;unknown&apos;
System info: host: &apos;ULVMCTMTTL103&apos;, ip: &apos;10.44.33.64&apos;, os.name: &apos;Windows Server 2008 R2&apos;, os.arch: &apos;amd64&apos;, os.version: &apos;6.1&apos;, java.version: &apos;1.8.0_191&apos;
Driver info: org.openqa.selenium.chrome.ChromeDriver
Capabilities [{applicationCacheEnabled=false, rotatable=false, mobileEmulationEnabled=false, networkConnectionEnabled=false, chrome={chromedriverVersion=2.40.565498 (ea082db3280dd6843ebfb08a625e3eb905c4f5ab), userDataDir=C:\Users\ASHARM~2\AppData\Local\Temp\6\scoped_dir9132_9649}, takesHeapSnapshot=true, pageLoadStrategy=none, databaseEnabled=false, handlesAlerts=true, hasTouchScreen=false, version=77.0.3865.120, platform=XP, browserConnectionEnabled=false, nativeEvents=true, acceptSslCerts=false, acceptInsecureCerts=false, locationContextEnabled=true, webStorageEnabled=true, browserName=chrome, takesScreenshot=true, javascriptEnabled=true, cssSelectorsEnabled=true, setWindowRect=true, unexpectedAlertBehaviour=}]
Session ID: 61ab8605f173152b402b6fc22041c3c7
*** Element info: {Using=xpath, value=//li[text()=&apos;Austria&apos;]}
	at org.openqa.selenium.remote.ErrorHandler.createThrowable(ErrorHandler.java:215)
	at org.openqa.selenium.remote.ErrorHandler.throwIfResponseFailed(ErrorHandler.java:167)
	at org.openqa.selenium.remote.RemoteWebDriver.execute(RemoteWebDriver.java:671)
	at org.openqa.selenium.remote.RemoteWebDriver.findElement(RemoteWebDriver.java:410)
	at org.openqa.selenium.remote.RemoteWebDriver.findElementByXPath(RemoteWebDriver.java:509)
	at org.openqa.selenium.By$ByXPath.findElement(By.java:361)
	at org.openqa.selenium.remote.RemoteWebDriver.findElement(RemoteWebDriver.java:402)
	at Driver.DriverHelper$3.apply(DriverHelper.java:344)
	at Driver.DriverHelper$3.apply(DriverHelper.java:1)
	at org.openqa.selenium.support.ui.FluentWait.until(FluentWait.java:209)
	... 18 more
... Removed 12 stack frames
</div> <!-- stack-trace -->
                </div> <!-- method-content -->
              </div> <!-- method -->
              <div class="method">
                <div class="method-content">
                  <a name="InflightMod([4159381, 987654, 26/12/2018, Retail, 10031, Telemaco, Chambial, Direct, Wave, New, 1-1000080649, , ...)">
                  </a> <!-- InflightMod([4159381, 987654, 26/12/2018, Retail, 10031, Telemaco, Chambial, Direct, Wave, New, 1-1000080649, , ...) -->
                  <span class="method-name">InflightMod</span>
                  <span class="parameters">([4159381, 987654, 26/12/2018, Retail, 10031, Telemaco, Chambial, Direct, Wave, New, 1-1000080649, , No, Active, Chambial, Telemaco, Colt, Colt, 43808, 43808, 43808, 12, Yes, 1, 1, 151808ES, 151808ES, , , , , , 1 Gbps, , , , , , , , , , , , , , , , , , , , , , , , , , , , , , , , , , , , , , , 43808, 43808, 43808, , Protected, Protected, Metro, 1 Gbps, , , , , , , , Schmidtstrasse, Germany, Frankfurt, 60326, 12_MEZZA_NODE, DEFRA-0000004880, FRA99903/092, Existing Building, Existing, Business Hours, Existing Colt Cabinet, 43, Physical Port, LC/PC, , , NETCOLOGNE GMBH(DE), Schmidtstrasse, Germany, Frankfurt, 60326, 12_MEZZA_NODE, DEFRA-0000004880, FRA99903/092, Existing Building, Existing, Business Hours, Existing Colt Cabinet, 43, Physical Port, LC/PC, , , WDM, WDM, , , , , , , , , , , , , , , , , , , , , , , , , , , , , , , , , , , , , , , , , , , , , , , , , , , , , , , , , , , , , , , , , , , null, Wave Onnet, Yes])</span>
                  <div class="stack-trace">org.openqa.selenium.NoSuchElementException: Cannot locate element with text: Active
For documentation on this error, please visit: http://seleniumhq.org/exceptions/no_such_element.html
Build info: version: &apos;3.4.0&apos;, revision: &apos;unknown&apos;, time: &apos;unknown&apos;
System info: host: &apos;ULVMCTMTTL103&apos;, ip: &apos;10.44.33.64&apos;, os.name: &apos;Windows Server 2008 R2&apos;, os.arch: &apos;amd64&apos;, os.version: &apos;6.1&apos;, java.version: &apos;1.8.0_191&apos;
Driver info: driver.version: unknown
	at org.openqa.selenium.support.ui.Select.selectByVisibleText(Select.java:151)
	at Driver.DriverHelper.Select(DriverHelper.java:726)
	at ScriptHelper.NewOrderOnnetHelper.ASiteCustomize(NewOrderOnnetHelper.java:5180)
	at Testscript.NewOrders.InflightMod(NewOrders.java:554)
	at java.util.concurrent.FutureTask.run(Unknown Source)
	at java.util.concurrent.Executors$RunnableAdapter.call(Unknown Source)
	at java.util.concurrent.FutureTask.run(Unknown Source)
	at java.util.concurrent.ThreadPoolExecutor.runWorker(Unknown Source)
	at java.util.concurrent.ThreadPoolExecutor$Worker.run(Unknown Source)
	at java.lang.Thread.run(Unknown Source)
... Removed 9 stack frames
</div> <!-- stack-trace -->
                </div> <!-- method-content -->
              </div> <!-- method -->
              <div class="method">
                <div class="method-content">
                  <a name="InflightMod([4159381, 987654, 26/12/2018, Retail, 10031, Telemaco, Chambial, Direct, IP VPN Service, New, 1-1000...)">
                  </a> <!-- InflightMod([4159381, 987654, 26/12/2018, Retail, 10031, Telemaco, Chambial, Direct, IP VPN Service, New, 1-1000...) -->
                  <span class="method-name">InflightMod</span>
                  <span class="parameters">([4159381, 987654, 26/12/2018, Retail, 10031, Telemaco, Chambial, Direct, IP VPN Service, New, 1-1000080649, PrizmNet, No, Active, Chambial, Telemaco, Colt, Colt, 43505, 43505, 43505, 1, Yes, 1, 2, 151808ES, 151808ES, Any to Any (full mesh), IPv4 only, IP VPN Site, , , Managed Physical Router, , , , 1234, Managed Router, Legacy, No Resilience, 1 Mbps, Managed Router, Colt Fibre, Ethernet, , Existing Building, Existing, 112, Existing Colt Cabinet, 45, 24, 12, , 1000BaseLX, LC, SingleMode 1310nm, Business Hours, Type 1, NA, NA, UK_EC2A-3EZ_KING JOHN COURT_1_F_SWITCH, Buckingham Avenue Slough, United Kingdom, London, SL1 4AX, 1, , , , , , 43505, 43505, 43505, , , , , , , , , , , , , , , , , Abandoned, Order not needed, , , , , , , , , , , , , , , , , , , , , , , , , , , , , , , , , , , , , , , , , , , , , , , , , , , , , , , , , , , , , , , , , , , , , , , , , , , , , , , , , , , , , , , , , , , , Unprotected, Point to Point Single Node, 3 Mbps, , IP VPN, null, PrizmNet-OnNet, Yes])</span>
                  <div class="stack-trace">org.openqa.selenium.TimeoutException: Expected condition failed: waiting for Driver.DriverHelper$3@5fe3d7bf (tried for 180 second(s) with 20 SECONDS interval)
	at org.openqa.selenium.support.ui.FluentWait.timeoutException(FluentWait.java:264)
	at org.openqa.selenium.support.ui.FluentWait.until(FluentWait.java:232)
	at Driver.DriverHelper.getwebelement(DriverHelper.java:342)
	at ScriptHelper.NewOrderOnnetHelper.IPVPNServicePlusAccess(NewOrderOnnetHelper.java:9498)
	at ScriptHelper.NewOrderOnnetHelper.enterMandatoryDetailsInMiddleApplet(NewOrderOnnetHelper.java:4098)
	at Testscript.NewOrders.InflightMod(NewOrders.java:557)
	at java.util.concurrent.FutureTask.run(Unknown Source)
	at java.util.concurrent.Executors$RunnableAdapter.call(Unknown Source)
	at java.util.concurrent.FutureTask.run(Unknown Source)
	at java.util.concurrent.ThreadPoolExecutor.runWorker(Unknown Source)
	at java.util.concurrent.ThreadPoolExecutor$Worker.run(Unknown Source)
	at java.lang.Thread.run(Unknown Source)
Caused by: org.openqa.selenium.NoSuchElementException: no such element: Unable to locate element: {&quot;method&quot;:&quot;xpath&quot;,&quot;selector&quot;:&quot;//ul[contains(@style,&apos;block&apos;)]//li[text()=&apos;PrizmNet&apos;]&quot;}
  (Session info: chrome=77.0.3865.120)
  (Driver info: chromedriver=2.40.565498 (ea082db3280dd6843ebfb08a625e3eb905c4f5ab),platform=Windows NT 6.1.7601 SP1 x86_64) (WARNING: The server did not provide any stacktrace information)
Command duration or timeout: 31 milliseconds
For documentation on this error, please visit: http://seleniumhq.org/exceptions/no_such_element.html
Build info: version: &apos;3.4.0&apos;, revision: &apos;unknown&apos;, time: &apos;unknown&apos;
System info: host: &apos;ULVMCTMTTL103&apos;, ip: &apos;10.44.33.64&apos;, os.name: &apos;Windows Server 2008 R2&apos;, os.arch: &apos;amd64&apos;, os.version: &apos;6.1&apos;, java.version: &apos;1.8.0_191&apos;
Driver info: org.openqa.selenium.chrome.ChromeDriver
Capabilities [{applicationCacheEnabled=false, rotatable=false, mobileEmulationEnabled=false, networkConnectionEnabled=false, chrome={chromedriverVersion=2.40.565498 (ea082db3280dd6843ebfb08a625e3eb905c4f5ab), userDataDir=C:\Users\ASHARM~2\AppData\Local\Temp\6\scoped_dir11668_26015}, takesHeapSnapshot=true, pageLoadStrategy=none, databaseEnabled=false, handlesAlerts=true, hasTouchScreen=false, version=77.0.3865.120, platform=XP, browserConnectionEnabled=false, nativeEvents=true, acceptSslCerts=false, acceptInsecureCerts=false, locationContextEnabled=true, webStorageEnabled=true, browserName=chrome, takesScreenshot=true, javascriptEnabled=true, cssSelectorsEnabled=true, setWindowRect=true, unexpectedAlertBehaviour=}]
Session ID: 0220e2cf93dcaacbd8783e74ea6655f0
*** Element info: {Using=xpath, value=//ul[contains(@style,&apos;block&apos;)]//li[text()=&apos;PrizmNet&apos;]}
	at org.openqa.selenium.remote.ErrorHandler.createThrowable(ErrorHandler.java:215)
	at org.openqa.selenium.remote.ErrorHandler.throwIfResponseFailed(ErrorHandler.java:167)
	at org.openqa.selenium.remote.RemoteWebDriver.execute(RemoteWebDriver.java:671)
	at org.openqa.selenium.remote.RemoteWebDriver.findElement(RemoteWebDriver.java:410)
	at org.openqa.selenium.remote.RemoteWebDriver.findElementByXPath(RemoteWebDriver.java:509)
	at org.openqa.selenium.By$ByXPath.findElement(By.java:361)
	at org.openqa.selenium.remote.RemoteWebDriver.findElement(RemoteWebDriver.java:402)
	at Driver.DriverHelper$3.apply(DriverHelper.java:344)
	at Driver.DriverHelper$3.apply(DriverHelper.java:1)
	at org.openqa.selenium.support.ui.FluentWait.until(FluentWait.java:209)
	... 18 more
... Removed 11 stack frames
</div> <!-- stack-trace -->
                </div> <!-- method-content -->
              </div> <!-- method -->
              <div class="method">
                <div class="method-content">
                  <a name="InflightMod([4159381, 987654, 26/12/2018, Retail, 10031, Telemaco, Chambial, Direct, IP VPN Service, New, 1-1000...)">
                  </a> <!-- InflightMod([4159381, 987654, 26/12/2018, Retail, 10031, Telemaco, Chambial, Direct, IP VPN Service, New, 1-1000...) -->
                  <span class="method-name">InflightMod</span>
                  <span class="parameters">([4159381, 987654, 26/12/2018, Retail, 10031, Telemaco, Chambial, Direct, IP VPN Service, New, 1-1000080649, IP VPN Wholesale, No, Active, Chambial, Telemaco, Colt, Colt, 43505, 43505, 43505, 1, Yes, 1, 2, 151808ES, 151808ES, Any to Any (full mesh), IPv4 only, IP VPN Site, , , Managed Physical Router, , , , 1234, Managed Router, Legacy, No Resilience, 1 Mbps, Managed Router, Colt Fibre, Ethernet, , Existing Building, Existing, 112, Existing Colt Cabinet, 45, 24, 12, , 1000BaseLX, LC, SingleMode 1310nm, Business Hours, Type 1, NA, NA, UK_EC2A-3EZ_KING JOHN COURT_1_F_SWITCH, Buckingham Avenue Slough, United Kingdom, London, SL1 4AX, 1, , , , , , 43505, 43505, 43505, , , , , , , , , , , , , , , , , Abandoned, Order not needed, , , , , , , , , , , , , , , , , , , , , , , , , , , , , , , , , , , , , , , , , , , , , , , , , , , , , , , , , , , , , , , , , , , , , , , , , , , , , , , , , , , , , , , , , , , , , , 3 Mbps, , IP VPN, null, IP VPN Wholesale-OnNet, Yes])</span>
                  <div class="stack-trace">org.openqa.selenium.TimeoutException: Expected condition failed: waiting for element to be clickable: By.xpath: //a[text()=&apos;Click here to save your product configuration.&apos;] (tried for 180 second(s) with 20 SECONDS interval)
	at org.openqa.selenium.support.ui.FluentWait.timeoutException(FluentWait.java:264)
	at org.openqa.selenium.support.ui.FluentWait.until(FluentWait.java:232)
	at Driver.DriverHelper.WaitforElementtobeclickable(DriverHelper.java:166)
	at ScriptHelper.InFlightOrderHelper.PlusAccessWHSwifPrizm(InFlightOrderHelper.java:495)
	at ScriptHelper.InFlightOrderHelper.ServiceTabInFlight(InFlightOrderHelper.java:445)
	at Testscript.NewOrders.InflightMod(NewOrders.java:576)
	at java.util.concurrent.FutureTask.run(Unknown Source)
	at java.util.concurrent.Executors$RunnableAdapter.call(Unknown Source)
	at java.util.concurrent.FutureTask.run(Unknown Source)
	at java.util.concurrent.ThreadPoolExecutor.runWorker(Unknown Source)
	at java.util.concurrent.ThreadPoolExecutor$Worker.run(Unknown Source)
	at java.lang.Thread.run(Unknown Source)
Caused by: org.openqa.selenium.NoSuchElementException: Cannot locate an element using By.xpath: //a[text()=&apos;Click here to save your product configuration.&apos;]
For documentation on this error, please visit: http://seleniumhq.org/exceptions/no_such_element.html
Build info: version: &apos;3.4.0&apos;, revision: &apos;unknown&apos;, time: &apos;unknown&apos;
System info: host: &apos;ULVMCTMTTL103&apos;, ip: &apos;10.44.33.64&apos;, os.name: &apos;Windows Server 2008 R2&apos;, os.arch: &apos;amd64&apos;, os.version: &apos;6.1&apos;, java.version: &apos;1.8.0_191&apos;
Driver info: driver.version: unknown
	at org.openqa.selenium.support.ui.ExpectedConditions.lambda$findElement$0(ExpectedConditions.java:883)
	at java.util.Optional.orElseThrow(Unknown Source)
	at org.openqa.selenium.support.ui.ExpectedConditions.findElement(ExpectedConditions.java:882)
	at org.openqa.selenium.support.ui.ExpectedConditions.access$000(ExpectedConditions.java:44)
	at org.openqa.selenium.support.ui.ExpectedConditions$7.apply(ExpectedConditions.java:206)
	at org.openqa.selenium.support.ui.ExpectedConditions$7.apply(ExpectedConditions.java:202)
	at org.openqa.selenium.support.ui.ExpectedConditions$22.apply(ExpectedConditions.java:644)
	at org.openqa.selenium.support.ui.ExpectedConditions$22.apply(ExpectedConditions.java:641)
	at org.openqa.selenium.support.ui.FluentWait.until(FluentWait.java:209)
	... 18 more
... Removed 8 stack frames
</div> <!-- stack-trace -->
                </div> <!-- method-content -->
              </div> <!-- method -->
              <div class="method">
                <div class="method-content">
                  <a name="InflightMod([30330, 987654, 18/09/2019, Retail, 10031, Telemaco, Chambial, Direct, Ethernet VPN Access, New, , N...)">
                  </a> <!-- InflightMod([30330, 987654, 18/09/2019, Retail, 10031, Telemaco, Chambial, Direct, Ethernet VPN Access, New, , N...) -->
                  <span class="method-name">InflightMod</span>
                  <span class="parameters">([30330, 987654, 18/09/2019, Retail, 10031, Telemaco, Chambial, Direct, Ethernet VPN Access, New, , No, No, Active, Chambial, Telemaco, Colt, Colt, 43808, 43808, 43808, 1, Yes, 1, 2, 151808ES, 151808ES, , , , , , , , , , , E-VPN Access, Legacy, Protected, 3 Gbps, , Colt Fibre, Ethernet over MSP, , New Building, Existing, 112, Existing Colt Cabinet, 45, 23, 10, 12, 10GBaseLR, LC/PC, SingleMode 1310nm, Business Hours, Type 1, , Physical Port, DE_60326_SCHMIDTSTRASSE_12_NODE_01UG_NODE, parker, United Kingdom, London, *, *, , , , , , 43808, 43808, 43808, , , , , , , , , , , , , , , , , , , , , , , , , Physical Port, , , , , , , , , , , , , , , , , , , , , , , , , , , , , , , , , , , , , , , , , , , , , , , , , , , , , , , , , , , , , , , , , , , , , , , , , , , , , , , , , , , , , , , , , null, Ethernet VPN Access, Yes])</span>
                  <div class="stack-trace">org.openqa.selenium.TimeoutException: Expected condition failed: waiting for Driver.DriverHelper$3@2d0fefc7 (tried for 180 second(s) with 20 SECONDS interval)
	at org.openqa.selenium.support.ui.FluentWait.timeoutException(FluentWait.java:264)
	at org.openqa.selenium.support.ui.FluentWait.until(FluentWait.java:232)
	at Driver.DriverHelper.getwebelement(DriverHelper.java:342)
	at ScriptHelper.NewOrderOnnetHelper.enterMandatoryFieldsInHeader(NewOrderOnnetHelper.java:271)
	at Testscript.NewOrders.InflightMod(NewOrders.java:550)
	at java.util.concurrent.FutureTask.run(Unknown Source)
	at java.util.concurrent.Executors$RunnableAdapter.call(Unknown Source)
	at java.util.concurrent.FutureTask.run(Unknown Source)
	at java.util.concurrent.ThreadPoolExecutor.runWorker(Unknown Source)
	at java.util.concurrent.ThreadPoolExecutor$Worker.run(Unknown Source)
	at java.lang.Thread.run(Unknown Source)
Caused by: org.openqa.selenium.NoSuchElementException: no such element: Unable to locate element: {&quot;method&quot;:&quot;xpath&quot;,&quot;selector&quot;:&quot;//td[@class=&quot;siebui-popup-filter&quot;]//button[@title=&quot;Pick Network Reference:Go&quot;]&quot;}
  (Session info: chrome=77.0.3865.120)
  (Driver info: chromedriver=2.40.565498 (ea082db3280dd6843ebfb08a625e3eb905c4f5ab),platform=Windows NT 6.1.7601 SP1 x86_64) (WARNING: The server did not provide any stacktrace information)
Command duration or timeout: 47 milliseconds
For documentation on this error, please visit: http://seleniumhq.org/exceptions/no_such_element.html
Build info: version: &apos;3.4.0&apos;, revision: &apos;unknown&apos;, time: &apos;unknown&apos;
System info: host: &apos;ULVMCTMTTL103&apos;, ip: &apos;10.44.33.64&apos;, os.name: &apos;Windows Server 2008 R2&apos;, os.arch: &apos;amd64&apos;, os.version: &apos;6.1&apos;, java.version: &apos;1.8.0_191&apos;
Driver info: org.openqa.selenium.chrome.ChromeDriver
Capabilities [{applicationCacheEnabled=false, rotatable=false, mobileEmulationEnabled=false, networkConnectionEnabled=false, chrome={chromedriverVersion=2.40.565498 (ea082db3280dd6843ebfb08a625e3eb905c4f5ab), userDataDir=C:\Users\ASHARM~2\AppData\Local\Temp\6\scoped_dir9900_20157}, takesHeapSnapshot=true, pageLoadStrategy=none, databaseEnabled=false, handlesAlerts=true, hasTouchScreen=false, version=77.0.3865.120, platform=XP, browserConnectionEnabled=false, nativeEvents=true, acceptSslCerts=false, acceptInsecureCerts=false, locationContextEnabled=true, webStorageEnabled=true, browserName=chrome, takesScreenshot=true, javascriptEnabled=true, cssSelectorsEnabled=true, setWindowRect=true, unexpectedAlertBehaviour=}]
Session ID: b9551d84630e5260f07dc0cbc5b00072
*** Element info: {Using=xpath, value=//td[@class=&quot;siebui-popup-filter&quot;]//button[@title=&quot;Pick Network Reference:Go&quot;]}
	at org.openqa.selenium.remote.ErrorHandler.createThrowable(ErrorHandler.java:215)
	at org.openqa.selenium.remote.ErrorHandler.throwIfResponseFailed(ErrorHandler.java:167)
	at org.openqa.selenium.remote.RemoteWebDriver.execute(RemoteWebDriver.java:671)
	at org.openqa.selenium.remote.RemoteWebDriver.findElement(RemoteWebDriver.java:410)
	at org.openqa.selenium.remote.RemoteWebDriver.findElementByXPath(RemoteWebDriver.java:509)
	at org.openqa.selenium.By$ByXPath.findElement(By.java:361)
	at org.openqa.selenium.remote.RemoteWebDriver.findElement(RemoteWebDriver.java:402)
	at Driver.DriverHelper$3.apply(DriverHelper.java:344)
	at Driver.DriverHelper$3.apply(DriverHelper.java:1)
	at org.openqa.selenium.support.ui.FluentWait.until(FluentWait.java:209)
	... 18 more
... Removed 12 stack frames
</div> <!-- stack-trace -->
                </div> <!-- method-content -->
              </div> <!-- method -->
              <div class="method">
                <div class="method-content">
                  <a name="InflightMod([4159381, 987654, 20/09/2019, Retail, 10031, Telemaco, Chambial, Direct, Private Ethernet, New, 1-10...)">
                  </a> <!-- InflightMod([4159381, 987654, 20/09/2019, Retail, 10031, Telemaco, Chambial, Direct, Private Ethernet, New, 1-10...) -->
                  <span class="method-name">InflightMod</span>
                  <span class="parameters">([4159381, 987654, 20/09/2019, Retail, 10031, Telemaco, Chambial, Direct, Private Ethernet, New, 1-1000080649, No, No, Active, Chambial, Telemaco, Colt, Colt, 19/09/2019, 19/09/2019, 19/09/2019, 1, Yes, 1, 2, 151808ES, 151808ES, Primary, Layer 1, Y, OCN, ROE32, 100 Mbps, NA, NA, , , , Legacy, , , , , , N/A, NA, NA, NA, , , 24, 45, , , RJ45, SingleMode 1310nm, , , , , , , , , , , NA, NA, Party Id, K0124982, , 19/09/2019, 19/09/2019, 19/09/2019, , Protected, Protected, NA, N/A, NA, N/A, No, No, Ethernet over Fibre, Colt Fibre, Existing Building, Schmidtstrasse, Germany, Frankfurt, 60326, 12_MEZZA_NODE, , , NA, NA, Business Hours, Customer Cabinet, NA, , 10BaseT, NA, NA, RJ45, Schmidtstrasse, Germany, Berlin, 10115, , , , NA, NA, Business Hours, Existing Colt Cabinet, NA, 4453, 10BaseT, NA, , , , MultiMode 850nm, , Existing Building, N/A, NA, NA, NA, NA, Customer Cabinet, , , , , , , , , , , , , , , , , , , NA, NA, N/A, No, None, No, No, None, No, , , , , , , , , , , , , , , , , , , , , , , , , , , , , , , null, Private Ethernet, Yes])</span>
                  <div class="stack-trace">org.openqa.selenium.TimeoutException: Expected condition failed: waiting for element to be clickable: [[ChromeDriver: chrome on XP (6564d6dda4ca8555f7b25a859800adba)] -&gt; xpath: //li[text()=&apos;Delivery&apos;]] (tried for 180 second(s) with 20 SECONDS interval)
Build info: version: &apos;3.4.0&apos;, revision: &apos;unknown&apos;, time: &apos;unknown&apos;
System info: host: &apos;ULVMCTMTTL103&apos;, ip: &apos;10.44.33.64&apos;, os.name: &apos;Windows Server 2008 R2&apos;, os.arch: &apos;amd64&apos;, os.version: &apos;6.1&apos;, java.version: &apos;1.8.0_191&apos;
Driver info: driver.version: unknown
	at org.openqa.selenium.support.ui.FluentWait.timeoutException(FluentWait.java:264)
	at org.openqa.selenium.support.ui.FluentWait.until(FluentWait.java:232)
	at Driver.DriverHelper$3.apply(DriverHelper.java:345)
	at Driver.DriverHelper$3.apply(DriverHelper.java:1)
	at org.openqa.selenium.support.ui.FluentWait.until(FluentWait.java:209)
	at Driver.DriverHelper.getwebelement(DriverHelper.java:342)
	at ScriptHelper.NewOrderOnnetHelper.DeliveryValidation(NewOrderOnnetHelper.java:4508)
	at Testscript.NewOrders.InflightMod(NewOrders.java:574)
	at java.util.concurrent.FutureTask.run(Unknown Source)
	at java.util.concurrent.Executors$RunnableAdapter.call(Unknown Source)
	at java.util.concurrent.FutureTask.run(Unknown Source)
	at java.util.concurrent.ThreadPoolExecutor.runWorker(Unknown Source)
	at java.util.concurrent.ThreadPoolExecutor$Worker.run(Unknown Source)
	at java.lang.Thread.run(Unknown Source)
... Removed 9 stack frames
</div> <!-- stack-trace -->
                </div> <!-- method-content -->
              </div> <!-- method -->
              <div class="method">
                <div class="method-content">
                  <a name="InflightMod([4159381, 987654, 20/09/2019, Retail, 10031, Telemaco, Chambial, Direct, Ultra Low Latency, New, 1-1...)">
                  </a> <!-- InflightMod([4159381, 987654, 20/09/2019, Retail, 10031, Telemaco, Chambial, Direct, Ultra Low Latency, New, 1-1...) -->
                  <span class="method-name">InflightMod</span>
                  <span class="parameters">([4159381, 987654, 20/09/2019, Retail, 10031, Telemaco, Chambial, Direct, Ultra Low Latency, New, 1-1000080649, No, No, Active, Chambial, Telemaco, Colt, Colt, 19/09/2019, 19/09/2019, 19/09/2019, 12, Yes, 1, 2, 151808ES, 151808ES, Primary, Layer 1, Y, OCN, ROE32, 100 Mbps, NA, NA, , , , Legacy, , , , , , N/A, NA, NA, NA, , , 24, 45, , , RJ45, SingleMode 1310nm, , , , , , , , , , , 1211, 1133, Party Id, K0124982, , 19/09/2019, 19/09/2019, 19/09/2019, , Protected, Protected, , , , , , , , , , Schmidtstrasse, Germany, Frankfurt, 60326, 12_MEZZA_NODE, , , NA, NA, Business Hours, Customer Cabinet, 43, , 10BaseT, No, 9000, RJ45, Schmidtstrasse, Germany, Frankfurt, 60326, , , , NA, NA, Business Hours, Existing Colt Cabinet, 49, 4453, 10BaseT, NA, , , , DFR-210774541, , , , , , , , , , , , , , , , , , , , , , , , , , , NA, NA, N/A, No, None, No, No, None, No, , , , , , , , , , , , , , , , , , , , , , , , , , , , , , , null, Ultra Low Latency, Yes])</span>
                  <div class="stack-trace">org.openqa.selenium.TimeoutException: Expected condition failed: waiting for element to be clickable: By.xpath: //button[@aria-label=&apos;Operational Attributes:OK&apos;] (tried for 180 second(s) with 20 SECONDS interval)
	at org.openqa.selenium.support.ui.FluentWait.timeoutException(FluentWait.java:264)
	at org.openqa.selenium.support.ui.FluentWait.until(FluentWait.java:232)
	at Driver.DriverHelper.WaitforElementtobeclickable(DriverHelper.java:166)
	at ScriptHelper.NewOrderOnnetHelper.OperationalAttributeUltra(NewOrderOnnetHelper.java:9896)
	at ScriptHelper.NewOrderOnnetHelper.enterMandatoryDetailsInMiddleApplet(NewOrderOnnetHelper.java:1647)
	at Testscript.NewOrders.InflightMod(NewOrders.java:557)
	at java.util.concurrent.FutureTask.run(Unknown Source)
	at java.util.concurrent.Executors$RunnableAdapter.call(Unknown Source)
	at java.util.concurrent.FutureTask.run(Unknown Source)
	at java.util.concurrent.ThreadPoolExecutor.runWorker(Unknown Source)
	at java.util.concurrent.ThreadPoolExecutor$Worker.run(Unknown Source)
	at java.lang.Thread.run(Unknown Source)
Caused by: org.openqa.selenium.NoSuchElementException: Cannot locate an element using By.xpath: //button[@aria-label=&apos;Operational Attributes:OK&apos;]
For documentation on this error, please visit: http://seleniumhq.org/exceptions/no_such_element.html
Build info: version: &apos;3.4.0&apos;, revision: &apos;unknown&apos;, time: &apos;unknown&apos;
System info: host: &apos;ULVMCTMTTL103&apos;, ip: &apos;10.44.33.64&apos;, os.name: &apos;Windows Server 2008 R2&apos;, os.arch: &apos;amd64&apos;, os.version: &apos;6.1&apos;, java.version: &apos;1.8.0_191&apos;
Driver info: driver.version: unknown
	at org.openqa.selenium.support.ui.ExpectedConditions.lambda$findElement$0(ExpectedConditions.java:883)
	at java.util.Optional.orElseThrow(Unknown Source)
	at org.openqa.selenium.support.ui.ExpectedConditions.findElement(ExpectedConditions.java:882)
	at org.openqa.selenium.support.ui.ExpectedConditions.access$000(ExpectedConditions.java:44)
	at org.openqa.selenium.support.ui.ExpectedConditions$7.apply(ExpectedConditions.java:206)
	at org.openqa.selenium.support.ui.ExpectedConditions$7.apply(ExpectedConditions.java:202)
	at org.openqa.selenium.support.ui.ExpectedConditions$22.apply(ExpectedConditions.java:644)
	at org.openqa.selenium.support.ui.ExpectedConditions$22.apply(ExpectedConditions.java:641)
	at org.openqa.selenium.support.ui.FluentWait.until(FluentWait.java:209)
	... 19 more
... Removed 9 stack frames
</div> <!-- stack-trace -->
                </div> <!-- method-content -->
              </div> <!-- method -->
              <div class="method">
                <div class="method-content">
                  <a name="InflightMod([4159381, 987654, 26/12/2018, Retail, 10031, Telemaco, Chambial, Direct, IP VPN Service, New, 1-1000...)">
                  </a> <!-- InflightMod([4159381, 987654, 26/12/2018, Retail, 10031, Telemaco, Chambial, Direct, IP VPN Service, New, 1-1000...) -->
                  <span class="method-name">InflightMod</span>
                  <span class="parameters">([4159381, 987654, 26/12/2018, Retail, 10031, Telemaco, Chambial, Direct, IP VPN Service, New, 1-1000080649, IP VPN Access, No, Active, Chambial, Telemaco, Colt, Colt, 43505, 43505, 43505, 1, Yes, 1, 2, 151808ES, 151808ES, Any to Any (full mesh), IPv4 only, IP VPN Site, , , Managed Physical Router, , , , 1234, Managed Router, Legacy, No Resilience, 1 Mbps, Managed Router, Colt Fibre, Ethernet, , Existing Building, Existing, 112, Existing Colt Cabinet, 45, 24, 12, , 1000BaseLX, LC, SingleMode 1310nm, Business Hours, Type 1, NA, NA, UK_EC2A-3EZ_KING JOHN COURT_1_F_SWITCH, Buckingham Avenue Slough, United Kingdom, London, SL1 4AX, 1, , , , , , 43505, 43505, 43505, , , , , , , , , , , , , , , , , Abandoned, Order not needed, , , , , , , , , , , , , , , , , , , , , , , , , , , , , , , , , , , , , , , , , , , , , , , , , , , , , , , , , , , , , , , , , , , , , , , , , , , , , , , , , , , , , , , , , , , , , , 3 Mbps, , IP VPN, null, IP VPN Access-OnNet, Yes])</span>
                  <div class="stack-trace">org.openqa.selenium.TimeoutException: Expected condition failed: waiting for Driver.DriverHelper$3@12506f07 (tried for 180 second(s) with 20 SECONDS interval)
	at org.openqa.selenium.support.ui.FluentWait.timeoutException(FluentWait.java:264)
	at org.openqa.selenium.support.ui.FluentWait.until(FluentWait.java:232)
	at Driver.DriverHelper.getwebelement(DriverHelper.java:342)
	at ScriptHelper.NewOrderOnnetHelper.IPVPNServicePlusAccess(NewOrderOnnetHelper.java:9498)
	at ScriptHelper.NewOrderOnnetHelper.enterMandatoryDetailsInMiddleApplet(NewOrderOnnetHelper.java:4098)
	at Testscript.NewOrders.InflightMod(NewOrders.java:557)
	at java.util.concurrent.FutureTask.run(Unknown Source)
	at java.util.concurrent.Executors$RunnableAdapter.call(Unknown Source)
	at java.util.concurrent.FutureTask.run(Unknown Source)
	at java.util.concurrent.ThreadPoolExecutor.runWorker(Unknown Source)
	at java.util.concurrent.ThreadPoolExecutor$Worker.run(Unknown Source)
	at java.lang.Thread.run(Unknown Source)
Caused by: org.openqa.selenium.NoSuchElementException: no such element: Unable to locate element: {&quot;method&quot;:&quot;xpath&quot;,&quot;selector&quot;:&quot;//ul[contains(@style,&apos;block&apos;)]//li[text()=&apos;IP VPN Access&apos;]&quot;}
  (Session info: chrome=77.0.3865.120)
  (Driver info: chromedriver=2.40.565498 (ea082db3280dd6843ebfb08a625e3eb905c4f5ab),platform=Windows NT 6.1.7601 SP1 x86_64) (WARNING: The server did not provide any stacktrace information)
Command duration or timeout: 47 milliseconds
For documentation on this error, please visit: http://seleniumhq.org/exceptions/no_such_element.html
Build info: version: &apos;3.4.0&apos;, revision: &apos;unknown&apos;, time: &apos;unknown&apos;
System info: host: &apos;ULVMCTMTTL103&apos;, ip: &apos;10.44.33.64&apos;, os.name: &apos;Windows Server 2008 R2&apos;, os.arch: &apos;amd64&apos;, os.version: &apos;6.1&apos;, java.version: &apos;1.8.0_191&apos;
Driver info: org.openqa.selenium.chrome.ChromeDriver
Capabilities [{applicationCacheEnabled=false, rotatable=false, mobileEmulationEnabled=false, networkConnectionEnabled=false, chrome={chromedriverVersion=2.40.565498 (ea082db3280dd6843ebfb08a625e3eb905c4f5ab), userDataDir=C:\Users\ASHARM~2\AppData\Local\Temp\6\scoped_dir3916_20503}, takesHeapSnapshot=true, pageLoadStrategy=none, databaseEnabled=false, handlesAlerts=true, hasTouchScreen=false, version=77.0.3865.120, platform=XP, browserConnectionEnabled=false, nativeEvents=true, acceptSslCerts=false, acceptInsecureCerts=false, locationContextEnabled=true, webStorageEnabled=true, browserName=chrome, takesScreenshot=true, javascriptEnabled=true, cssSelectorsEnabled=true, setWindowRect=true, unexpectedAlertBehaviour=}]
Session ID: 82cab55c2f0ab0a2173b5d4e5195b769
*** Element info: {Using=xpath, value=//ul[contains(@style,&apos;block&apos;)]//li[text()=&apos;IP VPN Access&apos;]}
	at org.openqa.selenium.remote.ErrorHandler.createThrowable(ErrorHandler.java:215)
	at org.openqa.selenium.remote.ErrorHandler.throwIfResponseFailed(ErrorHandler.java:167)
	at org.openqa.selenium.remote.RemoteWebDriver.execute(RemoteWebDriver.java:671)
	at org.openqa.selenium.remote.RemoteWebDriver.findElement(RemoteWebDriver.java:410)
	at org.openqa.selenium.remote.RemoteWebDriver.findElementByXPath(RemoteWebDriver.java:509)
	at org.openqa.selenium.By$ByXPath.findElement(By.java:361)
	at org.openqa.selenium.remote.RemoteWebDriver.findElement(RemoteWebDriver.java:402)
	at Driver.DriverHelper$3.apply(DriverHelper.java:344)
	at Driver.DriverHelper$3.apply(DriverHelper.java:1)
	at org.openqa.selenium.support.ui.FluentWait.until(FluentWait.java:209)
	... 18 more
... Removed 11 stack frames
</div> <!-- stack-trace -->
                </div> <!-- method-content -->
              </div> <!-- method -->
              <div class="method">
                <div class="method-content">
                  <a name="InflightMod([4159381, 987654, 26/12/2018, Retail, 10031, Telemaco, Chambial, Direct, IP VPN Service, New, 1-1000...)">
                  </a> <!-- InflightMod([4159381, 987654, 26/12/2018, Retail, 10031, Telemaco, Chambial, Direct, IP VPN Service, New, 1-1000...) -->
                  <span class="method-name">InflightMod</span>
                  <span class="parameters">([4159381, 987654, 26/12/2018, Retail, 10031, Telemaco, Chambial, Direct, IP VPN Service, New, 1-1000080649, IP VPN Plus, No, Active, Chambial, Telemaco, Colt, Colt, 43505, 43505, 43505, 1, Yes, 1, 2, 151808ES, 151808ES, Any to Any (full mesh), IPv4 only, IP VPN Site, , , Managed Physical Router, , , , 1234, Managed Router, Legacy, No Resilience, 1 Mbps, Managed Router, Colt Fibre, Ethernet, , Existing Building, Existing, 112, Existing Colt Cabinet, 45, 24, 12, , 1000BaseLX, LC, SingleMode 1310nm, Business Hours, Type 1, NA, NA, UK_EC2A-3EZ_KING JOHN COURT_1_F_SWITCH, Buckingham Avenue Slough, United Kingdom, London, SL1 4AX, 1, , , , , , 43505, 43505, 43505, , , , , , , , , , , , , , , , , Abandoned, Order not needed, , , , , , , , , , , , , , , , , , , , , , , , , , , , , , , , , , , , , , , , , , , , , , , , , , , , , , , , , , , , , , , , , , , , , , , , , , , , , , , , , , , , , , , , , , , , , , 3 Mbps, , IP VPN, null, IP VPN Plus-OnNet, Yes])</span>
                  <div class="stack-trace">org.openqa.selenium.TimeoutException: Expected condition failed: waiting for Driver.DriverHelper$3@12bf6738 (tried for 180 second(s) with 20 SECONDS interval)
	at org.openqa.selenium.support.ui.FluentWait.timeoutException(FluentWait.java:264)
	at org.openqa.selenium.support.ui.FluentWait.until(FluentWait.java:232)
	at Driver.DriverHelper.getwebelement(DriverHelper.java:342)
	at ScriptHelper.NewOrderOnnetHelper.IPVPNServicePlusAccess(NewOrderOnnetHelper.java:9498)
	at ScriptHelper.NewOrderOnnetHelper.enterMandatoryDetailsInMiddleApplet(NewOrderOnnetHelper.java:4098)
	at Testscript.NewOrders.InflightMod(NewOrders.java:557)
	at java.util.concurrent.FutureTask.run(Unknown Source)
	at java.util.concurrent.Executors$RunnableAdapter.call(Unknown Source)
	at java.util.concurrent.FutureTask.run(Unknown Source)
	at java.util.concurrent.ThreadPoolExecutor.runWorker(Unknown Source)
	at java.util.concurrent.ThreadPoolExecutor$Worker.run(Unknown Source)
	at java.lang.Thread.run(Unknown Source)
Caused by: org.openqa.selenium.NoSuchElementException: no such element: Unable to locate element: {&quot;method&quot;:&quot;xpath&quot;,&quot;selector&quot;:&quot;//ul[contains(@style,&apos;block&apos;)]//li[text()=&apos;IP VPN Plus&apos;]&quot;}
  (Session info: chrome=77.0.3865.120)
  (Driver info: chromedriver=2.40.565498 (ea082db3280dd6843ebfb08a625e3eb905c4f5ab),platform=Windows NT 6.1.7601 SP1 x86_64) (WARNING: The server did not provide any stacktrace information)
Command duration or timeout: 32 milliseconds
For documentation on this error, please visit: http://seleniumhq.org/exceptions/no_such_element.html
Build info: version: &apos;3.4.0&apos;, revision: &apos;unknown&apos;, time: &apos;unknown&apos;
System info: host: &apos;ULVMCTMTTL103&apos;, ip: &apos;10.44.33.64&apos;, os.name: &apos;Windows Server 2008 R2&apos;, os.arch: &apos;amd64&apos;, os.version: &apos;6.1&apos;, java.version: &apos;1.8.0_191&apos;
Driver info: org.openqa.selenium.chrome.ChromeDriver
Capabilities [{applicationCacheEnabled=false, rotatable=false, mobileEmulationEnabled=false, networkConnectionEnabled=false, chrome={chromedriverVersion=2.40.565498 (ea082db3280dd6843ebfb08a625e3eb905c4f5ab), userDataDir=C:\Users\ASHARM~2\AppData\Local\Temp\6\scoped_dir9268_23941}, takesHeapSnapshot=true, pageLoadStrategy=none, databaseEnabled=false, handlesAlerts=true, hasTouchScreen=false, version=77.0.3865.120, platform=XP, browserConnectionEnabled=false, nativeEvents=true, acceptSslCerts=false, acceptInsecureCerts=false, locationContextEnabled=true, webStorageEnabled=true, browserName=chrome, takesScreenshot=true, javascriptEnabled=true, cssSelectorsEnabled=true, setWindowRect=true, unexpectedAlertBehaviour=}]
Session ID: ec8788627ff9547771f1063ef726d905
*** Element info: {Using=xpath, value=//ul[contains(@style,&apos;block&apos;)]//li[text()=&apos;IP VPN Plus&apos;]}
	at org.openqa.selenium.remote.ErrorHandler.createThrowable(ErrorHandler.java:215)
	at org.openqa.selenium.remote.ErrorHandler.throwIfResponseFailed(ErrorHandler.java:167)
	at org.openqa.selenium.remote.RemoteWebDriver.execute(RemoteWebDriver.java:671)
	at org.openqa.selenium.remote.RemoteWebDriver.findElement(RemoteWebDriver.java:410)
	at org.openqa.selenium.remote.RemoteWebDriver.findElementByXPath(RemoteWebDriver.java:509)
	at org.openqa.selenium.By$ByXPath.findElement(By.java:361)
	at org.openqa.selenium.remote.RemoteWebDriver.findElement(RemoteWebDriver.java:402)
	at Driver.DriverHelper$3.apply(DriverHelper.java:344)
	at Driver.DriverHelper$3.apply(DriverHelper.java:1)
	at org.openqa.selenium.support.ui.FluentWait.until(FluentWait.java:209)
	... 18 more
... Removed 11 stack frames
</div> <!-- stack-trace -->
                </div> <!-- method-content -->
              </div> <!-- method -->
              <div class="method">
                <div class="method-content">
                  <a name="InflightMod([4159381, 987654, 26/12/2018, Retail, 10031, Telemaco, Chambial, Direct, Interconnect, New, 1-100008...)">
                  </a> <!-- InflightMod([4159381, 987654, 26/12/2018, Retail, 10031, Telemaco, Chambial, Direct, Interconnect, New, 1-100008...) -->
                  <span class="method-name">InflightMod</span>
                  <span class="parameters">([4159381, 987654, 26/12/2018, Retail, 10031, Telemaco, Chambial, Direct, Interconnect, New, 1-1000080649, No, No, Active, Chambial, Telemaco, Colt, Colt, 19/08/2019, 19/08/2019, 19/08/2019, 12, Yes, 1, 1, 151808ES, 151808ES, , , , , , , , , , , , , , , , , , , , , , , , , , , , , , , , , , , , , , , , , , , , , 19/08/2019, 19/08/2019, 19/08/2019, Abandoned, , Austria, Both ways, G.722.1, G.722.1, China, Colt Access, TCP, SIP-I, TLS on, SRTP off, TLS_RSA_WITH_3DES_EDE_CBC_SHA (Priority 2), Colt, Individual Trunk CAC, POP Resilience, Abandoned, Abandoned, Order not needed, , , , , , , , , , , , , , , , , , , , , , , , , , , , , , , , , , , , , , , , , , , , , , , , , , , , , , , , , , , , , , , , , , , , , , , , , , , , , , , , , , , , , , , , , , , , , , , , , null, Interconnect -On net, Yes])</span>
                  <div class="stack-trace">org.openqa.selenium.TimeoutException: Expected condition failed: waiting for Driver.DriverHelper$3@e6a7cde (tried for 180 second(s) with 20 SECONDS interval)
	at org.openqa.selenium.support.ui.FluentWait.timeoutException(FluentWait.java:264)
	at org.openqa.selenium.support.ui.FluentWait.until(FluentWait.java:232)
	at Driver.DriverHelper.getwebelement(DriverHelper.java:342)
	at ScriptHelper.NewOrderOnnetHelper.enterMandatoryDetailsInMiddleApplet(NewOrderOnnetHelper.java:2504)
	at Testscript.NewOrders.InflightMod(NewOrders.java:557)
	at java.util.concurrent.FutureTask.run(Unknown Source)
	at java.util.concurrent.Executors$RunnableAdapter.call(Unknown Source)
	at java.util.concurrent.FutureTask.run(Unknown Source)
	at java.util.concurrent.ThreadPoolExecutor.runWorker(Unknown Source)
	at java.util.concurrent.ThreadPoolExecutor$Worker.run(Unknown Source)
	at java.lang.Thread.run(Unknown Source)
Caused by: org.openqa.selenium.NoSuchElementException: no such element: Unable to locate element: {&quot;method&quot;:&quot;xpath&quot;,&quot;selector&quot;:&quot;//li[text()=&apos;Austria&apos;]&quot;}
  (Session info: chrome=77.0.3865.120)
  (Driver info: chromedriver=2.40.565498 (ea082db3280dd6843ebfb08a625e3eb905c4f5ab),platform=Windows NT 6.1.7601 SP1 x86_64) (WARNING: The server did not provide any stacktrace information)
Command duration or timeout: 32 milliseconds
For documentation on this error, please visit: http://seleniumhq.org/exceptions/no_such_element.html
Build info: version: &apos;3.4.0&apos;, revision: &apos;unknown&apos;, time: &apos;unknown&apos;
System info: host: &apos;ULVMCTMTTL103&apos;, ip: &apos;10.44.33.64&apos;, os.name: &apos;Windows Server 2008 R2&apos;, os.arch: &apos;amd64&apos;, os.version: &apos;6.1&apos;, java.version: &apos;1.8.0_191&apos;
Driver info: org.openqa.selenium.chrome.ChromeDriver
Capabilities [{applicationCacheEnabled=false, rotatable=false, mobileEmulationEnabled=false, networkConnectionEnabled=false, chrome={chromedriverVersion=2.40.565498 (ea082db3280dd6843ebfb08a625e3eb905c4f5ab), userDataDir=C:\Users\ASHARM~2\AppData\Local\Temp\6\scoped_dir4856_23969}, takesHeapSnapshot=true, pageLoadStrategy=none, databaseEnabled=false, handlesAlerts=true, hasTouchScreen=false, version=77.0.3865.120, platform=XP, browserConnectionEnabled=false, nativeEvents=true, acceptSslCerts=false, acceptInsecureCerts=false, locationContextEnabled=true, webStorageEnabled=true, browserName=chrome, takesScreenshot=true, javascriptEnabled=true, cssSelectorsEnabled=true, setWindowRect=true, unexpectedAlertBehaviour=}]
Session ID: 908ef5a18d3159e0f6312022efb344cd
*** Element info: {Using=xpath, value=//li[text()=&apos;Austria&apos;]}
	at org.openqa.selenium.remote.ErrorHandler.createThrowable(ErrorHandler.java:215)
	at org.openqa.selenium.remote.ErrorHandler.throwIfResponseFailed(ErrorHandler.java:167)
	at org.openqa.selenium.remote.RemoteWebDriver.execute(RemoteWebDriver.java:671)
	at org.openqa.selenium.remote.RemoteWebDriver.findElement(RemoteWebDriver.java:410)
	at org.openqa.selenium.remote.RemoteWebDriver.findElementByXPath(RemoteWebDriver.java:509)
	at org.openqa.selenium.By$ByXPath.findElement(By.java:361)
	at org.openqa.selenium.remote.RemoteWebDriver.findElement(RemoteWebDriver.java:402)
	at Driver.DriverHelper$3.apply(DriverHelper.java:344)
	at Driver.DriverHelper$3.apply(DriverHelper.java:1)
	at org.openqa.selenium.support.ui.FluentWait.until(FluentWait.java:209)
	... 18 more
... Removed 12 stack frames
</div> <!-- stack-trace -->
                </div> <!-- method-content -->
              </div> <!-- method -->
              <div class="method">
                <div class="method-content">
                  <a name="InflightMod([4159381, 987654, 25/09/2019, Retail, 10031, Telemaco, Chambial, Direct, IP Access, New, 1-100008064...)">
                  </a> <!-- InflightMod([4159381, 987654, 25/09/2019, Retail, 10031, Telemaco, Chambial, Direct, IP Access, New, 1-100008064...) -->
                  <span class="method-name">InflightMod</span>
                  <span class="parameters">([4159381, 987654, 25/09/2019, Retail, 10031, Telemaco, Chambial, Direct, IP Access, New, 1-1000080649, No, No, Active, Chambial, Telemaco, Colt, Colt Primary & Secondary, 25/09/2019, 25/09/2019, 25/09/2019, 12, Yes, 1, 1, 151808ES, 151808ES, , , , , , , , , , 1234, Managed Router, Legacy, No Resilience, 1 Mbps, Managed Router, Colt Fibre, Ethernet over MSP, , Existing Building, Existing, 112, Existing Colt Cabinet, 45, 23, 10, 12, 1000BASE-LX, LC, SingleMode 1310nm, Business Hours, , Ireland, NA, IE_D03-DA06_EAST WALL ROAD_UNIT 15-16_1_NODE, Buckingham Avenue Slough, United Kingdom, Greater London, SL1 4AX, 1, IPv4 format only, Provider Aggregated IP (PA), /29 (8), COLT, A0147177, 16/08/2019, 16/08/2019, 16/08/2019, , 151808ES, 151808ES, 12, No, 2 Chun Yat Street, Tseung Kwan O, Hong Kong, Hong Kong, 0, NA, Business Hours, Existing Colt Cabinet, 43, Physical Port, LC/PC, , , NETCOLOGNE GMBH(DE), 2 Chun Yat Street, Tseung Kwan O, Hong Kong, Hong Kong, 0, NA, HKHON-0000112097, HKG0000112097/002, Existing Building, Existing, Business Hours, Existing Colt Cabinet, 43, Physical Port, LC/PC, , , Ethernet over NGN, Ethernet over NGN, , , , , , , , , , , , , , , , , , , , , , , , , , , , , , , , , , , , , , , , , , , , , , , , , , , , , , , , , , , , , , , , , , , , , , , , , , , , , , null, IP Access, Yes])</span>
                  <div class="stack-trace">org.openqa.selenium.WebDriverException: unknown error: cannot focus element
  (Session info: chrome=77.0.3865.120)
  (Driver info: chromedriver=2.40.565498 (ea082db3280dd6843ebfb08a625e3eb905c4f5ab),platform=Windows NT 6.1.7601 SP1 x86_64) (WARNING: The server did not provide any stacktrace information)
Command duration or timeout: 51 milliseconds
Build info: version: &apos;3.4.0&apos;, revision: &apos;unknown&apos;, time: &apos;unknown&apos;
System info: host: &apos;ULVMCTMTTL103&apos;, ip: &apos;10.44.33.64&apos;, os.name: &apos;Windows Server 2008 R2&apos;, os.arch: &apos;amd64&apos;, os.version: &apos;6.1&apos;, java.version: &apos;1.8.0_191&apos;
Driver info: org.openqa.selenium.chrome.ChromeDriver
Capabilities [{applicationCacheEnabled=false, rotatable=false, mobileEmulationEnabled=false, networkConnectionEnabled=false, chrome={chromedriverVersion=2.40.565498 (ea082db3280dd6843ebfb08a625e3eb905c4f5ab), userDataDir=C:\Users\ASHARM~2\AppData\Local\Temp\6\scoped_dir5076_24926}, takesHeapSnapshot=true, pageLoadStrategy=none, databaseEnabled=false, handlesAlerts=true, hasTouchScreen=false, version=77.0.3865.120, platform=XP, browserConnectionEnabled=false, nativeEvents=true, acceptSslCerts=false, acceptInsecureCerts=false, locationContextEnabled=true, webStorageEnabled=true, browserName=chrome, takesScreenshot=true, javascriptEnabled=true, cssSelectorsEnabled=true, setWindowRect=true, unexpectedAlertBehaviour=}]
Session ID: 40c3223df0fd7ef350afb12c3353d00b
	at org.openqa.selenium.remote.ErrorHandler.createThrowable(ErrorHandler.java:215)
	at org.openqa.selenium.remote.ErrorHandler.throwIfResponseFailed(ErrorHandler.java:167)
	at org.openqa.selenium.remote.RemoteWebDriver.execute(RemoteWebDriver.java:671)
	at org.openqa.selenium.remote.RemoteWebElement.execute(RemoteWebElement.java:272)
	at org.openqa.selenium.remote.RemoteWebElement.sendKeys(RemoteWebElement.java:96)
	at Driver.DriverHelper.SendKeys(DriverHelper.java:645)
	at ScriptHelper.NewOrderOnnetHelper.enterMandatoryFieldsInHeader(NewOrderOnnetHelper.java:334)
	at Testscript.NewOrders.InflightMod(NewOrders.java:550)
	at java.util.concurrent.FutureTask.run(Unknown Source)
	at java.util.concurrent.Executors$RunnableAdapter.call(Unknown Source)
	at java.util.concurrent.FutureTask.run(Unknown Source)
	at java.util.concurrent.ThreadPoolExecutor.runWorker(Unknown Source)
	at java.util.concurrent.ThreadPoolExecutor$Worker.run(Unknown Source)
	at java.lang.Thread.run(Unknown Source)
... Removed 11 stack frames
</div> <!-- stack-trace -->
                </div> <!-- method-content -->
              </div> <!-- method -->
              <div class="method">
                <div class="method-content">
                  <a name="InflightMod([4159381, 987654, 20/09/2019, Retail, 10031, Telemaco, Chambial, Direct, Private Wave Service, New, ...)">
                  </a> <!-- InflightMod([4159381, 987654, 20/09/2019, Retail, 10031, Telemaco, Chambial, Direct, Private Wave Service, New, ...) -->
                  <span class="method-name">InflightMod</span>
                  <span class="parameters">([4159381, 987654, 20/09/2019, Retail, 10031, Telemaco, Chambial, Direct, Private Wave Service, New, 1-1000080649, No, No, Active, Chambial, Telemaco, Colt, Colt, 19/09/2019, 19/09/2019, 19/09/2019, 12, Yes, 1, 2, 151808ES, 151808ES, Primary, Layer 1, Y, OCN, ROE32, 100 Mbps, NA, NA, , , , Legacy, , , , , , N/A, NA, NA, NA, , , 24, 45, , , RJ45, SingleMode 1310nm, , , , , , , , , , , 1211, 1133, Party Id, K0124982, , 19/09/2019, 19/09/2019, 19/09/2019, , Protected, Protected, , , , , , , , , , Schmidtstrasse, Germany, Frankfurt, 60326, 12_MEZZA_NODE, , , NA, NA, Business Hours, Customer Cabinet, 43, , 10BaseT, No, 9000, RJ45, Schmidtstrasse, Germany, Frankfurt, 10115, , , , NA, NA, Business Hours, Existing Colt Cabinet, 49, 4453, 10BaseT, NA, , , , EPN-875076675, , , , , , , , , , , , , , , , , , , , , , , , , , , NA, NA, N/A, No, None, No, No, None, No, , , , , , , , , , , , , , , , , , , , , , , , , Unprotected, Unprotected, Point to Point Single Node, 3 Mbps, 100 Gbps Ethernet, , null, Private Wave Service, Yes])</span>
                  <div class="stack-trace">org.openqa.selenium.TimeoutException: Expected condition failed: waiting for element to be clickable: By.xpath: //div[contains(@style,&apos;block&apos;)]//span[text()=&apos;Service Bandwidth&apos;]/following-sibling::span (tried for 180 second(s) with 20 SECONDS interval)
	at org.openqa.selenium.support.ui.FluentWait.timeoutException(FluentWait.java:264)
	at org.openqa.selenium.support.ui.FluentWait.until(FluentWait.java:232)
	at Driver.DriverHelper.WaitforElementtobeclickable(DriverHelper.java:166)
	at ScriptHelper.NewOrderOnnetHelper.privateWaveServiceEntry(NewOrderOnnetHelper.java:8040)
	at ScriptHelper.NewOrderOnnetHelper.enterMandatoryDetailsInMiddleApplet(NewOrderOnnetHelper.java:1608)
	at Testscript.NewOrders.InflightMod(NewOrders.java:557)
	at java.util.concurrent.FutureTask.run(Unknown Source)
	at java.util.concurrent.Executors$RunnableAdapter.call(Unknown Source)
	at java.util.concurrent.FutureTask.run(Unknown Source)
	at java.util.concurrent.ThreadPoolExecutor.runWorker(Unknown Source)
	at java.util.concurrent.ThreadPoolExecutor$Worker.run(Unknown Source)
	at java.lang.Thread.run(Unknown Source)
Caused by: org.openqa.selenium.NoSuchElementException: Cannot locate an element using By.xpath: //div[contains(@style,&apos;block&apos;)]//span[text()=&apos;Service Bandwidth&apos;]/following-sibling::span
For documentation on this error, please visit: http://seleniumhq.org/exceptions/no_such_element.html
Build info: version: &apos;3.4.0&apos;, revision: &apos;unknown&apos;, time: &apos;unknown&apos;
System info: host: &apos;ULVMCTMTTL103&apos;, ip: &apos;10.44.33.64&apos;, os.name: &apos;Windows Server 2008 R2&apos;, os.arch: &apos;amd64&apos;, os.version: &apos;6.1&apos;, java.version: &apos;1.8.0_191&apos;
Driver info: driver.version: unknown
	at org.openqa.selenium.support.ui.ExpectedConditions.lambda$findElement$0(ExpectedConditions.java:883)
	at java.util.Optional.orElseThrow(Unknown Source)
	at org.openqa.selenium.support.ui.ExpectedConditions.findElement(ExpectedConditions.java:882)
	at org.openqa.selenium.support.ui.ExpectedConditions.access$000(ExpectedConditions.java:44)
	at org.openqa.selenium.support.ui.ExpectedConditions$7.apply(ExpectedConditions.java:206)
	at org.openqa.selenium.support.ui.ExpectedConditions$7.apply(ExpectedConditions.java:202)
	at org.openqa.selenium.support.ui.ExpectedConditions$22.apply(ExpectedConditions.java:644)
	at org.openqa.selenium.support.ui.ExpectedConditions$22.apply(ExpectedConditions.java:641)
	at org.openqa.selenium.support.ui.FluentWait.until(FluentWait.java:209)
	... 19 more
... Removed 9 stack frames
</div> <!-- stack-trace -->
                </div> <!-- method-content -->
              </div> <!-- method -->
            </div> <!-- main-panel-content rounded-window-bottom -->
          </div> <!-- suite-Spark_End_to_End_Order-class-failed -->
          <div class="suite-Spark_End_to_End_Order-class-passed">
            <div class="main-panel-header rounded-window-top">
              <img src="passed.png"/>
              <span class="class-name">Testscript.NewOrders</span>
            </div> <!-- main-panel-header rounded-window-top -->
            <div class="main-panel-content rounded-window-bottom">
              <div class="method">
                <div class="method-content">
                  <a name="InflightMod([4159381, 987654, 24/09/2019, Retail, 10031, Telemaco, Chambial, Direct, SIP Trunking, New, 1-100008...)">
                  </a> <!-- InflightMod([4159381, 987654, 24/09/2019, Retail, 10031, Telemaco, Chambial, Direct, SIP Trunking, New, 1-100008...) -->
                  <span class="method-name">InflightMod</span>
                  <span class="parameters">([4159381, 987654, 24/09/2019, Retail, 10031, Telemaco, Chambial, Direct, SIP Trunking, New, 1-1000080649, No, No, Active, Chambial, Telemaco, Colt, Colt, 24/09/2019, 24/09/2019, 24/09/2019, 12, Yes, 1, 1, 151808ES, 151808ES, , , , , , , , , , , , , , , , , , , , , , , , , , , , , , , , , , , Parker, United Kingdom, London, , , , , , , , 24/09/2019, 24/09/2019, 24/09/2019, SIP Trunking, , , , United Kingdom, , , , , , , , , , , , , , , , , , , , , , , , , , , , , , , , , , , , , , , , , , , , , , , , , , , , , , United Kingdom, London, 1, Trunk1, Colt Access, Look selection, , 1, 10.7.235.1/29, 10.7.235.1/29, 10.7.235.1/29, 10.7.235.1/29, TCP, SIP, DropdownSelect, 12, TrunkAlias1, DropDownSelect, Colt, N, 10.7.235.32/27, 10.7.235.32/27, 12, 1, 1, 1, 10.7.235.32/27, 10.7.235.32/27, 4, No, 1, 1, 1, 1, Individual Trunk CAC, 1, 1, 1, 1, 123, New Colt Numbers, 12345, 12, 111, 113, 43505, N, , , , , , , , , null, SIP Trunking, Yes])</span>
                </div> <!-- method-content -->
              </div> <!-- method -->
              <div class="method">
                <div class="method-content">
                  <a name="InflightMod([4159381, 987654, 20/09/2019, Retail, 10031, Telemaco, Chambial, Direct, Private Wave Node, New, 1-1...)">
                  </a> <!-- InflightMod([4159381, 987654, 20/09/2019, Retail, 10031, Telemaco, Chambial, Direct, Private Wave Node, New, 1-1...) -->
                  <span class="method-name">InflightMod</span>
                  <span class="parameters">([4159381, 987654, 20/09/2019, Retail, 10031, Telemaco, Chambial, Direct, Private Wave Node, New, 1-1000080649, No, No, Active, Chambial, Telemaco, Colt, Colt, 19/09/2019, 19/09/2019, 19/09/2019, 12, Yes, 1, 2, 151808ES, 151808ES, Primary, Layer 1, Y, OCN, ROE32, 100 Mbps, NA, NA, , , , Legacy, , , , , , N/A, NA, NA, NA, , , 24, 45, , , RJ45, SingleMode 1310nm, , , , , , , , , , , 1211, 1133, Party Id, K0124982, , 19/09/2019, 19/09/2019, 19/09/2019, , Protected, Protected, , , , , , , , , , Schmidtstrasse, Germany, Frankfurt, 60326, 12_MEZZA_NODE, , , NA, NA, Business Hours, Customer Cabinet, 43, , 10BaseT, No, 9000, RJ45, Schmidtstrasse, Germany, Berlin, 10115, , , , NA, NA, Business Hours, Existing Colt Cabinet, 49, 4453, 10BaseT, NA, , , , DFR-210774541, , , , , , , , , , , , , , , , , , , , , , , , , , , NA, NA, N/A, No, None, No, No, None, No, , , , , , , , , , , , , , , , , , , , , , , , , , , , , , , null, Private Wave Node, Yes])</span>
                </div> <!-- method-content -->
              </div> <!-- method -->
              <div class="method">
                <div class="method-content">
                  <a name="InflightMod([4159381, 987654, 26/12/2018, Retail, 10031, Telemaco, Chambial, Direct, Ethernet Access, New, 1-100...)">
                  </a> <!-- InflightMod([4159381, 987654, 26/12/2018, Retail, 10031, Telemaco, Chambial, Direct, Ethernet Access, New, 1-100...) -->
                  <span class="method-name">InflightMod</span>
                  <span class="parameters">([4159381, 987654, 26/12/2018, Retail, 10031, Telemaco, Chambial, Direct, Ethernet Access, New, 1-1000080649, No, No, Active, Chambial, Telemaco, Colt, Colt, 43505, 43505, 43505, 12, Yes, 1, 2, 151808ES, 151808ES, Primary, Layer 1, Y, OCN, ROE32, 100 Mbps, NA, NA, , 1234, Managed Router, Legacy, No Resilience, 1 Mbps, Managed Router, Colt Fibre, Ethernet, N/A, Existing Building, Existing, NA, Existing Colt Cabinet, 45, 24, 12, , 1000BaseLX, RJ45, SingleMode 1310nm, Business Hours, Type 1, , , , , , , , , NA, NA, Party Id, K0124982, , ########, ########, ########, , Protected, Protected, NA, N/A, NA, N/A, No, No, Ethernet over Fibre, Colt Fibre, Existing Building, Schmidtstrasse, Germany, Frankfurt, 60326, 12_MEZZA_NODE, , Customer, NA, NA, Business Hours, Customer Cabinet, NA, , 10BaseT, NA, 9000, RJ45, Schmidtstrasse, Germany, Berlin, 10115, , , , NA, NA, Business Hours, Existing Colt Cabinet, NA, 4453, 10BaseT, NA, , , , MultiMode 850nm, , Ethernet over Fibre, , Existing Building, N/A, NA, NA, Customer Cabinet, , , , , , , , , , , , , , , , , , , NA, NA, N/A, No, None, No, No, None, No, , , , , , , , , , , , , , , , , , , , , , , , , Unprotected, Unprotected, Point to Point Single Node, 3 Mbps, , IP VPN, null, Ethernet Access, Yes])</span>
                </div> <!-- method-content -->
              </div> <!-- method -->
            </div> <!-- main-panel-content rounded-window-bottom -->
          </div> <!-- suite-Spark_End_to_End_Order-class-passed -->
        </div> <!-- panel Spark_End_to_End_Order -->
        <div panel-name="test-xml-Spark_End_to_End_Order" class="panel">
          <div class="main-panel-header rounded-window-top">
            <span class="header-content">C:\Users\ASharma20-adm\git\SparkAutomation\SparkAutomation\Suite\NewOrderOnnet.xml</span>
          </div> <!-- main-panel-header rounded-window-top -->
          <div class="main-panel-content rounded-window-bottom">
            <pre>
&lt;?xml version=&quot;1.0&quot; encoding=&quot;UTF-8&quot;?&gt;
&lt;!DOCTYPE suite SYSTEM &quot;http://testng.org/testng-1.0.dtd&quot;&gt;
&lt;suite thread-count=&quot;1&quot; name=&quot;Spark End to End Order&quot; data-provider-thread-count=&quot;1&quot;&gt;
  &lt;listeners&gt;
    &lt;listener class-name=&quot;Listners.TestListener&quot;/&gt;
  &lt;/listeners&gt;
  &lt;test name=&quot;Siebel InFlight &quot;&gt;
    &lt;classes&gt;
      &lt;class name=&quot;Testscript.NewOrders&quot;&gt;
        &lt;methods&gt;
          &lt;include name=&quot;InflightMod&quot;/&gt;
        &lt;/methods&gt;
      &lt;/class&gt; &lt;!-- Testscript.NewOrders --&gt;
    &lt;/classes&gt;
  &lt;/test&gt; &lt;!-- Siebel InFlight  --&gt;
&lt;/suite&gt; &lt;!-- Spark End to End Order --&gt;
            </pre>
          </div> <!-- main-panel-content rounded-window-bottom -->
        </div> <!-- panel -->
        <div panel-name="testlist-Spark_End_to_End_Order" class="panel">
          <div class="main-panel-header rounded-window-top">
            <span class="header-content">Tests for Spark End to End Order</span>
          </div> <!-- main-panel-header rounded-window-top -->
          <div class="main-panel-content rounded-window-bottom">
            <ul>
              <li>
                <span class="test-name">Siebel InFlight  (1 class)</span>
              </li>
            </ul>
          </div> <!-- main-panel-content rounded-window-bottom -->
        </div> <!-- panel -->
        <div panel-name="group-Spark_End_to_End_Order" class="panel">
          <div class="main-panel-header rounded-window-top">
            <span class="header-content">Groups for Spark End to End Order</span>
          </div> <!-- main-panel-header rounded-window-top -->
          <div class="main-panel-content rounded-window-bottom">
          </div> <!-- main-panel-content rounded-window-bottom -->
        </div> <!-- panel -->
        <div panel-name="times-Spark_End_to_End_Order" class="panel">
          <div class="main-panel-header rounded-window-top">
            <span class="header-content">Times for Spark End to End Order</span>
          </div> <!-- main-panel-header rounded-window-top -->
          <div class="main-panel-content rounded-window-bottom">
            <div class="times-div">
              <script type="text/javascript">
suiteTableInitFunctions.push('tableData_Spark_End_to_End_Order');
function tableData_Spark_End_to_End_Order() {
var data = new google.visualization.DataTable();
data.addColumn('number', 'Number');
data.addColumn('string', 'Method');
data.addColumn('string', 'Class');
data.addColumn('number', 'Time (ms)');
data.addRows(22);
data.setCell(0, 0, 0)
data.setCell(0, 1, 'InflightMod')
data.setCell(0, 2, 'Testscript.NewOrders')
data.setCell(0, 3, 3799377);
data.setCell(1, 0, 1)
data.setCell(1, 1, 'InflightMod')
data.setCell(1, 2, 'Testscript.NewOrders')
data.setCell(1, 3, 1933728);
data.setCell(2, 0, 2)
data.setCell(2, 1, 'InflightMod')
data.setCell(2, 2, 'Testscript.NewOrders')
data.setCell(2, 3, 1654462);
data.setCell(3, 0, 3)
data.setCell(3, 1, 'InflightMod')
data.setCell(3, 2, 'Testscript.NewOrders')
data.setCell(3, 3, 1549878);
data.setCell(4, 0, 4)
data.setCell(4, 1, 'InflightMod')
data.setCell(4, 2, 'Testscript.NewOrders')
data.setCell(4, 3, 1542995);
data.setCell(5, 0, 5)
data.setCell(5, 1, 'InflightMod')
data.setCell(5, 2, 'Testscript.NewOrders')
data.setCell(5, 3, 1450343);
data.setCell(6, 0, 6)
data.setCell(6, 1, 'InflightMod')
data.setCell(6, 2, 'Testscript.NewOrders')
data.setCell(6, 3, 1332162);
data.setCell(7, 0, 7)
data.setCell(7, 1, 'InflightMod')
data.setCell(7, 2, 'Testscript.NewOrders')
data.setCell(7, 3, 1144886);
data.setCell(8, 0, 8)
data.setCell(8, 1, 'InflightMod')
data.setCell(8, 2, 'Testscript.NewOrders')
data.setCell(8, 3, 999822);
data.setCell(9, 0, 9)
data.setCell(9, 1, 'InflightMod')
data.setCell(9, 2, 'Testscript.NewOrders')
data.setCell(9, 3, 866740);
data.setCell(10, 0, 10)
data.setCell(10, 1, 'InflightMod')
data.setCell(10, 2, 'Testscript.NewOrders')
data.setCell(10, 3, 841714);
data.setCell(11, 0, 11)
data.setCell(11, 1, 'InflightMod')
data.setCell(11, 2, 'Testscript.NewOrders')
data.setCell(11, 3, 746501);
data.setCell(12, 0, 12)
data.setCell(12, 1, 'InflightMod')
data.setCell(12, 2, 'Testscript.NewOrders')
data.setCell(12, 3, 735201);
data.setCell(13, 0, 13)
data.setCell(13, 1, 'InflightMod')
data.setCell(13, 2, 'Testscript.NewOrders')
data.setCell(13, 3, 682869);
data.setCell(14, 0, 14)
data.setCell(14, 1, 'InflightMod')
data.setCell(14, 2, 'Testscript.NewOrders')
data.setCell(14, 3, 682046);
data.setCell(15, 0, 15)
data.setCell(15, 1, 'InflightMod')
data.setCell(15, 2, 'Testscript.NewOrders')
data.setCell(15, 3, 674512);
data.setCell(16, 0, 16)
data.setCell(16, 1, 'InflightMod')
data.setCell(16, 2, 'Testscript.NewOrders')
data.setCell(16, 3, 674338);
data.setCell(17, 0, 17)
data.setCell(17, 1, 'InflightMod')
data.setCell(17, 2, 'Testscript.NewOrders')
data.setCell(17, 3, 658464);
data.setCell(18, 0, 18)
data.setCell(18, 1, 'InflightMod')
data.setCell(18, 2, 'Testscript.NewOrders')
data.setCell(18, 3, 658250);
data.setCell(19, 0, 19)
data.setCell(19, 1, 'InflightMod')
data.setCell(19, 2, 'Testscript.NewOrders')
data.setCell(19, 3, 656384);
data.setCell(20, 0, 20)
data.setCell(20, 1, 'InflightMod')
data.setCell(20, 2, 'Testscript.NewOrders')
data.setCell(20, 3, 510621);
data.setCell(21, 0, 21)
data.setCell(21, 1, 'InflightMod')
data.setCell(21, 2, 'Testscript.NewOrders')
data.setCell(21, 3, 390294);
window.suiteTableData['Spark_End_to_End_Order']= { tableData: data, tableDiv: 'times-div-Spark_End_to_End_Order'}
return data;
}
              </script>
              <span class="suite-total-time">Total running time: 6 hours</span>
              <div id="times-div-Spark_End_to_End_Order">
              </div> <!-- times-div-Spark_End_to_End_Order -->
            </div> <!-- times-div -->
          </div> <!-- main-panel-content rounded-window-bottom -->
        </div> <!-- panel -->
        <div panel-name="reporter-Spark_End_to_End_Order" class="panel">
          <div class="main-panel-header rounded-window-top">
            <span class="header-content">Reporter output for Spark End to End Order</span>
          </div> <!-- main-panel-header rounded-window-top -->
          <div class="main-panel-content rounded-window-bottom">
          </div> <!-- main-panel-content rounded-window-bottom -->
        </div> <!-- panel -->
        <div panel-name="ignored-methods-Spark_End_to_End_Order" class="panel">
          <div class="main-panel-header rounded-window-top">
            <span class="header-content">7 ignored methods</span>
          </div> <!-- main-panel-header rounded-window-top -->
          <div class="main-panel-content rounded-window-bottom">
            <div class="ignored-class-div">
              <span class="ignored-class-name">Testscript.NewOrders</span>
              <div class="ignored-methods-div">
                <span class="ignored-method-name">EndtoEndOrderOnnet</span>
                <br/>
                <span class="ignored-method-name">OMPGenric</span>
                <br/>
                <span class="ignored-method-name">Cease</span>
                <br/>
                <span class="ignored-method-name">OMPMod</span>
                <br/>
                <span class="ignored-method-name">PremiseMaster</span>
                <br/>
                <span class="ignored-method-name">Mod</span>
                <br/>
                <span class="ignored-method-name">Cancel</span>
                <br/>
              </div> <!-- ignored-methods-div -->
            </div> <!-- ignored-class-div -->
          </div> <!-- main-panel-content rounded-window-bottom -->
        </div> <!-- panel -->
        <div panel-name="chronological-Spark_End_to_End_Order" class="panel">
          <div class="main-panel-header rounded-window-top">
            <span class="header-content">Methods in chronological order</span>
          </div> <!-- main-panel-header rounded-window-top -->
          <div class="main-panel-content rounded-window-bottom">
            <div class="chronological-class">
              <div class="chronological-class-name">Testscript.NewOrders</div> <!-- chronological-class-name -->
              <div class="configuration-suite before">
                <span class="method-name">BeforeSuite</span>
                <span class="method-start">0 ms</span>
              </div> <!-- configuration-suite before -->
              <div class="configuration-method before">
                <span class="method-name">BeforeMethod(public void Testscript.NewOrders.InflightMod(java.lang.Object[]) throws java.lang.Exception, org.tes...)</span>
                <span class="method-start">1313 ms</span>
              </div> <!-- configuration-method before -->
              <div class="test-method">
                <img src="failed.png">
                </img>
                <span class="method-name">InflightMod([4159381, 987654, 26/12/2019, Reseller, 10031, Telemaco, Chambial, Direct, Number Hosting, New, 1-10...)</span>
                <span class="method-start">8680 ms</span>
              </div> <!-- test-method -->
              <div class="configuration-method after">
                <span class="method-name">Teardown2</span>
                <span class="method-start">756044 ms</span>
              </div> <!-- configuration-method after -->
              <div class="configuration-method before">
                <span class="method-name">BeforeMethod(public void Testscript.NewOrders.InflightMod(java.lang.Object[]) throws java.lang.Exception, org.tes...)</span>
                <span class="method-start">758423 ms</span>
              </div> <!-- configuration-method before -->
              <div class="test-method">
                <img src="failed.png">
                </img>
                <span class="method-name">InflightMod([4159381, 987654, 26/12/2018, Retail, 10031, Telemaco, Chambial, Direct, Interconnect, New, 1-100008...)</span>
                <span class="method-start">765147 ms</span>
              </div> <!-- test-method -->
              <div class="configuration-method after">
                <span class="method-name">Teardown2</span>
                <span class="method-start">1447884 ms</span>
              </div> <!-- configuration-method after -->
              <div class="configuration-method before">
                <span class="method-name">BeforeMethod(public void Testscript.NewOrders.InflightMod(java.lang.Object[]) throws java.lang.Exception, org.tes...)</span>
                <span class="method-start">1450242 ms</span>
              </div> <!-- configuration-method before -->
              <div class="test-method">
                <img src="failed.png">
                </img>
                <span class="method-name">InflightMod([4159381, 987654, 25/09/2019, Retail, 10031, Telemaco, Chambial, Direct, Voice Line V, New, , No, No...)</span>
                <span class="method-start">1456979 ms</span>
              </div> <!-- test-method -->
              <div class="configuration-method after">
                <span class="method-name">Teardown2</span>
                <span class="method-start">2140536 ms</span>
              </div> <!-- configuration-method after -->
              <div class="configuration-method before">
                <span class="method-name">BeforeMethod(public void Testscript.NewOrders.InflightMod(java.lang.Object[]) throws java.lang.Exception, org.tes...)</span>
                <span class="method-start">2142874 ms</span>
              </div> <!-- configuration-method before -->
              <div class="test-method">
                <span class="method-name">InflightMod([4159381, 987654, 24/09/2019, Retail, 10031, Telemaco, Chambial, Direct, SIP Trunking, New, 1-100008...)</span>
                <span class="method-start">2149571 ms</span>
              </div> <!-- test-method -->
              <div class="configuration-method after">
                <span class="method-name">Teardown2</span>
                <span class="method-start">5948948 ms</span>
              </div> <!-- configuration-method after -->
              <div class="configuration-method before">
                <span class="method-name">BeforeMethod(public void Testscript.NewOrders.InflightMod(java.lang.Object[]) throws java.lang.Exception, org.tes...)</span>
                <span class="method-start">5951233 ms</span>
              </div> <!-- configuration-method before -->
              <div class="test-method">
                <img src="failed.png">
                </img>
                <span class="method-name">InflightMod([4159381, 987654, 19/09/2019, Retail, 10031, Telemaco, Chambial, Direct, Dark Fibre, New, 1-10000806...)</span>
                <span class="method-start">5957938 ms</span>
              </div> <!-- test-method -->
              <div class="configuration-method after">
                <span class="method-name">Teardown2</span>
                <span class="method-start">7103566 ms</span>
              </div> <!-- configuration-method after -->
              <div class="configuration-method before">
                <span class="method-name">BeforeMethod(public void Testscript.NewOrders.InflightMod(java.lang.Object[]) throws java.lang.Exception, org.tes...)</span>
                <span class="method-start">7105688 ms</span>
              </div> <!-- configuration-method before -->
              <div class="test-method">
                <img src="failed.png">
                </img>
                <span class="method-name">InflightMod([4159381, 987654, 26/12/2018, Retail, 10031, Telemaco, Chambial, Direct, Ethernet Line, New, 1-10000...)</span>
                <span class="method-start">7112427 ms</span>
              </div> <!-- test-method -->
              <div class="configuration-method after">
                <span class="method-name">Teardown2</span>
                <span class="method-start">8767578 ms</span>
              </div> <!-- configuration-method after -->
              <div class="configuration-method before">
                <span class="method-name">BeforeMethod(public void Testscript.NewOrders.InflightMod(java.lang.Object[]) throws java.lang.Exception, org.tes...)</span>
                <span class="method-start">8769759 ms</span>
              </div> <!-- configuration-method before -->
              <div class="test-method">
                <img src="failed.png">
                </img>
                <span class="method-name">InflightMod([4159381, 987654, 26/12/2018, Retail, 10031, Telemaco, Chambial, Direct, Wave, New, 1-1000080649, , ...)</span>
                <span class="method-start">8776473 ms</span>
              </div> <!-- test-method -->
              <div class="configuration-method after">
                <span class="method-name">Teardown2</span>
                <span class="method-start">9512375 ms</span>
              </div> <!-- configuration-method after -->
              <div class="configuration-method before">
                <span class="method-name">BeforeMethod(public void Testscript.NewOrders.InflightMod(java.lang.Object[]) throws java.lang.Exception, org.tes...)</span>
                <span class="method-start">9514741 ms</span>
              </div> <!-- configuration-method before -->
              <div class="test-method">
                <img src="failed.png">
                </img>
                <span class="method-name">InflightMod([30330, 987654, 18/09/2019, Retail, 10031, Telemaco, Chambial, Direct, Ethernet VPN Access, New, , N...)</span>
                <span class="method-start">9521472 ms</span>
              </div> <!-- test-method -->
              <div class="configuration-method after">
                <span class="method-name">Teardown2</span>
                <span class="method-start">10032801 ms</span>
              </div> <!-- configuration-method after -->
              <div class="configuration-method before">
                <span class="method-name">BeforeMethod(public void Testscript.NewOrders.InflightMod(java.lang.Object[]) throws java.lang.Exception, org.tes...)</span>
                <span class="method-start">10035148 ms</span>
              </div> <!-- configuration-method before -->
              <div class="test-method">
                <span class="method-name">InflightMod([4159381, 987654, 26/12/2018, Retail, 10031, Telemaco, Chambial, Direct, Ethernet Access, New, 1-100...)</span>
                <span class="method-start">10041828 ms</span>
              </div> <!-- test-method -->
              <div class="configuration-method after">
                <span class="method-name">Teardown2</span>
                <span class="method-start">11591706 ms</span>
              </div> <!-- configuration-method after -->
              <div class="configuration-method before">
                <span class="method-name">BeforeMethod(public void Testscript.NewOrders.InflightMod(java.lang.Object[]) throws java.lang.Exception, org.tes...)</span>
                <span class="method-start">11594026 ms</span>
              </div> <!-- configuration-method before -->
              <div class="test-method">
                <img src="failed.png">
                </img>
                <span class="method-name">InflightMod([4159381, 987654, 20/09/2019, Retail, 10031, Telemaco, Chambial, Direct, Ethernet Spoke, New, 1-1000...)</span>
                <span class="method-start">11600650 ms</span>
              </div> <!-- test-method -->
              <div class="configuration-method after">
                <span class="method-name">Teardown2</span>
                <span class="method-start">12443058 ms</span>
              </div> <!-- configuration-method after -->
              <div class="configuration-method before">
                <span class="method-name">BeforeMethod(public void Testscript.NewOrders.InflightMod(java.lang.Object[]) throws java.lang.Exception, org.tes...)</span>
                <span class="method-start">12445446 ms</span>
              </div> <!-- configuration-method before -->
              <div class="test-method">
                <img src="failed.png">
                </img>
                <span class="method-name">InflightMod([4159381, 987654, 20/09/2019, Retail, 10031, Telemaco, Chambial, Direct, Ethernet Hub, New, 1-100008...)</span>
                <span class="method-start">12452081 ms</span>
              </div> <!-- test-method -->
              <div class="configuration-method after">
                <span class="method-name">Teardown2</span>
                <span class="method-start">13452619 ms</span>
              </div> <!-- configuration-method after -->
              <div class="configuration-method before">
                <span class="method-name">BeforeMethod(public void Testscript.NewOrders.InflightMod(java.lang.Object[]) throws java.lang.Exception, org.tes...)</span>
                <span class="method-start">13455006 ms</span>
              </div> <!-- configuration-method before -->
              <div class="test-method">
                <img src="failed.png">
                </img>
                <span class="method-name">InflightMod([4159381, 987654, 20/09/2019, Retail, 10031, Telemaco, Chambial, Direct, Ultra Low Latency, New, 1-1...)</span>
                <span class="method-start">13461755 ms</span>
              </div> <!-- test-method -->
              <div class="configuration-method after">
                <span class="method-name">Teardown2</span>
                <span class="method-start">14329233 ms</span>
              </div> <!-- configuration-method after -->
              <div class="configuration-method before">
                <span class="method-name">BeforeMethod(public void Testscript.NewOrders.InflightMod(java.lang.Object[]) throws java.lang.Exception, org.tes...)</span>
                <span class="method-start">14331621 ms</span>
              </div> <!-- configuration-method before -->
              <div class="test-method">
                <img src="failed.png">
                </img>
                <span class="method-name">InflightMod([4159381, 987654, 20/09/2019, Retail, 10031, Telemaco, Chambial, Direct, Private Ethernet, New, 1-10...)</span>
                <span class="method-start">14338257 ms</span>
              </div> <!-- test-method -->
              <div class="configuration-method after">
                <span class="method-name">Teardown2</span>
                <span class="method-start">16272724 ms</span>
              </div> <!-- configuration-method after -->
              <div class="configuration-method before">
                <span class="method-name">BeforeMethod(public void Testscript.NewOrders.InflightMod(java.lang.Object[]) throws java.lang.Exception, org.tes...)</span>
                <span class="method-start">16274805 ms</span>
              </div> <!-- configuration-method before -->
              <div class="test-method">
                <img src="failed.png">
                </img>
                <span class="method-name">InflightMod([4159381, 987654, 20/09/2019, Retail, 10031, Telemaco, Chambial, Direct, DCA Ethernet, New, 1-100008...)</span>
                <span class="method-start">16286082 ms</span>
              </div> <!-- test-method -->
              <div class="configuration-method after">
                <span class="method-name">Teardown2</span>
                <span class="method-start">16961330 ms</span>
              </div> <!-- configuration-method after -->
              <div class="configuration-method before">
                <span class="method-name">BeforeMethod(public void Testscript.NewOrders.InflightMod(java.lang.Object[]) throws java.lang.Exception, org.tes...)</span>
                <span class="method-start">16963688 ms</span>
              </div> <!-- configuration-method before -->
              <div class="test-method">
                <img src="failed.png">
                </img>
                <span class="method-name">InflightMod([4159381, 987654, 20/09/2019, Retail, 10031, Telemaco, Chambial, Direct, Private Wave Service, New, ...)</span>
                <span class="method-start">16970351 ms</span>
              </div> <!-- test-method -->
              <div class="configuration-method after">
                <span class="method-name">Teardown2</span>
                <span class="method-start">17629336 ms</span>
              </div> <!-- configuration-method after -->
              <div class="configuration-method before">
                <span class="method-name">BeforeMethod(public void Testscript.NewOrders.InflightMod(java.lang.Object[]) throws java.lang.Exception, org.tes...)</span>
                <span class="method-start">17631670 ms</span>
              </div> <!-- configuration-method before -->
              <div class="test-method">
                <span class="method-name">InflightMod([4159381, 987654, 20/09/2019, Retail, 10031, Telemaco, Chambial, Direct, Private Wave Node, New, 1-1...)</span>
                <span class="method-start">17638303 ms</span>
              </div> <!-- test-method -->
              <div class="configuration-method after">
                <span class="method-name">Teardown2</span>
                <span class="method-start">19181299 ms</span>
              </div> <!-- configuration-method after -->
              <div class="configuration-method before">
                <span class="method-name">BeforeMethod(public void Testscript.NewOrders.InflightMod(java.lang.Object[]) throws java.lang.Exception, org.tes...)</span>
                <span class="method-start">19183748 ms</span>
              </div> <!-- configuration-method before -->
              <div class="test-method">
                <img src="failed.png">
                </img>
                <span class="method-name">InflightMod([4159381, 987654, 26/12/2018, Retail, 10031, Telemaco, Chambial, Direct, IP VPN Service, New, 1-1000...)</span>
                <span class="method-start">19190407 ms</span>
              </div> <!-- test-method -->
              <div class="configuration-method after">
                <span class="method-name">Teardown2</span>
                <span class="method-start">19865488 ms</span>
              </div> <!-- configuration-method after -->
              <div class="configuration-method before">
                <span class="method-name">BeforeMethod(public void Testscript.NewOrders.InflightMod(java.lang.Object[]) throws java.lang.Exception, org.tes...)</span>
                <span class="method-start">19867592 ms</span>
              </div> <!-- configuration-method before -->
              <div class="test-method">
                <img src="failed.png">
                </img>
                <span class="method-name">InflightMod([4159381, 987654, 26/12/2018, Retail, 10031, Telemaco, Chambial, Direct, IP VPN Service, New, 1-1000...)</span>
                <span class="method-start">19874289 ms</span>
              </div> <!-- test-method -->
              <div class="configuration-method after">
                <span class="method-name">Teardown2</span>
                <span class="method-start">21207206 ms</span>
              </div> <!-- configuration-method after -->
              <div class="configuration-method before">
                <span class="method-name">BeforeMethod(public void Testscript.NewOrders.InflightMod(java.lang.Object[]) throws java.lang.Exception, org.tes...)</span>
                <span class="method-start">21207273 ms</span>
              </div> <!-- configuration-method before -->
              <div class="test-method">
                <img src="failed.png">
                </img>
                <span class="method-name">InflightMod([4159381, 987654, 26/12/2018, Retail, 10031, Telemaco, Chambial, Direct, IP VPN Service, New, 1-1000...)</span>
                <span class="method-start">21213979 ms</span>
              </div> <!-- test-method -->
              <div class="configuration-method after">
                <span class="method-name">Teardown2</span>
                <span class="method-start">22665078 ms</span>
              </div> <!-- configuration-method after -->
              <div class="configuration-method before">
                <span class="method-name">BeforeMethod(public void Testscript.NewOrders.InflightMod(java.lang.Object[]) throws java.lang.Exception, org.tes...)</span>
                <span class="method-start">22667451 ms</span>
              </div> <!-- configuration-method before -->
              <div class="test-method">
                <img src="failed.png">
                </img>
                <span class="method-name">InflightMod([4159381, 987654, 26/12/2018, Retail, 10031, Telemaco, Chambial, Direct, IP VPN Service, New, 1-1000...)</span>
                <span class="method-start">22674167 ms</span>
              </div> <!-- test-method -->
              <div class="configuration-method after">
                <span class="method-name">Teardown2</span>
                <span class="method-start">23333385 ms</span>
              </div> <!-- configuration-method after -->
              <div class="configuration-method before">
                <span class="method-name">BeforeMethod(public void Testscript.NewOrders.InflightMod(java.lang.Object[]) throws java.lang.Exception, org.tes...)</span>
                <span class="method-start">23335772 ms</span>
              </div> <!-- configuration-method before -->
              <div class="test-method">
                <img src="failed.png">
                </img>
                <span class="method-name">InflightMod([4159381, 987654, 26/12/2018, Retail, 10031, Telemaco, Chambial, Direct, IP VPN Service, New, 1-1000...)</span>
                <span class="method-start">23342501 ms</span>
              </div> <!-- test-method -->
              <div class="configuration-method after">
                <span class="method-name">Teardown2</span>
                <span class="method-start">23999639 ms</span>
              </div> <!-- configuration-method after -->
              <div class="configuration-method before">
                <span class="method-name">BeforeMethod(public void Testscript.NewOrders.InflightMod(java.lang.Object[]) throws java.lang.Exception, org.tes...)</span>
                <span class="method-start">24001997 ms</span>
              </div> <!-- configuration-method before -->
              <div class="test-method">
                <img src="failed.png">
                </img>
                <span class="method-name">InflightMod([4159381, 987654, 25/09/2019, Retail, 10031, Telemaco, Chambial, Direct, IP Access, New, 1-100008064...)</span>
                <span class="method-start">24008706 ms</span>
              </div> <!-- test-method -->
              <div class="configuration-method after">
                <span class="method-name">Teardown2</span>
                <span class="method-start">24399759 ms</span>
              </div> <!-- configuration-method after -->
          </div> <!-- main-panel-content rounded-window-bottom -->
        </div> <!-- panel -->
      </div> <!-- main-panel-root -->
    </div> <!-- wrapper -->
  </body>
</html>
